------Start of DE processing------ = [6/10/25 11:41:08:163 CEST]
Exception = java.lang.NoClassDefFoundError
Source = com.ibm.ws.app.manager.module.internal.SimpleDeployedAppInfoBase
probeid = 665
Stack Dump = java.lang.NoClassDefFoundError: com/ibm/ws/app/manager/module/internal/SimpleDeployedAppInfoBase$2
	at com.ibm.ws.app.manager.module.internal.SimpleDeployedAppInfoBase.uninstallApp(SimpleDeployedAppInfoBase.java:658)
	at com.ibm.ws.app.manager.ear.internal.EARApplicationHandlerImpl.uninstall(EARApplicationHandlerImpl.java:100)
	at com.ibm.ws.app.manager.internal.statemachine.StopAction.execute(StopAction.java:85)
	at com.ibm.ws.app.manager.internal.statemachine.ApplicationStateMachineImpl.enterState(ApplicationStateMachineImpl.java:1394)
	at com.ibm.ws.app.manager.internal.statemachine.ApplicationStateMachineImpl.performAction(ApplicationStateMachineImpl.java:1233)
	at com.ibm.ws.app.manager.internal.statemachine.ApplicationStateMachineImpl.run(ApplicationStateMachineImpl.java:920)
	at java.util.concurrent.ThreadPoolExecutor.runWorker(ThreadPoolExecutor.java:1149)
	at java.util.concurrent.ThreadPoolExecutor$Worker.run(ThreadPoolExecutor.java:624)
	at java.lang.Thread.run(Thread.java:750)
Caused by: java.lang.ClassNotFoundException: com.ibm.ws.app.manager.module.internal.SimpleDeployedAppInfoBase$2 cannot be found by com.ibm.ws.app.manager.module_1.0.81.cl230920230904-1158
	at org.eclipse.osgi.internal.loader.BundleLoader.generateException(BundleLoader.java:541)
	at org.eclipse.osgi.internal.loader.BundleLoader.findClass0(BundleLoader.java:536)
	at org.eclipse.osgi.internal.loader.BundleLoader.findClass(BundleLoader.java:416)
	at org.eclipse.osgi.internal.loader.ModuleClassLoader.loadClass(ModuleClassLoader.java:168)
	at java.lang.ClassLoader.loadClass(ClassLoader.java:351)
	... 9 more

Dump of callerThis
Object type = com.ibm.ws.app.manager.ear.internal.EARDeployedAppInfo
  Failed to resolve fields for com.ibm.ws.app.manager.ear.internal.EARDeployedAppInfo = "java.lang.NoClassDefFoundError: Lcom/ibm/ws/app/manager/ear/internal/EARDeployedAppInfo$AppLibsInfo;
	at java.lang.Class.getDeclaredFields0(Native Method)
	at java.lang.Class.privateGetDeclaredFields(Class.java:2583)
	at java.lang.Class.getDeclaredFields(Class.java:1916)
	at com.ibm.ws.logging.internal.impl.IntrospectionLevelMember$2.run(IntrospectionLevelMember.java:317)
	at com.ibm.ws.logging.internal.impl.IntrospectionLevelMember$2.run(IntrospectionLevelMember.java:313)
	at java.security.AccessController.doPrivileged(Native Method)
	at com.ibm.ws.logging.internal.impl.IntrospectionLevelMember.getFields(IntrospectionLevelMember.java:313)
	at com.ibm.ws.logging.internal.impl.IntrospectionLevelMember.introspectViaReflection(IntrospectionLevelMember.java:202)
	at com.ibm.ws.logging.internal.impl.IntrospectionLevelMember.getChildren(IntrospectionLevelMember.java:166)
	at com.ibm.ws.logging.internal.impl.IntrospectionLevel.getNextLevel(IntrospectionLevel.java:102)
	at com.ibm.ws.logging.internal.impl.IncidentStreamImpl.introspect(IncidentStreamImpl.java:432)
	at com.ibm.ws.logging.internal.impl.IncidentStreamImpl.introspectAndWrite(IncidentStreamImpl.java:131)
	at com.ibm.ws.logging.internal.impl.IncidentStreamImpl.introspectAndWriteLine(IncidentStreamImpl.java:166)
	at com.ibm.ws.logging.internal.impl.IncidentLogger.logIncident(IncidentLogger.java:100)
	at com.ibm.ws.logging.internal.impl.IncidentLogger.logIncident(IncidentLogger.java:38)
	at com.ibm.ws.logging.internal.impl.IncidentImpl.log(IncidentImpl.java:243)
	at com.ibm.ws.logging.internal.impl.BaseFFDCService.log(BaseFFDCService.java:242)
	at com.ibm.ws.logging.internal.impl.BaseFFDCService.processException(BaseFFDCService.java:219)
	at com.ibm.ws.ffdc.FFDCFilter.processException(FFDCFilter.java:96)
	at com.ibm.ws.app.manager.module.internal.SimpleDeployedAppInfoBase.uninstallApp(SimpleDeployedAppInfoBase.java:665)
	at com.ibm.ws.app.manager.ear.internal.EARApplicationHandlerImpl.uninstall(EARApplicationHandlerImpl.java:100)
	at com.ibm.ws.app.manager.internal.statemachine.StopAction.execute(StopAction.java:85)
	at com.ibm.ws.app.manager.internal.statemachine.ApplicationStateMachineImpl.enterState(ApplicationStateMachineImpl.java:1394)
	at com.ibm.ws.app.manager.internal.statemachine.ApplicationStateMachineImpl.performAction(ApplicationStateMachineImpl.java:1233)
	at com.ibm.ws.app.manager.internal.statemachine.ApplicationStateMachineImpl.run(ApplicationStateMachineImpl.java:920)
	at java.util.concurrent.ThreadPoolExecutor.runWorker(ThreadPoolExecutor.java:1149)
	at java.util.concurrent.ThreadPoolExecutor$Worker.run(ThreadPoolExecutor.java:624)
	at java.lang.Thread.run(Thread.java:750)
Caused by: java.lang.ClassNotFoundException: com.ibm.ws.app.manager.ear.internal.EARDeployedAppInfo$AppLibsInfo cannot be found by com.ibm.ws.app.manager.war_1.0.81.cl230920230904-1158
	at org.eclipse.osgi.internal.loader.BundleLoader.generateException(BundleLoader.java:541)
	at org.eclipse.osgi.internal.loader.BundleLoader.findClass0(BundleLoader.java:536)
	at org.eclipse.osgi.internal.loader.BundleLoader.findClass(BundleLoader.java:416)
	at org.eclipse.osgi.internal.loader.ModuleClassLoader.loadClass(ModuleClassLoader.java:168)
	at java.lang.ClassLoader.loadClass(ClassLoader.java:351)
	... 28 more
"
  _tc = class com.ibm.websphere.ras.TraceComponent@3627ad16
    strings[0] = "TraceComponent[com.ibm.ws.app.manager.module.internal.DeployedAppInfoBase,class com.ibm.ws.app.manager.module.internal.DeployedAppInfoBase,[app.manager],com.ibm.ws.app.manager.module.internal.resources.Messages,null]"
  PERMISSION_XML = "permissions.xml"
  applicationInformation = class com.ibm.ws.app.manager.internal.ApplicationInstallInfo@5f85b4a7
    _config = class com.ibm.ws.app.manager.internal.ApplicationConfig@3f0e8db8
      tc = class com.ibm.websphere.ras.TraceComponent@45edb080
      _configPid = "com.ibm.ws.app.manager_0"
      _config = class com.ibm.ws.config.admin.ConfigurationDictionary@2f9bc5b0
      _applicationManager = class com.ibm.ws.app.manager.ApplicationManager@5131325d
      _location = "daytrader-ee7.ear"
      _type = "ear"
      _name = "daytrader7"
      _notificationBroadcasterSupport = class javax.management.NotificationBroadcasterSupport@50f4aa45
      ONE_TIME_JANDEX_MSGS_DISPLAYED = true
      serialVersionUID = -2151423388299667431
    _handlerInfo = class java.util.concurrent.atomic.AtomicReference@4944318f
      serialVersionUID = -1848883965231344442
      unsafe = class sun.misc.Unsafe@3cfff00b
      valueOffset = 12
      value = class com.ibm.ws.app.manager.ear.internal.EARDeployedAppInfo@18aa48
    _container = class java.util.concurrent.atomic.AtomicReference@708c3d33
      serialVersionUID = -1848883965231344442
      unsafe = class sun.misc.Unsafe@3cfff00b
      valueOffset = 12
      value = class com.ibm.ws.adaptable.module.internal.InterpretedContainerImpl@35dcb4a
    _resolvedLocation = class java.util.concurrent.atomic.AtomicReference@55942d19
      serialVersionUID = -1848883965231344442
      unsafe = class sun.misc.Unsafe@3cfff00b
      valueOffset = 12
      value = class com.ibm.ws.kernel.service.location.internal.LocalFileResource@234531c0
    _handler = class com.ibm.ws.app.manager.ear.internal.EARApplicationHandlerImpl@1ebc195e
      _tc = class com.ibm.websphere.ras.TraceComponent@167d401a
      _monitor = class com.ibm.ws.threading.internal.FutureMonitorImpl@10374620
      deployedAppFactory = class com.ibm.ws.app.manager.ear.internal.EARDeployedAppInfoFactoryImpl@13e7f366
      isClient = false
      serialVersionUID = 7352189122923858117
    _ami = class java.util.concurrent.atomic.AtomicReference@769c8b4f
      serialVersionUID = -1848883965231344442
      unsafe = class sun.misc.Unsafe@3cfff00b
      valueOffset = 12
      value = class com.ibm.wsspi.application.handler.DefaultApplicationMonitoringInformation@1da83cef
    _updateHandler = class com.ibm.ws.app.manager.internal.statemachine.ApplicationStateMachineImpl@6768450a
      _tc = class com.ibm.websphere.ras.TraceComponent@6ea98e7b
      EMPTY_FUTURE_ARRAY = interface java.util.concurrent.Future[0]
      asmSequenceNumber = class java.util.concurrent.atomic.AtomicLong@410daf13
      _qscaCounter = class java.util.concurrent.atomic.AtomicInteger@d9edee0
      _failedThrowable = null
      _interruptibleLock = class com.ibm.ws.app.manager.internal.statemachine.ApplicationStateMachineImpl$2@3c43e4ed
      _interruptible = false
      _performingQueuedActions = true
      _queuedActions = class java.util.concurrent.ConcurrentLinkedQueue@1b1f214c
      _callbackState = class java.util.concurrent.atomic.AtomicReference@37c6700b
      blockAppStartingFutures = class java.util.Collections$SetFromMap@4cd4c1cd
      waitingForAppHandlerFuture = class java.util.concurrent.atomic.AtomicReference@6f932036
      waitingForExplicitStartFuture = class java.util.concurrent.atomic.AtomicReference@de479c9
      startAfterFutures = class java.util.Collections$SetFromMap@9a61656
      completionListener = class java.util.concurrent.atomic.AtomicReference@63966406
      _notifyAppStopped = class java.util.concurrent.ConcurrentLinkedQueue@15f27ad2
      _notifyAppStarting = class java.util.concurrent.ConcurrentLinkedQueue@3bf66394
      _notifyAppInstallCalled = class java.util.concurrent.ConcurrentLinkedQueue@2dbd61a
      _notifyAppStarted = class java.util.concurrent.ConcurrentLinkedQueue@523d3413
      _notifyAppRemoved = class java.util.concurrent.ConcurrentLinkedQueue@549ff06c
      _stateLock = class com.ibm.ws.app.manager.internal.statemachine.ApplicationStateMachineImpl$3@5cfdc3a8
      _internalState = class java.util.concurrent.atomic.AtomicReference@4aa52b
      _currentAction = class java.util.concurrent.atomic.AtomicReference@3b6c849d
      _rfa = class java.util.concurrent.atomic.AtomicReference@105b0f0c
      _appInstallInfo = class java.util.concurrent.atomic.AtomicReference@22096e2c
      _update = class java.util.concurrent.atomic.AtomicBoolean@77bfe4bb
      _appConfig = class java.util.concurrent.atomic.AtomicReference@28a8cebd
      _nextAppConfig = class java.util.concurrent.atomic.AtomicReference@604387cb
      _appContainer = class java.util.concurrent.atomic.AtomicReference@9d2ede1
      _resolvedLocation = class java.util.concurrent.atomic.AtomicReference@1c04a5c
      _handler = class java.util.concurrent.atomic.AtomicReference@6f73a1ff
      _asmSeqNo = 0
      _ctx = class org.eclipse.osgi.internal.framework.BundleContextImpl@529cd07
      _locAdmin = class com.ibm.ws.kernel.service.location.internal.WsLocationAdminImpl@22f26d01
      _futureMonitor = class com.ibm.ws.threading.internal.FutureMonitorImpl@10374620
      _artifactFactory = class com.ibm.ws.artifact.internal.ArtifactContainerFactoryService@62c28fd1
      _moduleFactory = class com.ibm.ws.adaptable.module.internal.AdaptableModuleFactoryImpl@2ad26470
      _executorService = class com.ibm.ws.threading.internal.ExecutorServiceImpl@6619483d
      _scheduledExecutorService = class com.ibm.ws.threading.internal.ScheduledExecutorImpl@286c9664
      _asmHelper = class com.ibm.ws.app.manager.internal.ApplicationConfigurator$NamedApplication@608ca186
      _appMonitor = class com.ibm.ws.app.manager.internal.monitor.ApplicationMonitor@13f21e05
      _configurator = class com.ibm.ws.app.manager.internal.ApplicationConfigurator@3d524b79
      enterStateCalled = class java.util.concurrent.atomic.AtomicBoolean@dd1447f
      serialVersionUID = 4458043999335554711
      serialVersionUID = -8760483717533387753
      $$$tc$$$ = class com.ibm.websphere.ras.TraceComponent@13a94cf
    serialVersionUID = 2630639237123415755
    $$$tc$$$ = class com.ibm.websphere.ras.TraceComponent@5b53885b
      strings[0] = "TraceComponent[com.ibm.ws.app.manager.internal.ApplicationInstallInfo,class com.ibm.ws.app.manager.internal.ApplicationInstallInfo,[applications, app.manager],com.ibm.ws.app.manager.internal.resources.AppManagerMessages,null]"
  location = "/energy_consumption/sample.daytrader7/daytrader-ee7/target/liberty/wlp/usr/servers/defaultServer/apps/daytrader-ee7.ear.xml"
  classLoadingService = class com.ibm.ws.classloading.internal.ClassLoadingServiceImpl@55388386
    tc = class com.ibm.websphere.ras.TraceComponent@366e2879
      strings[0] = "TraceComponent[com.ibm.ws.classloading.internal.ClassLoadingServiceImpl,class com.ibm.ws.classloading.internal.ClassLoadingServiceImpl,[ClassLoadingService],com.ibm.ws.classloading.internal.resources.ClassLoadingServiceMessages,null]"
    leakDetectionMap = class java.util.concurrent.ConcurrentHashMap@5a9ae47d
      serialVersionUID = 7249069246763182397
      MAXIMUM_CAPACITY = 1073741824
      DEFAULT_CAPACITY = 16
      MAX_ARRAY_SIZE = 2147483639
      DEFAULT_CONCURRENCY_LEVEL = 16
      LOAD_FACTOR = 0.75
      TREEIFY_THRESHOLD = 8
      UNTREEIFY_THRESHOLD = 6
      MIN_TREEIFY_CAPACITY = 64
      MIN_TRANSFER_STRIDE = 16
      RESIZE_STAMP_BITS = 16
      MAX_RESIZERS = 65535
      RESIZE_STAMP_SHIFT = 16
      MOVED = -1
      TREEBIN = -2
      RESERVED = -3
      HASH_BITS = 2147483647
      NCPU = 16
      serialPersistentFields = class java.io.ObjectStreamField[3]
      table = null
      nextTable = null
      baseCount = 0
      sizeCtl = 0
      transferIndex = 0
      cellsBusy = 0
      counterCells = null
      keySet = null
      values = null
      entrySet = null
      U = class sun.misc.Unsafe@3cfff00b
      SIZECTL = 20
      TRANSFERINDEX = 32
      BASECOUNT = 24
      CELLSBUSY = 36
      CELLVALUE = 144
      ABASE = 16
      ASHIFT = 2
      keySet = null
      values = null
    appClassLoaders = class java.util.Collections$SetFromMap@75f22ee1
      m = class java.util.WeakHashMap@2d31c2c
      s = class java.util.WeakHashMap$KeySet@7856baaf
      serialVersionUID = 2454657854757543876
      MAX_ARRAY_SIZE = 2147483639
    TCCL_LOCK_WAIT = 15000
    REFERENCE_GENERATORS = "generators"
    tcclLockStore = class com.ibm.ws.kernel.service.util.KeyBasedLockStore@24e73530
      refQueue = class java.lang.ref.ReferenceQueue@2abc8e24
      lockMap = class java.util.concurrent.ConcurrentHashMap@3cd25846
      lockCreator = class com.ibm.ws.classloading.internal.ClassLoadingServiceImpl$1@60415477
    bundleContext = class org.eclipse.osgi.internal.framework.BundleContextImpl@177ffacd
    aclStore = class com.ibm.ws.classloading.internal.util.CanonicalStore@342c97df
      map = class java.util.concurrent.ConcurrentHashMap@2cfc4e5f
      q = class com.ibm.ws.classloading.internal.util.RefQueue@1b6583f3
      serialVersionUID = 6715157558227169968
      $$$tc$$$ = class com.ibm.websphere.ras.TraceComponent@48893f98
    tcclStore = class com.ibm.ws.classloading.internal.util.CanonicalStore@3918342b
      map = class java.util.concurrent.ConcurrentHashMap@1f222dc8
      q = class com.ibm.ws.classloading.internal.util.RefQueue@4b08e0cd
      serialVersionUID = 6715157558227169968
      $$$tc$$$ = class com.ibm.websphere.ras.TraceComponent@48893f98
    digraph = class org.eclipse.equinox.internal.region.StandardRegionDigraph@5df990cf
      EMPTY_EDGE_SET = class java.util.Collections$UnmodifiableSet@6004bc3c
      monitor = class java.lang.Object@1a71b07
      regions = class java.util.HashMap@43f1251d
      bundleIdToRegionMapping = class org.eclipse.equinox.internal.region.StandardBundleIdToRegionMapping@1e95fbe5
      edges = class java.util.HashMap@5b355157
      bundleContext = class org.eclipse.osgi.internal.framework.BundleContextImpl@214b199c
      threadLocal = class java.lang.ThreadLocal@62731615
      subgraphTraverser = class org.eclipse.equinox.internal.region.SubgraphTraverser@28601e8b
      bundleCollisionHook = class org.eclipse.equinox.internal.region.hook.RegionBundleCollisionHook@191b82b1
      bundleEventHook = class org.eclipse.equinox.internal.region.hook.RegionBundleEventHook@68d5d72c
      bundleFindHook = class org.eclipse.equinox.internal.region.hook.RegionBundleFindHook@126ca79d
      serviceEventHook = class org.eclipse.equinox.internal.region.hook.RegionServiceEventHook@3ad0771d
      serviceFindHook = class org.eclipse.equinox.internal.region.hook.RegionServiceFindHook@7f1b74fc
      resolverHookFactory = class org.eclipse.equinox.internal.region.hook.RegionResolverHookFactory@39b1b084
      origin = null
      originUpdateCount = -1
      updateCount = class java.util.concurrent.atomic.AtomicLong@4e96a860
      defaultRegion = null
    redefiner = class com.ibm.ws.classloading.internal.util.ClassRedefiner@402a60f5
      tc = class com.ibm.websphere.ras.TraceComponent@497378bb
      LS = "
"
      inst = class com.sun.proxy.$Proxy0@b24cf2c
      serialVersionUID = 2420101865139508526
    listener = class com.ibm.ws.classloading.internal.ClassLoadingServiceImpl$2@10688540
      this$0 = class com.ibm.ws.classloading.internal.ClassLoadingServiceImpl@55388386
      serialVersionUID = -5816835778307299777
      $$$tc$$$ = class com.ibm.websphere.ras.TraceComponent@2e24eded
    classloaders = class java.util.Collections$SynchronizedMap@6829520a
      serialVersionUID = 1978198479659022715
      m = class java.util.HashMap@66e03bf2
      mutex = class java.util.Collections$SynchronizedMap@6829520a
      keySet = null
      entrySet = null
      values = null
    resourceProviders = class com.ibm.ws.classloading.internal.CompositeResourceProvider@79c7d828
      lockFactory = class java.util.concurrent.locks.ReentrantReadWriteLock@864834
      providerMap = class com.ibm.ws.classloading.internal.util.MultiMap@6132c42
      serialVersionUID = -5576435894946156347
      $$$tc$$$ = class com.ibm.websphere.ras.TraceComponent@181bcee1
    rememberedBundles = class java.util.concurrent.ConcurrentHashMap@6a79322d
      serialVersionUID = 7249069246763182397
      MAXIMUM_CAPACITY = 1073741824
      DEFAULT_CAPACITY = 16
      MAX_ARRAY_SIZE = 2147483639
      DEFAULT_CONCURRENCY_LEVEL = 16
      LOAD_FACTOR = 0.75
      TREEIFY_THRESHOLD = 8
      UNTREEIFY_THRESHOLD = 6
      MIN_TREEIFY_CAPACITY = 64
      MIN_TRANSFER_STRIDE = 16
      RESIZE_STAMP_BITS = 16
      MAX_RESIZERS = 65535
      RESIZE_STAMP_SHIFT = 16
      MOVED = -1
      TREEBIN = -2
      RESERVED = -3
      HASH_BITS = 2147483647
      NCPU = 16
      serialPersistentFields = class java.io.ObjectStreamField[3]
      table = class java.util.concurrent.ConcurrentHashMap$Node[16]
      nextTable = null
      baseCount = 2
      sizeCtl = 12
      transferIndex = 0
      cellsBusy = 0
      counterCells = null
      keySet = null
      values = null
      entrySet = null
      U = class sun.misc.Unsafe@3cfff00b
      SIZECTL = 20
      TRANSFERINDEX = 32
      BASECOUNT = 24
      CELLSBUSY = 36
      CELLVALUE = 144
      ABASE = 16
      ASHIFT = 2
      keySet = null
      values = null
    collectedBundles = class java.lang.ref.ReferenceQueue@3e6fe8a7
      NULL = class java.lang.ref.ReferenceQueue$Null@418b3f6e
      ENQUEUED = class java.lang.ref.ReferenceQueue$Null@34d80398
      lock = class java.lang.ref.ReferenceQueue$Lock@61e370bc
      head = null
      queueLength = 0
      $assertionsDisabled = true
    generatorRefs = class com.ibm.wsspi.kernel.service.utils.ConcurrentServiceReferenceSet@1c744462
      referenceName = "generators"
      contextRef = class java.util.concurrent.atomic.AtomicReference@3a41dabc
      elementMap = class java.util.LinkedHashMap@20e983a4
      elementSet = class java.util.concurrent.ConcurrentSkipListSet@6da7c6d4
      elementSetUnsorted = false
      serialVersionUID = 756240983881166148
      $$$tc$$$ = class com.ibm.websphere.ras.TraceComponent@50a1d37
    generatorManager = class com.ibm.ws.classloading.internal.ClassGeneratorManager@5b35d95c
      tc = class com.ibm.websphere.ras.TraceComponent@27cf7f83
      generatorRefs = class com.ibm.wsspi.kernel.service.utils.ConcurrentServiceReferenceSet@1c744462
      serialVersionUID = 4152663586056483310
    appExtLibs = class java.util.concurrent.CopyOnWriteArrayList@78fe604d
      serialVersionUID = 8673264195747942595
      lock = class java.util.concurrent.locks.ReentrantLock@ed8c0dc
      array = class java.lang.Object[0]
      UNSAFE = class sun.misc.Unsafe@3cfff00b
      lockOffset = 12
    globalConfig = class com.ibm.ws.classloading.configuration.GlobalClassloadingConfiguration@39159525
      properties = class org.apache.felix.scr.impl.helper.ReadOnlyDictionary@2fd80d00
      serialVersionUID = 452562347104713756
      $$$tc$$$ = class com.ibm.websphere.ras.TraceComponent@6924b485
    systemTransformers = class java.util.concurrent.CopyOnWriteArrayList@7fc8131
      serialVersionUID = 8673264195747942595
      lock = class java.util.concurrent.locks.ReentrantLock@14a04b0e
      array = class java.lang.Object[0]
      UNSAFE = class sun.misc.Unsafe@3cfff00b
      lockOffset = 12
    metaInfServicesProviders = class java.util.concurrent.ConcurrentHashMap@72f647ab
      serialVersionUID = 7249069246763182397
      MAXIMUM_CAPACITY = 1073741824
      DEFAULT_CAPACITY = 16
      MAX_ARRAY_SIZE = 2147483639
      DEFAULT_CONCURRENCY_LEVEL = 16
      LOAD_FACTOR = 0.75
      TREEIFY_THRESHOLD = 8
      UNTREEIFY_THRESHOLD = 6
      MIN_TREEIFY_CAPACITY = 64
      MIN_TRANSFER_STRIDE = 16
      RESIZE_STAMP_BITS = 16
      MAX_RESIZERS = 65535
      RESIZE_STAMP_SHIFT = 16
      MOVED = -1
      TREEBIN = -2
      RESERVED = -3
      HASH_BITS = 2147483647
      NCPU = 16
      serialPersistentFields = class java.io.ObjectStreamField[3]
      table = null
      nextTable = null
      baseCount = 0
      sizeCtl = 0
      transferIndex = 0
      cellsBusy = 0
      counterCells = null
      keySet = null
      values = null
      entrySet = null
      U = class sun.misc.Unsafe@3cfff00b
      SIZECTL = 20
      TRANSFERINDEX = 32
      BASECOUNT = 24
      CELLSBUSY = 36
      CELLVALUE = 144
      ABASE = 16
      ASHIFT = 2
      keySet = null
      values = null
    metaInfServicesRefs = class com.ibm.wsspi.kernel.service.utils.ConcurrentServiceReferenceMap@7981adb0
      referenceName = "MetaInfServicesProvider"
      context = class org.apache.felix.scr.impl.manager.ComponentContextImpl@313ca841
      elementMap = class java.util.concurrent.ConcurrentHashMap@46457513
      serialVersionUID = 6980924785166233786
      $$$tc$$$ = class com.ibm.websphere.ras.TraceComponent@1480b50c
    protectionDomainMap = class java.util.HashMap@6c28a318
      serialVersionUID = 362498820763181265
      DEFAULT_INITIAL_CAPACITY = 16
      MAXIMUM_CAPACITY = 1073741824
      DEFAULT_LOAD_FACTOR = 0.75
      TREEIFY_THRESHOLD = 8
      UNTREEIFY_THRESHOLD = 6
      MIN_TREEIFY_CAPACITY = 64
      table = class java.util.HashMap$Node[32]
      entrySet = null
      size = 15
      modCount = 15
      threshold = 24
      loadFactor = 0.75
      keySet = class java.util.HashMap$KeySet@26773bc8
      values = null
    metadataIdentifierService = class com.ibm.ws.container.service.metadata.internal.MetaDataServiceImpl@3848d0d2
    globalSharedLibrary = class java.util.concurrent.atomic.AtomicReference@f3e52a5
      serialVersionUID = -1848883965231344442
      unsafe = class sun.misc.Unsafe@3cfff00b
      valueOffset = 12
      value = null
    serialVersionUID = 2258822036451657608
  globalSharedLibrary = class com.ibm.ws.library.internal.SharedLibraryImpl@55e0ce45
    tc = class com.ibm.websphere.ras.TraceComponent@57ef508b
      strings[0] = "TraceComponent[com.ibm.ws.library.internal.SharedLibraryImpl,class com.ibm.ws.library.internal.SharedLibraryImpl,[SharedLibrary],com.ibm.ws.classloading.internal.resources.ClassLoadingServiceMessages,null]"
    deleted = false
    libraryListenersTracker = class org.osgi.util.tracker.ServiceTracker@7fbce5d1
      DEBUG = false
      context = class org.eclipse.osgi.internal.framework.BundleContextImpl@177ffacd
      filter = class org.eclipse.osgi.internal.framework.FilterImpl$And@7f4f72e7
      customizer = class org.osgi.util.tracker.ServiceTracker@7fbce5d1
      listenerFilter = "(&(objectClass=com.ibm.wsspi.library.LibraryChangeListener)(|(library=global)(libraryRef=*com.ibm.ws.classloading.sharedlibrary_1*)))"
      trackClass = null
      trackReference = null
      tracked = class org.osgi.util.tracker.ServiceTracker$Tracked@78ba23cd
      cachedReference = null
      cachedService = null
    libraryReg = class org.eclipse.osgi.internal.serviceregistry.ServiceRegistrationImpl@6150ae9c
      registry = class org.eclipse.osgi.internal.serviceregistry.ServiceRegistry@7e171784
      context = class org.eclipse.osgi.internal.framework.BundleContextImpl@177ffacd
      bundle = class org.eclipse.osgi.internal.framework.EquinoxBundle@28c782ee
      clazzes = class java.lang.String[1]
      service = class com.ibm.ws.library.internal.SharedLibraryImpl@55e0ce45
      reference = class org.eclipse.osgi.internal.serviceregistry.ServiceReferenceImpl@2876a169
      contextsUsing = class java.util.ArrayList@661ec11
      properties = class java.util.Collections$UnmodifiableMap@30d108ee
      serviceid = 287
      serviceranking = 1
      registrationLock = class java.lang.Object@940dea6
      state = 0
      REGISTERED = 0
      UNREGISTERING = 1
      UNREGISTERED = 2
      FRAMEWORK_SET_SERVICE_PROPERTIES_COUNT = 4
      $assertionsDisabled = true
    ctx = class org.eclipse.osgi.internal.framework.BundleContextImpl@177ffacd
      valid = true
      bundle = class org.eclipse.osgi.internal.framework.EquinoxBundle@28c782ee
      container = class org.eclipse.osgi.internal.framework.EquinoxContainer@7d1b2721
      debug = class org.eclipse.osgi.internal.debug.Debug@11fc814e
      servicesInUse = class java.util.HashMap@69f959de
      activator = null
      contextLock = class java.lang.Object@6e85852b
    classLoadingService = class com.ibm.ws.classloading.internal.ClassLoadingServiceImpl@55388386
    configAdmin = class com.ibm.ws.config.admin.internal.ConfigurationAdminImpl@5a59bf39
      tc = class com.ibm.websphere.ras.TraceComponent@563ff0b3
      bundle = class org.eclipse.osgi.internal.framework.EquinoxBundle@28c782ee
      caFactory = class com.ibm.ws.config.admin.internal.ConfigAdminServiceFactory@2a471cb8
      serialVersionUID = -2875522750804142523
    resolvedBasePath = "/energy_consumption/sample.daytrader7/daytrader-ee7/target/liberty/wlp/usr/servers/defaultServer/"
    generationLock = class com.ibm.ws.library.internal.SharedLibraryImpl$1@4b28dcf1
      this$0 = class com.ibm.ws.library.internal.SharedLibraryImpl@55e0ce45
      serialVersionUID = 2483639803450672373
      $$$tc$$$ = class com.ibm.websphere.ras.TraceComponent@15caa48d
    currentGeneration = class com.ibm.ws.library.internal.LibraryGeneration@60051e09
      tc = class com.ibm.websphere.ras.TraceComponent@11526548
      nextInt = class java.util.concurrent.atomic.AtomicInteger@4061c022
      libraryId = "global"
      genId = 1
      libraryProps = class java.util.Hashtable@24a9e384
      filesetRefs = class java.util.Collections$UnmodifiableRandomAccessList@64a1cfa4
      apiTypeVisibility = class java.util.RegularEnumSet@3fee0f9b
      files = class java.util.Collections$EmptyList@11953b9
      folders = class java.util.ArrayList@71c0a894
      fileAndFolderContainers = class java.util.Collections$EmptyList@11953b9
      filesets = class java.util.concurrent.ArrayBlockingQueue@1a9ec0eb
      filesetListenerRegs = class java.util.concurrent.ConcurrentLinkedQueue@7028f0f3
      cancelled = false
      library = class com.ibm.ws.library.internal.SharedLibraryImpl@55e0ce45
      serialVersionUID = 6965220007121905717
    nextGeneration = class com.ibm.ws.library.internal.LibraryGeneration@60051e09
    artifactContainerFactory = class com.ibm.ws.library.internal.SharedLibraryFactory$1@780ffdb5
      this$0 = class com.ibm.ws.library.internal.SharedLibraryFactory@19f045d7
      serialVersionUID = 7730244564205089330
      $$$tc$$$ = class com.ibm.websphere.ras.TraceComponent@345cf04a
    packageExporter = class com.ibm.ws.library.internal.LibraryPackageExporter@6fb825fa
      EXPORTER_POSTFIX = "_library_exporter"
      REGION_EXPORT_TO_LIBERTY = "liberty.library.export.to.liberty"
      REGION_EXPORT_TO_OSGI_APPS = "liberty.library.export.to.osgi.app"
      REGION_KERNEL = "org.eclipse.equinox.region.kernel"
      counter = class java.util.concurrent.atomic.AtomicLong@485ef9b5
      context = class org.eclipse.osgi.internal.framework.BundleContextImpl@177ffacd
      digraph = class org.eclipse.equinox.internal.region.StandardRegionDigraph@5df990cf
      bundleToLibrary = class java.util.concurrent.ConcurrentHashMap@615664a9
      libraryToVisibility = class java.util.concurrent.ConcurrentHashMap@230e1b7b
      serialVersionUID = 8074378969667956573
      $$$tc$$$ = class com.ibm.websphere.ras.TraceComponent@70d98cb8
    serialVersionUID = 5714743499247904517
  sharedLibDeploymentInfo = class com.ibm.ws.app.manager.module.internal.DeployedAppInfoBase$SharedLibDeploymentInfo@1f1a438a
    locAdmin = class com.ibm.ws.kernel.service.location.internal.WsLocationAdminImpl@22f26d01
    artifactFactory = class com.ibm.ws.artifact.internal.ArtifactContainerFactoryService@62c28fd1
    moduleFactory = class com.ibm.ws.adaptable.module.internal.AdaptableModuleFactoryImpl@2ad26470
    classesContainerInfo = class java.util.ArrayList@527dafd6
      serialVersionUID = 8683452581122892189
      DEFAULT_CAPACITY = 10
      EMPTY_ELEMENTDATA = class java.lang.Object[0]
      DEFAULTCAPACITY_EMPTY_ELEMENTDATA = class java.lang.Object[0]
      elementData = class java.lang.Object[0]
      size = 0
      MAX_ARRAY_SIZE = 2147483639
      modCount = 0
      MAX_ARRAY_SIZE = 2147483639
    serialVersionUID = 5154735746662585226
    $$$tc$$$ = class com.ibm.websphere.ras.TraceComponent@3e3c146
      strings[0] = "TraceComponent[com.ibm.ws.app.manager.module.internal.DeployedAppInfoBase$SharedLibDeploymentInfo,class com.ibm.ws.app.manager.module.internal.DeployedAppInfoBase$SharedLibDeploymentInfo,[applications, app.manager],null,null]"
  configAdmin = class com.ibm.ws.config.admin.internal.ConfigurationAdminImpl@6dc8ec42
    tc = class com.ibm.websphere.ras.TraceComponent@563ff0b3
      strings[0] = "TraceComponent[com.ibm.ws.config.admin.internal.ConfigurationAdminImpl,class com.ibm.ws.config.admin.internal.ConfigurationAdminImpl,[config],com.ibm.ws.config.internal.resources.ConfigMessages,null]"
    bundle = class org.eclipse.osgi.internal.framework.EquinoxBundle@71c60b83
      equinoxContainer = class org.eclipse.osgi.internal.framework.EquinoxContainer@7d1b2721
      module = class org.eclipse.osgi.internal.framework.EquinoxBundle$EquinoxModule@216e9b5c
      monitor = class java.lang.Object@3881be25
      context = class org.eclipse.osgi.internal.framework.BundleContextImpl@6fee28d0
      signedContent = null
      $SWITCH_TABLE$org$eclipse$osgi$container$Module$State = {1,2,3,4,5,6,7} /* array length = 7 */
    caFactory = class com.ibm.ws.config.admin.internal.ConfigAdminServiceFactory@2a471cb8
      tc = class com.ibm.websphere.ras.TraceComponent@8beeecd
      configurationPermission = class org.osgi.service.cm.ConfigurationPermission@7cfcfd19
      INDEX_DICTIONARY = 0
      INDEX_LOCATION = 1
      INDEX_METATYPE_PROCESSED = 2
      INDEX_IN_OVERRIDES_FILE = 3
      INDEX_REFERENCES = 4
      INDEX_UNIQUES = 5
      bundleContext = class org.eclipse.osgi.internal.framework.BundleContextImpl@7dc647d8
      msTracker = class com.ibm.ws.config.admin.internal.ManagedServiceTracker@6223df0a
      msfTracker = class com.ibm.ws.config.admin.internal.ManagedServiceFactoryTracker@1b2429ee
      pluginManager = class com.ibm.ws.config.admin.internal.PluginManager@34692f16
      configurationStore = class com.ibm.ws.config.admin.internal.ConfigurationStore@2fe618b7
      updateQueue = class com.ibm.ws.config.admin.internal.UpdateQueue@534149ce
      ced = class com.ibm.ws.config.admin.internal.ConfigEventDispatcher@69907111
      idMap = class java.util.Collections$SynchronizedMap@147ce2aa
      referenceMap = class java.util.Collections$SynchronizedMap@b406332
      variableRegistryTracker = class org.osgi.util.tracker.ServiceTracker@521654ad
      variableRegistry = class com.ibm.ws.kernel.service.location.internal.VariableRegistryHelper@3864bf07
      configurationAdminRef = class org.eclipse.osgi.internal.serviceregistry.ServiceRegistrationImpl@67184997
      serialVersionUID = 6695202270027014725
    serialVersionUID = -2875522750804142523
  libraryConfigHelper = class com.ibm.ws.classloading.ClassLoaderConfigHelper@7cfd66ce
    tc = class com.ibm.websphere.ras.TraceComponent@52f79798
      strings[0] = "TraceComponent[com.ibm.ws.classloading.ClassLoaderConfigHelper,class com.ibm.ws.classloading.ClassLoaderConfigHelper,[ClassLoadingService],com.ibm.ws.classloading.internal.resources.ClassLoadingServiceMessages,null]"
    DEFAULT_API_TYPES = class java.util.RegularEnumSet@70c7b0c7
      serialVersionUID = 3411599620347842686
      elements = 23
      elementType = class java.lang.Class@583dcb9c
      universe = class com.ibm.wsspi.classloading.ApiType[5]
      ZERO_LENGTH_ENUM_ARRAY = class java.lang.Enum[0]
      MAX_ARRAY_SIZE = 2147483639
    sharedLibraries = class java.util.Collections$EmptyList@11953b9
      serialVersionUID = 8842843931221139166
      modCount = 0
      MAX_ARRAY_SIZE = 2147483639
    commonLibraries = class java.util.Collections$EmptyList@11953b9
    classProviders = class java.util.Collections$EmptyList@11953b9
    sharedLibrariesPids = null
    commonLibrariesPids = null
    isDelegateLast = false
    apiTypes = class java.util.RegularEnumSet@70c7b0c7
    classLoaderConfigProps = null
    serialVersionUID = 7643888529935916418
  isDelegateLast = false
  permissionManager = class com.ibm.ws.classloading.java2sec.PermissionManager@2f3c0df2
    tc = class com.ibm.websphere.ras.TraceComponent@1fc6f91d
      strings[0] = "TraceComponent[com.ibm.ws.classloading.java2sec.PermissionManager,class com.ibm.ws.classloading.java2sec.PermissionManager,[Java2SecurityUtil],com.ibm.ws.classloading.internal.resources.Java2SecurityUtilMessages,null]"
    bundleContext = class org.eclipse.osgi.internal.framework.BundleContextImpl@177ffacd
    classLoadingService = class com.ibm.ws.classloading.internal.ClassLoadingServiceImpl@55388386
    DEFAULT_SERVER_RESTRICTABLE_PERMISSIONS = class java.security.Permission[4]
      Permission[0] = class java.lang.RuntimePermission@7ad6bd1
      Permission[1] = class java.lang.RuntimePermission@558c34a1
      Permission[2] = class java.security.SecurityPermission@68a28a8
      Permission[3] = class javax.security.auth.AuthPermission@334fdeca
    DEFAULT_CLIENT_RESTRICTABLE_PERMISSIONS = class java.security.Permission[3]
      Permission[0] = class java.lang.RuntimePermission@2ee3bec5
      Permission[1] = class java.security.SecurityPermission@7296bc3b
      Permission[2] = class javax.security.auth.AuthPermission@57bd2cf4
    isServer = true
    wsjarUrlStreamHandlerAvailable = true
    LOGGING_PERMISSION = "java.util.logging.LoggingPermission"
    restrictablePermissions = class java.util.ArrayList@1e11dd8f
      serialVersionUID = 8683452581122892189
      DEFAULT_CAPACITY = 10
      EMPTY_ELEMENTDATA = class java.lang.Object[0]
      DEFAULTCAPACITY_EMPTY_ELEMENTDATA = class java.lang.Object[0]
      elementData = class java.lang.Object[10]
      size = 4
      MAX_ARRAY_SIZE = 2147483639
      modCount = 4
      MAX_ARRAY_SIZE = 2147483639
    javaAllCodeBasePermissions = class java.util.ArrayList@431a8977
      serialVersionUID = 8683452581122892189
      DEFAULT_CAPACITY = 10
      EMPTY_ELEMENTDATA = class java.lang.Object[0]
      DEFAULTCAPACITY_EMPTY_ELEMENTDATA = class java.lang.Object[0]
      elementData = class java.lang.Object[33]
      size = 23
      MAX_ARRAY_SIZE = 2147483639
      modCount = 23
      MAX_ARRAY_SIZE = 2147483639
    expandProps = true
    grantedPermissions = class java.util.ArrayList@29d76352
      serialVersionUID = 8683452581122892189
      DEFAULT_CAPACITY = 10
      EMPTY_ELEMENTDATA = class java.lang.Object[0]
      DEFAULTCAPACITY_EMPTY_ELEMENTDATA = class java.lang.Object[0]
      elementData = class java.lang.Object[10]
      size = 1
      MAX_ARRAY_SIZE = 2147483639
      modCount = 1
      MAX_ARRAY_SIZE = 2147483639
    KEY_PERMISSION = "permission"
    INCORRECT_PERMISSION_CONFIGURATION = "INCORRECT_PERMISSION_CONFIGURATION"
    PERMISSION_CLASSNOTFOUND = "PERMISSION_CLASSNOTFOUND"
    SERVER_XML = "server.xml"
    CLIENT_XML = "client.xml"
    JAVA_POLICY = "java.policy"
    os_name = "Linux"
    os_version = "6.11.0-26-generic"
    originationFile = "server.xml"
    permissions = class com.ibm.wsspi.kernel.service.utils.ConcurrentServiceReferenceSet@527c6353
      referenceName = "permission"
      contextRef = class java.util.concurrent.atomic.AtomicReference@1c2784e7
      elementMap = class java.util.LinkedHashMap@5ad80c18
      elementSet = class java.util.concurrent.ConcurrentSkipListSet@17e36d2
      elementSetUnsorted = false
      serialVersionUID = 756240983881166148
      $$$tc$$$ = class com.ibm.websphere.ras.TraceComponent@50a1d37
    codeBasePermissionMap = class java.util.HashMap@42913136
      serialVersionUID = 362498820763181265
      DEFAULT_INITIAL_CAPACITY = 16
      MAXIMUM_CAPACITY = 1073741824
      DEFAULT_LOAD_FACTOR = 0.75
      TREEIFY_THRESHOLD = 8
      UNTREEIFY_THRESHOLD = 6
      MIN_TREEIFY_CAPACITY = 64
      table = class java.util.HashMap$Node[32]
      entrySet = null
      size = 15
      modCount = 15
      threshold = 24
      loadFactor = 0.75
      keySet = class java.util.HashMap$KeySet@ba9329e
      values = null
    permissionXMLPermissionMap = class java.util.HashMap@55575922
      serialVersionUID = 362498820763181265
      DEFAULT_INITIAL_CAPACITY = 16
      MAXIMUM_CAPACITY = 1073741824
      DEFAULT_LOAD_FACTOR = 0.75
      TREEIFY_THRESHOLD = 8
      UNTREEIFY_THRESHOLD = 6
      MIN_TREEIFY_CAPACITY = 64
      table = null
      entrySet = null
      size = 0
      modCount = 0
      threshold = 0
      loadFactor = 0.75
      keySet = null
      values = null
    serialVersionUID = 8583289148510585888
  permissionsConfig = null
  serialVersionUID = 1131686356392279747
  appInfo = class com.ibm.ws.container.service.app.deploy.internal.EARApplicationInfoImpl@3194a6ac
    libDirContainer = null
    appClassLoaderFactory = class com.ibm.ws.app.manager.ear.internal.EARDeployedAppInfo@18aa48
    appClassLoader = class com.ibm.ws.classloading.internal.AppClassLoader@5131960
      tc = class com.ibm.websphere.ras.TraceComponent@7df20fc6
      forbiddenClassNames = class java.util.Collections$UnmodifiableSet@505d2227
      FORBIDDEN_PROPERTIES = "forbidden.properties"
      disableSharedClassesCache = false
      PARENT_FIRST_SEARCH_ORDER = class java.util.Collections$UnmodifiableRandomAccessList@d4a21bc
      packagesDefined = class java.util.Collections$SetFromMap@300f6e2f
      CLASS_LOADING_TRACE_PREFIX = "com.ibm.ws.class.load."
      DEFAULT_PACKAGE = "default.package"
      perPackageClassLoadingTraceComponents = class java.util.concurrent.ConcurrentHashMap@4b82b073
      config = class com.ibm.ws.classloading.internal.ClassLoaderConfigurationImpl@7277ef3e
      privateLibraries = null
      delegateLoaders = class com.ibm.ws.classloading.internal.util.CompositeIterable@2e6c770d
      nativeLibraryFiles = class java.util.ArrayList@65590af9
      transformers = class java.util.ArrayList@3b063f09
      systemTransformers = class java.util.concurrent.CopyOnWriteArrayList@7fc8131
      apiAccess = class com.ibm.ws.classloading.internal.GatewayClassLoader@49ee58b9
      generator = class com.ibm.ws.classloading.internal.ClassGeneratorManager@5b35d95c
      protectionDomains = class java.util.concurrent.ConcurrentHashMap@76453948
      hook = null
      serialVersionUID = 9086765173324157410
      checkpointPhase = class io.openliberty.checkpoint.spi.CheckpointPhase@3b5cec92
      tc = class com.ibm.websphere.ras.TraceComponent@45c7f59a
      smartClassPath = class com.ibm.ws.classloading.internal.ContainerClassLoader$SmartClassPathImpl@167f27c2
      nativeLibraryContainers = class java.util.ArrayList@1c0bac73
      redefiner = class com.ibm.ws.classloading.internal.util.ClassRedefiner@402a60f5
      jarProtocol = "wsjar:"
      mapCreationQueue = class java.util.concurrent.Executors$FinalizableDelegatedExecutorService@435b49c3
      serialVersionUID = 251246017270836472
      parent = class com.ibm.ws.classloading.internal.GatewayClassLoader@49ee58b9
      serialVersionUID = -5610156362562585411
      $$$tc$$$ = class com.ibm.websphere.ras.TraceComponent@1c8c31b8
      initialized = true
      pdcache = class java.util.HashMap@1fbf0546
      debug = null
      parent = class com.ibm.ws.classloading.internal.GatewayClassLoader@49ee58b9
      parallelLockMap = class java.util.concurrent.ConcurrentHashMap@70116044
      package2certs = class java.util.concurrent.ConcurrentHashMap@31b83201
      nocerts = class java.security.cert.Certificate[0]
      classes = class java.util.Vector@283460a4
      defaultDomain = class java.security.ProtectionDomain@4fc6c5d1
      packages = class java.util.HashMap@342e9f2d
      scl = class sun.misc.Launcher$AppClassLoader@18b4aac2
      sclSet = true
      loadedLibraryNames = class java.util.Vector@4a0d1463
      systemNativeLibraries = class java.util.Vector@564a3b8f
      nativeLibraries = class java.util.Vector@44769b93
      nativeLibraryContext = class java.util.Stack@6af9b30b
      usr_paths = class java.lang.String[7]
      sys_paths = class java.lang.String[1]
      assertionLock = class java.lang.Object@4fccf2f9
      defaultAssertionStatus = false
      packageAssertionStatus = null
      classAssertionStatus = null
    serialVersionUID = -7525304702689458111
    $$$tc$$$ = class com.ibm.websphere.ras.TraceComponent@41359f66
      strings[0] = "TraceComponent[com.ibm.ws.container.service.app.deploy.internal.EARApplicationInfoImpl,class com.ibm.ws.container.service.app.deploy.internal.EARApplicationInfoImpl,[container.service],com.ibm.ws.container.service.resources.Messages,null]"
    appName = "daytrader-ee7"
    appMetaData = class com.ibm.ws.container.service.app.deploy.internal.ApplicationMetaDataImpl@217e4c7a
      j2eeName = class com.ibm.ws.container.service.metadata.internal.J2EENameImpl@12340b83
      serialVersionUID = -7906531148367236579
      $$$tc$$$ = class com.ibm.websphere.ras.TraceComponent@7cf17d24
      tc = class com.ibm.websphere.ras.TraceComponent@11520ec7
      NUM_STATIC_SLOTS = 4
      ID_UNINITIALIZED = -1
      id = 0
      metaDataInterface = class java.lang.Class@c8bf837
      staticSlots = class java.lang.Object[4]
      dynamicSlots = class java.lang.Object[4]
    appContainer = class com.ibm.ws.adaptable.module.internal.InterpretedContainerImpl@35dcb4a
      structureHelper = class com.ibm.ws.app.manager.ear.internal.EARStructureHelper@6803a3f9
      structureHelperSaysWeAreRoot = false
      structureHelperLocalRootDelegate = null
      serialVersionUID = -4533432718946765504
      $$$tc$$$ = class com.ibm.websphere.ras.TraceComponent@267a6199
      root = class com.ibm.ws.adaptable.module.internal.InterpretedContainerImpl@35dcb4a
      rootOverlay = class com.ibm.ws.artifact.overlay.internal.DirectoryBasedOverlayContainerImpl@ab7fa1a
      factoryHolder = class com.ibm.ws.adaptable.module.internal.AdaptableModuleFactoryImpl@2ad26470
      delegate = class com.ibm.ws.artifact.overlay.internal.DirectoryBasedOverlayContainerImpl@ab7fa1a
      notifier = class com.ibm.ws.adaptable.module.internal.InterpretedNotifier@57d90edf
      serialVersionUID = -5950528200509051684
      $$$tc$$$ = class com.ibm.websphere.ras.TraceComponent@57b13ae4
    configHelper = class com.ibm.ws.app.manager.module.ApplicationNestedConfigHelper@483bf888
      appInfo = class com.ibm.ws.app.manager.internal.ApplicationInstallInfo@5f85b4a7
      serialVersionUID = -3174031738676705046
      $$$tc$$$ = class com.ibm.websphere.ras.TraceComponent@116c024e
    applicationInformation = class com.ibm.ws.app.manager.internal.ApplicationInstallInfo@5f85b4a7
    serialVersionUID = 5227817860647895780
    $$$tc$$$ = class com.ibm.websphere.ras.TraceComponent@419d2900
      strings[0] = "TraceComponent[com.ibm.ws.container.service.app.deploy.internal.ApplicationInfoImpl,class com.ibm.ws.container.service.app.deploy.internal.ApplicationInfoImpl,[container.service],com.ibm.ws.container.service.resources.Messages,null]"
  appInfoRegistration = class org.eclipse.osgi.internal.serviceregistry.ServiceRegistrationImpl@30bb71b
    registry = class org.eclipse.osgi.internal.serviceregistry.ServiceRegistry@7e171784
      SERVICEEVENT = 3
      listenerHookName = "org.osgi.framework.hooks.service.ListenerHook"
      publishedServicesByClass = class java.util.HashMap@493343c5
      allPublishedServices = class java.util.ArrayList@1d62d85c
      publishedServicesByContext = class java.util.HashMap@453f3388
      serviceid = 678
      serviceEventListeners = class java.util.LinkedHashMap@6d78334b
      initialCapacity = 50
      initialSubCapacity = 10
      container = class org.eclipse.osgi.internal.framework.EquinoxContainer@7d1b2721
      systemBundleContext = class org.eclipse.osgi.internal.framework.BundleContextImpl@214b199c
      debug = class org.eclipse.osgi.internal.debug.Debug@11fc814e
      awaitedUseLocks = class java.util.concurrent.ConcurrentHashMap@3e86684a
      $assertionsDisabled = true
    context = class org.eclipse.osgi.internal.framework.BundleContextImpl@6fee28d0
    bundle = class org.eclipse.osgi.internal.framework.EquinoxBundle@71c60b83
    clazzes = class java.lang.String[1]
      String[0] = "com.ibm.ws.container.service.app.deploy.ApplicationInfo"
    service = class com.ibm.ws.container.service.app.deploy.internal.EARApplicationInfoImpl@3194a6ac
    reference = class org.eclipse.osgi.internal.serviceregistry.ServiceReferenceImpl@1a7efac
      registration = class org.eclipse.osgi.internal.serviceregistry.ServiceRegistrationImpl@30bb71b
    contextsUsing = class java.util.ArrayList@3e9bf351
      serialVersionUID = 8683452581122892189
      DEFAULT_CAPACITY = 10
      EMPTY_ELEMENTDATA = class java.lang.Object[0]
      DEFAULTCAPACITY_EMPTY_ELEMENTDATA = class java.lang.Object[0]
      elementData = class java.lang.Object[10]
      size = 0
      MAX_ARRAY_SIZE = 2147483639
      modCount = 0
      MAX_ARRAY_SIZE = 2147483639
    properties = class java.util.Collections$UnmodifiableMap@2f9ea9ce
      serialVersionUID = -1034234728574286014
      m = class org.eclipse.osgi.internal.serviceregistry.ServiceProperties@6bcdd6f6
      keySet = null
      entrySet = null
      values = null
    serviceid = 664
    serviceranking = 0
    registrationLock = class java.lang.Object@18deb49c
    state = 0
    REGISTERED = 0
    UNREGISTERING = 1
    UNREGISTERED = 2
    FRAMEWORK_SET_SERVICE_PROPERTIES_COUNT = 4
    $assertionsDisabled = true
  modulesDeployed = class java.util.ArrayList@48f7576c
    serialVersionUID = 8683452581122892189
    DEFAULT_CAPACITY = 10
    EMPTY_ELEMENTDATA = class java.lang.Object[0]
    DEFAULTCAPACITY_EMPTY_ELEMENTDATA = class java.lang.Object[0]
    elementData = class java.lang.Object[10]
      Object[0] = class com.ibm.ws.app.manager.module.internal.DeployedModuleInfoImpl@22df245d
      Object[1] = class com.ibm.ws.app.manager.module.internal.DeployedModuleInfoImpl@7b7f0fd1
      Object[2] = null
      Object[3] = null
      Object[4] = null
      Object[5] = null
      Object[6] = null
      Object[7] = null
      Object[8] = null
      Object[9] = null
    size = 2
    MAX_ARRAY_SIZE = 2147483639
    modCount = 2
    MAX_ARRAY_SIZE = 2147483639
  starting = true
  started = true
  deployedAppServices = class com.ibm.ws.app.manager.module.internal.DeployedAppServicesImpl@5f2b93aa
    SERVER_APPS_DIR = "${server.output.dir}/apps/"
    EXPANDED_APPS_DIR = "${server.output.dir}/apps/expanded/"
    bundleContext = class org.eclipse.osgi.internal.framework.BundleContextImpl@6fee28d0
      valid = true
      bundle = class org.eclipse.osgi.internal.framework.EquinoxBundle@71c60b83
      container = class org.eclipse.osgi.internal.framework.EquinoxContainer@7d1b2721
      debug = class org.eclipse.osgi.internal.debug.Debug@11fc814e
      servicesInUse = class java.util.HashMap@68882522
      activator = null
      contextLock = class java.lang.Object@71967181
    applicationInfoFactory = class com.ibm.ws.container.service.app.deploy.internal.ApplicationInfoFactoryImpl@4a76a2c7
    futureMonitor = class com.ibm.ws.threading.internal.FutureMonitorImpl@10374620
    classLoadingService = class com.ibm.ws.classloading.internal.ClassLoadingServiceImpl@55388386
    globalSharedLibrary = class com.ibm.ws.library.internal.SharedLibraryImpl@55e0ce45
    globalSharedLibraryPid = "com.ibm.ws.classloading.sharedlibrary_1"
    configAdmin = class com.ibm.ws.config.admin.internal.ConfigurationAdminImpl@6dc8ec42
    metaDataService = class com.ibm.ws.container.service.metadata.internal.MetaDataServiceImpl@3848d0d2
    stateChangeService = class com.ibm.ws.container.service.state.internal.StateChangeServiceImpl@3b7da2b2
    allModuleTypes = class java.lang.String[4]
      String[0] = "ejb"
      String[1] = "web"
      String[2] = "client"
      String[3] = "connector"
    moduleMetaDataExtenders = class java.util.concurrent.ConcurrentHashMap@58a21f56
      serialVersionUID = 7249069246763182397
      MAXIMUM_CAPACITY = 1073741824
      DEFAULT_CAPACITY = 16
      MAX_ARRAY_SIZE = 2147483639
      DEFAULT_CONCURRENCY_LEVEL = 16
      LOAD_FACTOR = 0.75
      TREEIFY_THRESHOLD = 8
      UNTREEIFY_THRESHOLD = 6
      MIN_TREEIFY_CAPACITY = 64
      MIN_TRANSFER_STRIDE = 16
      RESIZE_STAMP_BITS = 16
      MAX_RESIZERS = 65535
      RESIZE_STAMP_SHIFT = 16
      MOVED = -1
      TREEBIN = -2
      RESERVED = -3
      HASH_BITS = 2147483647
      NCPU = 16
      serialPersistentFields = class java.io.ObjectStreamField[3]
      table = class java.util.concurrent.ConcurrentHashMap$Node[16]
      nextTable = null
      baseCount = 4
      sizeCtl = 12
      transferIndex = 0
      cellsBusy = 0
      counterCells = null
      keySet = null
      values = null
      entrySet = null
      U = class sun.misc.Unsafe@3cfff00b
      SIZECTL = 20
      TRANSFERINDEX = 32
      BASECOUNT = 24
      CELLSBUSY = 36
      CELLVALUE = 144
      ABASE = 16
      ASHIFT = 2
      keySet = null
      values = null
    nestedModuleMetaDataFactories = class java.util.concurrent.ConcurrentHashMap@469c49f3
      serialVersionUID = 7249069246763182397
      MAXIMUM_CAPACITY = 1073741824
      DEFAULT_CAPACITY = 16
      MAX_ARRAY_SIZE = 2147483639
      DEFAULT_CONCURRENCY_LEVEL = 16
      LOAD_FACTOR = 0.75
      TREEIFY_THRESHOLD = 8
      UNTREEIFY_THRESHOLD = 6
      MIN_TREEIFY_CAPACITY = 64
      MIN_TRANSFER_STRIDE = 16
      RESIZE_STAMP_BITS = 16
      MAX_RESIZERS = 65535
      RESIZE_STAMP_SHIFT = 16
      MOVED = -1
      TREEBIN = -2
      RESERVED = -3
      HASH_BITS = 2147483647
      NCPU = 16
      serialPersistentFields = class java.io.ObjectStreamField[3]
      table = class java.util.concurrent.ConcurrentHashMap$Node[16]
      nextTable = null
      baseCount = 4
      sizeCtl = 12
      transferIndex = 0
      cellsBusy = 0
      counterCells = null
      keySet = null
      values = null
      entrySet = null
      U = class sun.misc.Unsafe@3cfff00b
      SIZECTL = 20
      TRANSFERINDEX = 32
      BASECOUNT = 24
      CELLSBUSY = 36
      CELLVALUE = 144
      ABASE = 16
      ASHIFT = 2
      keySet = null
      values = null
    permissionManager = class com.ibm.ws.classloading.java2sec.PermissionManager@2f3c0df2
    locAdmin = class com.ibm.ws.kernel.service.location.internal.WsLocationAdminImpl@22f26d01
      tc = class com.ibm.websphere.ras.TraceComponent@140695b5
      LOC_INTERNAL_LIB_DIR = "wlp.lib.dir"
      LOC_INTERNAL_WORKAREA_DIR = "wlp.workarea.dir"
      LOC_AREA_NAME_APPS = "shared/apps/"
      LOC_AREA_NAME_CONFIG = "shared/config/"
      LOC_AREA_NAME_RESC = "shared/resources/"
      LOC_AREA_NAME_STATE = "logs/state/"
      LOC_AREA_NAME_SERVERS = "servers/"
      LOC_AREA_NAME_CLIENTS = "clients/"
      LOC_AREA_NAME_WORKING = "workarea/"
      LOC_AREA_NAME_LOGS = "logs/"
      LOC_AREA_NAME_EXTENSION = "extension/"
      instance = class com.ibm.ws.kernel.service.location.internal.WsLocationAdminImpl@22f26d01
      installRoot = class com.ibm.ws.kernel.service.location.internal.SymbolicRootResource@adefee5
      installParentRoot = class com.ibm.ws.kernel.service.location.internal.SymbolicRootResource@38abd062
      userRoot = class com.ibm.ws.kernel.service.location.internal.SymbolicRootResource@27c58a09
      usrExtensionRoot = class com.ibm.ws.kernel.service.location.internal.SymbolicRootResource@2ec83a35
      serverConfigDir = class com.ibm.ws.kernel.service.location.internal.SymbolicRootResource@531cc0df
      serverOutputDir = class com.ibm.ws.kernel.service.location.internal.SymbolicRootResource@531cc0df
      bootstrapLib = class com.ibm.ws.kernel.service.location.internal.LocalFileResource@35d2321e
      serverWorkarea = class com.ibm.ws.kernel.service.location.internal.LocalFileResource@3ecc636f
      serverState = class com.ibm.ws.kernel.service.location.internal.LocalFileResource@51baff11
      sharedAppsRoot = class com.ibm.ws.kernel.service.location.internal.SymbolicRootResource@6495c7c1
      sharedConfigRoot = class com.ibm.ws.kernel.service.location.internal.SymbolicRootResource@40735b8f
      sharedResourceRoot = class com.ibm.ws.kernel.service.location.internal.SymbolicRootResource@1d799ff5
      tmpRoot = class com.ibm.ws.kernel.service.location.internal.SymbolicRootResource@1b3db93c
      serverName = "defaultServer"
      resourcePaths = class java.util.ArrayList@51dcce55
      resourceGroups = class java.util.HashMap@ba958c2
      commonRoot = class com.ibm.ws.kernel.service.location.internal.VirtualRootResource@5a7ee875
      serverCfgDirStr = "/energy_consumption/sample.daytrader7/daytrader-ee7/target/liberty/wlp/usr/servers/defaultServer/"
      variableSourceDirs = "/energy_consumption/sample.daytrader7/daytrader-ee7/target/liberty/wlp/usr/servers/defaultServer/variables/"
      serialVersionUID = 7963438175177362522
    artifactFactory = class com.ibm.ws.artifact.internal.ArtifactContainerFactoryService@62c28fd1
      CATEGORY_PROP_NAME = "category"
      ENTRY_KEY = "com.ibm.wsspi.artifact.ArtifactEntry"
      helperMap = class com.ibm.wsspi.kernel.service.utils.ConcurrentServiceReferenceSetMap@3f75bbba
      contributorMap = class com.ibm.wsspi.kernel.service.utils.ConcurrentServiceReferenceSetMap@4b0520c8
      helperCategoryMap = class com.ibm.wsspi.kernel.service.utils.ConcurrentServiceReferenceSetMap@277028db
      contributorCategoryMap = class com.ibm.wsspi.kernel.service.utils.ConcurrentServiceReferenceSetMap@10e8fbae
      categories = class java.util.Collections$SynchronizedSet@2522a62
      baseProperties = class org.apache.felix.scr.impl.helper.ReadOnlyDictionary@60335980
      registration = class com.ibm.ws.kernel.service.util.ServiceRegistrationModifier@462383ad
      serialVersionUID = 6566424214406946230
      $$$tc$$$ = class com.ibm.websphere.ras.TraceComponent@14278438
    moduleFactory = class com.ibm.ws.adaptable.module.internal.AdaptableModuleFactoryImpl@2ad26470
      adapterFactoryService = class com.ibm.ws.adaptable.module.internal.AdapterFactoryServiceImpl@4bb520fd
      containerFactory = class com.ibm.ws.artifact.internal.ArtifactContainerFactoryService@62c28fd1
      overlayContainerFactory = class com.ibm.ws.artifact.overlay.internal.OverlayContainerFactoryImpl@4228aa60
      serialVersionUID = 4200251809856292987
      $$$tc$$$ = class com.ibm.websphere.ras.TraceComponent@2350afe8
    serialVersionUID = 8537801607979767986
    $$$tc$$$ = class com.ibm.websphere.ras.TraceComponent@1ede5989
      strings[0] = "TraceComponent[com.ibm.ws.app.manager.module.internal.DeployedAppServicesImpl,class com.ibm.ws.app.manager.module.internal.DeployedAppServicesImpl,[applications, app.manager],null,null]"
  futureMonitor = class com.ibm.ws.threading.internal.FutureMonitorImpl@10374620
    _monitor = class java.util.concurrent.ConcurrentLinkedQueue@1232af07
      serialVersionUID = 196745693267521676
      head = class java.util.concurrent.ConcurrentLinkedQueue$Node@2608f952
      tail = class java.util.concurrent.ConcurrentLinkedQueue$Node@2608f952
      UNSAFE = class sun.misc.Unsafe@3cfff00b
      headOffset = 12
      tailOffset = 16
      MAX_ARRAY_SIZE = 2147483639
    _executor = class com.ibm.ws.threading.internal.DeferrableScheduledExecutorImpl@b162541
      PERIOD_MILLISECONDS = 15000
      executor = class com.ibm.ws.threading.internal.ScheduledExecutorImpl@286c9664
      serialVersionUID = 4761900424000004220
      $$$tc$$$ = class com.ibm.websphere.ras.TraceComponent@6b1938c4
    _threadRunning = class java.util.concurrent.atomic.AtomicBoolean@461afd6c
      serialVersionUID = 4654671469794556979
      unsafe = class sun.misc.Unsafe@3cfff00b
      valueOffset = 12
      value = 0
    _thread = class com.ibm.ws.threading.internal.FutureMonitorImpl$1@dd5fa8d
      this$0 = class com.ibm.ws.threading.internal.FutureMonitorImpl@10374620
      serialVersionUID = 2422512430832938099
      $$$tc$$$ = class com.ibm.websphere.ras.TraceComponent@371d45f3
    serialVersionUID = 2765238413969174390
    $$$tc$$$ = class com.ibm.websphere.ras.TraceComponent@46cfc20d
      strings[0] = "TraceComponent[com.ibm.ws.threading.internal.FutureMonitorImpl,class com.ibm.ws.threading.internal.FutureMonitorImpl,[Threading],com.ibm.ws.threading.internal.resources.ThreadingMessages,null]"
  appInfoFactory = class com.ibm.ws.container.service.app.deploy.internal.ApplicationInfoFactoryImpl@4a76a2c7
    j2eeNameFactory = class com.ibm.wsspi.kernel.service.utils.AtomicServiceReference@263ae2a4
      referenceName = "j2eeNameFactory"
      tuple = class java.util.concurrent.atomic.AtomicReference@7b9cb5ae
      serialVersionUID = 2226592364007985000
      $$$tc$$$ = class com.ibm.websphere.ras.TraceComponent@20fded23
    names = class java.util.HashSet@47da9c49
      serialVersionUID = -5024744406713321676
      map = class java.util.HashMap@7e950e28
      PRESENT = class java.lang.Object@643e163
      MAX_ARRAY_SIZE = 2147483639
    serialVersionUID = 6232436640731165768
    $$$tc$$$ = class com.ibm.websphere.ras.TraceComponent@ca6646e
      strings[0] = "TraceComponent[com.ibm.ws.container.service.app.deploy.internal.ApplicationInfoFactoryImpl,class com.ibm.ws.container.service.app.deploy.internal.ApplicationInfoFactoryImpl,[container.service],com.ibm.ws.container.service.resources.Messages,null]"
  metaDataService = class com.ibm.ws.container.service.metadata.internal.MetaDataServiceImpl@3848d0d2
    applicationMetaDataManager = class com.ibm.ws.container.service.metadata.internal.ApplicationMetaDataManager@37742abf
      serialVersionUID = 1843747281024490904
      $$$tc$$$ = class com.ibm.websphere.ras.TraceComponent@6d26a321
      listeners = class com.ibm.wsspi.kernel.service.utils.ConcurrentServiceReferenceSet@167e64cd
      metaDataIDs = class com.ibm.ws.container.service.metadata.internal.IndexList@6ce2902e
      metaDatas = class java.util.ArrayList@24714907
      slotIDs = class com.ibm.ws.container.service.metadata.internal.IndexList@35506ad1
      serialVersionUID = 5464421863354792977
      $$$tc$$$ = class com.ibm.websphere.ras.TraceComponent@46d46a17
    moduleMetaDataManager = class com.ibm.ws.container.service.metadata.internal.ModuleMetaDataManager@209c7b61
      serialVersionUID = 2513574389899327209
      $$$tc$$$ = class com.ibm.websphere.ras.TraceComponent@651f486b
      listeners = class com.ibm.wsspi.kernel.service.utils.ConcurrentServiceReferenceSet@399bf77b
      metaDataIDs = class com.ibm.ws.container.service.metadata.internal.IndexList@ed691a0
      metaDatas = class java.util.ArrayList@9a2ec60
      slotIDs = class com.ibm.ws.container.service.metadata.internal.IndexList@20db24a4
      serialVersionUID = 5464421863354792977
      $$$tc$$$ = class com.ibm.websphere.ras.TraceComponent@46d46a17
    componentMetaDataManager = class com.ibm.ws.container.service.metadata.internal.ComponentMetaDataManager@282be5a6
      serialVersionUID = 8629793739641703882
      $$$tc$$$ = class com.ibm.websphere.ras.TraceComponent@19ec9bc5
      listeners = class com.ibm.wsspi.kernel.service.utils.ConcurrentServiceReferenceSet@5705f9ab
      metaDataIDs = class com.ibm.ws.container.service.metadata.internal.IndexList@1a4d406c
      metaDatas = class java.util.ArrayList@100cb9d4
      slotIDs = class com.ibm.ws.container.service.metadata.internal.IndexList@6a567f6
      serialVersionUID = 5464421863354792977
      $$$tc$$$ = class com.ibm.websphere.ras.TraceComponent@46d46a17
    methodMetaDataManager = class com.ibm.ws.container.service.metadata.internal.MethodMetaDataManager@773424b
      serialVersionUID = -8002489041502300640
      $$$tc$$$ = class com.ibm.websphere.ras.TraceComponent@dd5f326
      listeners = class com.ibm.wsspi.kernel.service.utils.ConcurrentServiceReferenceSet@675edfdf
      metaDataIDs = class com.ibm.ws.container.service.metadata.internal.IndexList@1c70aefc
      metaDatas = class java.util.ArrayList@514b9d94
      slotIDs = class com.ibm.ws.container.service.metadata.internal.IndexList@79b9aded
      serialVersionUID = 5464421863354792977
      $$$tc$$$ = class com.ibm.websphere.ras.TraceComponent@46d46a17
    appModuleNameToModuleContainer = class java.util.concurrent.ConcurrentHashMap@1144a1c8
      serialVersionUID = 7249069246763182397
      MAXIMUM_CAPACITY = 1073741824
      DEFAULT_CAPACITY = 16
      MAX_ARRAY_SIZE = 2147483639
      DEFAULT_CONCURRENCY_LEVEL = 16
      LOAD_FACTOR = 0.75
      TREEIFY_THRESHOLD = 8
      UNTREEIFY_THRESHOLD = 6
      MIN_TREEIFY_CAPACITY = 64
      MIN_TRANSFER_STRIDE = 16
      RESIZE_STAMP_BITS = 16
      MAX_RESIZERS = 65535
      RESIZE_STAMP_SHIFT = 16
      MOVED = -1
      TREEBIN = -2
      RESERVED = -3
      HASH_BITS = 2147483647
      NCPU = 16
      serialPersistentFields = class java.io.ObjectStreamField[3]
      table = class java.util.concurrent.ConcurrentHashMap$Node[16]
      nextTable = null
      baseCount = 2
      sizeCtl = 12
      transferIndex = 0
      cellsBusy = 0
      counterCells = null
      keySet = null
      values = null
      entrySet = null
      U = class sun.misc.Unsafe@3cfff00b
      SIZECTL = 20
      TRANSFERINDEX = 32
      BASECOUNT = 24
      CELLSBUSY = 36
      CELLVALUE = 144
      ABASE = 16
      ASHIFT = 2
      keySet = null
      values = null
    jeeNameToComponentMetaData = class java.util.concurrent.ConcurrentHashMap@524087f2
      serialVersionUID = 7249069246763182397
      MAXIMUM_CAPACITY = 1073741824
      DEFAULT_CAPACITY = 16
      MAX_ARRAY_SIZE = 2147483639
      DEFAULT_CONCURRENCY_LEVEL = 16
      LOAD_FACTOR = 0.75
      TREEIFY_THRESHOLD = 8
      UNTREEIFY_THRESHOLD = 6
      MIN_TREEIFY_CAPACITY = 64
      MIN_TRANSFER_STRIDE = 16
      RESIZE_STAMP_BITS = 16
      MAX_RESIZERS = 65535
      RESIZE_STAMP_SHIFT = 16
      MOVED = -1
      TREEBIN = -2
      RESERVED = -3
      HASH_BITS = 2147483647
      NCPU = 16
      serialPersistentFields = class java.io.ObjectStreamField[3]
      table = class java.util.concurrent.ConcurrentHashMap$Node[128]
      nextTable = null
      baseCount = 58
      sizeCtl = 96
      transferIndex = 0
      cellsBusy = 0
      counterCells = null
      keySet = null
      values = null
      entrySet = null
      U = class sun.misc.Unsafe@3cfff00b
      SIZECTL = 20
      TRANSFERINDEX = 32
      BASECOUNT = 24
      CELLSBUSY = 36
      CELLVALUE = 144
      ABASE = 16
      ASHIFT = 2
      keySet = null
      values = null
    deferredMetaDataFactories = class com.ibm.wsspi.kernel.service.utils.ConcurrentServiceReferenceSet@25b14ec9
      referenceName = "deferredMetaDataFactory"
      contextRef = class java.util.concurrent.atomic.AtomicReference@365d5e9c
      elementMap = class java.util.LinkedHashMap@764a788d
      elementSet = class java.util.concurrent.ConcurrentSkipListSet@690cfd4
      elementSetUnsorted = false
      serialVersionUID = 756240983881166148
      $$$tc$$$ = class com.ibm.websphere.ras.TraceComponent@50a1d37
    deferredMetaDataInitializers = class com.ibm.wsspi.kernel.service.utils.ConcurrentServiceReferenceMap@38cd312e
      referenceName = "deferredMetaDataFactory"
      context = class org.apache.felix.scr.impl.manager.ComponentContextImpl@79efef81
      elementMap = class java.util.concurrent.ConcurrentHashMap@5d9943df
      serialVersionUID = 6980924785166233786
      $$$tc$$$ = class com.ibm.websphere.ras.TraceComponent@1480b50c
    serialVersionUID = -2494605732980966097
    $$$tc$$$ = class com.ibm.websphere.ras.TraceComponent@5a9e28e4
      strings[0] = "TraceComponent[com.ibm.ws.container.service.metadata.internal.MetaDataServiceImpl,class com.ibm.ws.container.service.metadata.internal.MetaDataServiceImpl,[Runtime],null,null]"
  stateChangeService = class com.ibm.ws.container.service.state.internal.StateChangeServiceImpl@3b7da2b2
    applicationStateManager = class com.ibm.ws.container.service.state.internal.ApplicationStateManager@47887d29
      serialVersionUID = -6685368059484454124
      $$$tc$$$ = class com.ibm.websphere.ras.TraceComponent@1723738e
      listeners = class com.ibm.wsspi.kernel.service.utils.ConcurrentServiceReferenceSet@551ace35
      serialVersionUID = 2284273176985484160
      $$$tc$$$ = class com.ibm.websphere.ras.TraceComponent@54819e35
    moduleStateManager = class com.ibm.ws.container.service.state.internal.ModuleStateManager@765ff870
      serialVersionUID = -5540260902341249963
      $$$tc$$$ = class com.ibm.websphere.ras.TraceComponent@10c2748c
      listeners = class com.ibm.wsspi.kernel.service.utils.ConcurrentServiceReferenceSet@38fe6c30
      serialVersionUID = 2284273176985484160
      $$$tc$$$ = class com.ibm.websphere.ras.TraceComponent@54819e35
    serialVersionUID = -537917915330350560
    $$$tc$$$ = class com.ibm.websphere.ras.TraceComponent@7268768c
      strings[0] = "TraceComponent[com.ibm.ws.container.service.state.internal.StateChangeServiceImpl,class com.ibm.ws.container.service.state.internal.StateChangeServiceImpl,[Runtime],null,null]"
  moduleClassesInfo = class com.ibm.ws.app.manager.module.internal.SimpleDeployedAppInfoBase$ModuleClassesInfoProvider@1151f5bb
    entryContainerInfosMap = class java.util.HashMap@39bc9ab
      serialVersionUID = 362498820763181265
      DEFAULT_INITIAL_CAPACITY = 16
      MAXIMUM_CAPACITY = 1073741824
      DEFAULT_LOAD_FACTOR = 0.75
      TREEIFY_THRESHOLD = 8
      UNTREEIFY_THRESHOLD = 6
      MIN_TREEIFY_CAPACITY = 64
      table = class java.util.HashMap$Node[16]
      entrySet = null
      size = 2
      modCount = 2
      threshold = 12
      loadFactor = 0.75
      keySet = null
      values = null
    serialVersionUID = -70332790531324534
    $$$tc$$$ = class com.ibm.websphere.ras.TraceComponent@4a5dc30e
      strings[0] = "TraceComponent[com.ibm.ws.app.manager.module.internal.SimpleDeployedAppInfoBase$ModuleClassesInfoProvider,class com.ibm.ws.app.manager.module.internal.SimpleDeployedAppInfoBase$ModuleClassesInfoProvider,[applications, app.manager],null,null]"
  moduleContainerInfos = class java.util.ArrayList@6ece1dcc
    serialVersionUID = 8683452581122892189
    DEFAULT_CAPACITY = 10
    EMPTY_ELEMENTDATA = class java.lang.Object[0]
    DEFAULTCAPACITY_EMPTY_ELEMENTDATA = class java.lang.Object[0]
    elementData = class java.lang.Object[10]
      Object[0] = class com.ibm.ws.app.manager.module.internal.SimpleDeployedAppInfoBase$EJBModuleContainerInfo@4185f9dd
      Object[1] = class com.ibm.ws.app.manager.module.internal.SimpleDeployedAppInfoBase$WebModuleContainerInfo@39824fc
      Object[2] = null
      Object[3] = null
      Object[4] = null
      Object[5] = null
      Object[6] = null
      Object[7] = null
      Object[8] = null
      Object[9] = null
    size = 2
    MAX_ARRAY_SIZE = 2147483639
    modCount = 2
    MAX_ARRAY_SIZE = 2147483639
  activeModuleHandlers = class java.util.IdentityHashMap@107e9e87
    DEFAULT_CAPACITY = 32
    MINIMUM_CAPACITY = 4
    MAXIMUM_CAPACITY = 536870912
    table = class java.lang.Object[16]
      Object[0] = null
      Object[1] = null
      Object[2] = null
      Object[3] = null
      Object[4] = null
      Object[5] = null
      Object[6] = null
      Object[7] = null
      Object[8] = null
      Object[9] = null
      Object[10] = null
      Object[11] = null
      Object[12] = null
      Object[13] = null
      Object[14] = null
      Object[15] = null
    size = 0
    modCount = 4
    NULL_KEY = class java.lang.Object@5d412f99
    entrySet = null
    serialVersionUID = 8188218128353913216
    keySet = null
    values = null
  serialVersionUID = -2685719801501752993
  $$$tc$$$ = class com.ibm.websphere.ras.TraceComponent@93f7d54
    strings[0] = "TraceComponent[com.ibm.ws.app.manager.module.internal.SimpleDeployedAppInfoBase,class com.ibm.ws.app.manager.module.internal.SimpleDeployedAppInfoBase,[applications, app.manager],null,null]"

