------Start of DE processing------ = [6/10/25 11:41:08:591 CEST]
Exception = java.lang.NoClassDefFoundError
Source = com.ibm.ws.artifact.zip-1.0.81.cl230920230904-1158
probeid = log
Stack Dump = java.lang.NoClassDefFoundError: com/ibm/ws/logging/internal/osgi/TrOSGiLogForwarder$1
	at com.ibm.ws.logging.internal.osgi.TrOSGiLogForwarder.logged(TrOSGiLogForwarder.java:124)
	at org.eclipse.osgi.internal.log.ExtendedLogReaderServiceFactory.safeLogged(ExtendedLogReaderServiceFactory.java:107)
	at org.eclipse.osgi.internal.log.ExtendedLogReaderServiceFactory.logPrivileged(ExtendedLogReaderServiceFactory.java:250)
	at org.eclipse.osgi.internal.log.ExtendedLogReaderServiceFactory.log(ExtendedLogReaderServiceFactory.java:222)
	at org.eclipse.osgi.internal.log.ExtendedLogServiceFactory.log(ExtendedLogServiceFactory.java:102)
	at org.eclipse.osgi.internal.log.LoggerImpl.log(LoggerImpl.java:88)
	at org.eclipse.osgi.internal.log.LogServiceManager.frameworkEvent(LogServiceManager.java:185)
	at org.eclipse.osgi.internal.framework.BundleContextImpl.dispatchEvent(BundleContextImpl.java:973)
	at org.eclipse.osgi.framework.eventmgr.EventManager.dispatchEvent(EventManager.java:234)
	at org.eclipse.osgi.framework.eventmgr.EventManager$EventThread.run(EventManager.java:345)

Dump of callerThis
Object type = org.eclipse.osgi.internal.log.ExtendedLogEntryImpl
  nextSequenceNumber = 15
  nextThreadId = 1
  threadIds = null
  loggerName = "Events.Framework.com.ibm.ws.artifact.zip"
  bundle = class org.eclipse.osgi.internal.framework.EquinoxBundle@60b835f8
    equinoxContainer = class org.eclipse.osgi.internal.framework.EquinoxContainer@7d1b2721
      NAME = "org.eclipse.osgi"
      secureAction = class org.eclipse.osgi.framework.util.SecureAction@7fe974fb
      connectModules = class org.eclipse.osgi.internal.framework.EquinoxContainer$ConnectModules@1fc94885
      equinoxConfig = class org.eclipse.osgi.internal.framework.EquinoxConfiguration@25f9ce49
      logServices = class org.eclipse.osgi.internal.log.EquinoxLogServices@7c5a8ad5
      storage = class org.eclipse.osgi.storage.Storage@48a06709
      bootDelegation = class java.util.HashSet@1df893f8
      bootDelegationStems = class java.lang.String[12]
      bootDelegateAll = false
      isProcessClassRecursionSupportedByAll = false
      eventPublisher = class org.eclipse.osgi.internal.framework.EquinoxEventPublisher@5ebcbdbc
      monitor = class java.lang.Object@15ef114d
      bootLoader = class org.eclipse.osgi.internal.framework.EquinoxContainer$1@4c51275b
      serviceRegistry = class org.eclipse.osgi.internal.serviceregistry.ServiceRegistry@7e171784
      contextFinder = class org.eclipse.osgi.internal.framework.ContextFinder@43ae5e43
      signedContentFactory = class org.osgi.util.tracker.ServiceTracker@457d14a7
      executor = class java.util.concurrent.ScheduledThreadPoolExecutor@2875003c
      storageSaver = class org.eclipse.osgi.internal.framework.StorageSaver@6d5b9196
    module = class org.eclipse.osgi.internal.framework.EquinoxBundle$EquinoxModule@3cd6fde3
      this$0 = class org.eclipse.osgi.internal.framework.EquinoxBundle@60b835f8
      ACTIVE_SET = class java.util.RegularEnumSet@403f0fee
      RESOLVED_SET = class java.util.RegularEnumSet@216fa70b
      id = 39
      location = "feature@reference:file:/energy_consumption/sample.daytrader7/daytrader-ee7/target/liberty/wlp/lib/com.ibm.ws.artifact.zip_1.0.81.jar"
      revisions = class org.eclipse.osgi.container.ModuleRevisions@571aea6d
      stateChangeLock = class org.eclipse.osgi.internal.container.EquinoxReentrantLock@2e63fc23
      stateTransitionEvents = class java.util.RegularEnumSet@4da7becd
      settings = class java.util.RegularEnumSet@5d9ffbe0
      inStart = class java.util.concurrent.atomic.AtomicInteger@5d563bbc
      state = class org.eclipse.osgi.container.Module$State@326719c8
      startlevel = 11
      lastModified = 1749548260884
      VALID_RESOLVED_TRANSITION = class java.util.RegularEnumSet@932c0a9
      VALID_STOPPED_TRANSITION = class java.util.RegularEnumSet@33a7b683
      $SWITCH_TABLE$org$eclipse$osgi$container$ModuleContainerAdaptor$ModuleEvent = {1,2,3,4,5,6,7,8,9,10} /* array length = 10 */
    monitor = class java.lang.Object@1822b023
    context = class org.eclipse.osgi.internal.framework.BundleContextImpl@3619643a
      valid = true
      bundle = class org.eclipse.osgi.internal.framework.EquinoxBundle@60b835f8
      container = class org.eclipse.osgi.internal.framework.EquinoxContainer@7d1b2721
      debug = class org.eclipse.osgi.internal.debug.Debug@11fc814e
      servicesInUse = class java.util.HashMap@69410e2e
      activator = null
      contextLock = class java.lang.Object@71f659f9
    signedContent = null
    $SWITCH_TABLE$org$eclipse$osgi$container$Module$State = {1,2,3,4,5,6,7} /* array length = 7 */
  level = 1
  logLevelEnum = class org.osgi.service.log.LogLevel@65bbfaa9
    AUDIT = class org.osgi.service.log.LogLevel@45a07595
      AUDIT = class org.osgi.service.log.LogLevel@45a07595
      ERROR = class org.osgi.service.log.LogLevel@65bbfaa9
      WARN = class org.osgi.service.log.LogLevel@76063b19
      INFO = class org.osgi.service.log.LogLevel@7ff4a13a
      DEBUG = class org.osgi.service.log.LogLevel@abaf773
      TRACE = class org.osgi.service.log.LogLevel@34904b27
      ENUM$VALUES = class org.osgi.service.log.LogLevel[6]
      name = "AUDIT"
      ordinal = 0
    ERROR = class org.osgi.service.log.LogLevel@65bbfaa9
    WARN = class org.osgi.service.log.LogLevel@76063b19
      AUDIT = class org.osgi.service.log.LogLevel@45a07595
      ERROR = class org.osgi.service.log.LogLevel@65bbfaa9
      WARN = class org.osgi.service.log.LogLevel@76063b19
      INFO = class org.osgi.service.log.LogLevel@7ff4a13a
      DEBUG = class org.osgi.service.log.LogLevel@abaf773
      TRACE = class org.osgi.service.log.LogLevel@34904b27
      ENUM$VALUES = class org.osgi.service.log.LogLevel[6]
      name = "WARN"
      ordinal = 2
    INFO = class org.osgi.service.log.LogLevel@7ff4a13a
      AUDIT = class org.osgi.service.log.LogLevel@45a07595
      ERROR = class org.osgi.service.log.LogLevel@65bbfaa9
      WARN = class org.osgi.service.log.LogLevel@76063b19
      INFO = class org.osgi.service.log.LogLevel@7ff4a13a
      DEBUG = class org.osgi.service.log.LogLevel@abaf773
      TRACE = class org.osgi.service.log.LogLevel@34904b27
      ENUM$VALUES = class org.osgi.service.log.LogLevel[6]
      name = "INFO"
      ordinal = 3
    DEBUG = class org.osgi.service.log.LogLevel@abaf773
      AUDIT = class org.osgi.service.log.LogLevel@45a07595
      ERROR = class org.osgi.service.log.LogLevel@65bbfaa9
      WARN = class org.osgi.service.log.LogLevel@76063b19
      INFO = class org.osgi.service.log.LogLevel@7ff4a13a
      DEBUG = class org.osgi.service.log.LogLevel@abaf773
      TRACE = class org.osgi.service.log.LogLevel@34904b27
      ENUM$VALUES = class org.osgi.service.log.LogLevel[6]
      name = "DEBUG"
      ordinal = 4
    TRACE = class org.osgi.service.log.LogLevel@34904b27
      AUDIT = class org.osgi.service.log.LogLevel@45a07595
      ERROR = class org.osgi.service.log.LogLevel@65bbfaa9
      WARN = class org.osgi.service.log.LogLevel@76063b19
      INFO = class org.osgi.service.log.LogLevel@7ff4a13a
      DEBUG = class org.osgi.service.log.LogLevel@abaf773
      TRACE = class org.osgi.service.log.LogLevel@34904b27
      ENUM$VALUES = class org.osgi.service.log.LogLevel[6]
      name = "TRACE"
      ordinal = 5
    ENUM$VALUES = class org.osgi.service.log.LogLevel[6]
      LogLevel[0] = class org.osgi.service.log.LogLevel@45a07595
      LogLevel[1] = class org.osgi.service.log.LogLevel@65bbfaa9
      LogLevel[2] = class org.osgi.service.log.LogLevel@76063b19
      LogLevel[3] = class org.osgi.service.log.LogLevel@7ff4a13a
      LogLevel[4] = class org.osgi.service.log.LogLevel@abaf773
      LogLevel[5] = class org.osgi.service.log.LogLevel@34904b27
    name = "ERROR"
    ordinal = 1
  message = "FrameworkEvent ERROR"
  ref = null
  throwable = class java.io.IOException@3eb19973
    serialVersionUID = 7818375828146090155
    serialVersionUID = -3387516993124229948
    serialVersionUID = -3042686055658047285
    detailMessage = "Exception in opening zip file: /energy_consumption/sample.daytrader7/daytrader-ee7/target/liberty/wlp/lib/com.ibm.ws.artifact.zip_1.0.81.jar"
    UNASSIGNED_STACK = class java.lang.StackTraceElement[0]
    cause = class java.io.FileNotFoundException@1de17def
      serialVersionUID = -897856973823710492
      serialVersionUID = 7818375828146090155
      serialVersionUID = -3387516993124229948
      serialVersionUID = -3042686055658047285
      detailMessage = "/energy_consumption/sample.daytrader7/daytrader-ee7/target/liberty/wlp/lib/com.ibm.ws.artifact.zip_1.0.81.jar (No such file or directory)"
      UNASSIGNED_STACK = class java.lang.StackTraceElement[0]
      cause = class java.io.FileNotFoundException@1de17def
      stackTrace = class java.lang.StackTraceElement[222]
      SUPPRESSED_SENTINEL = class java.util.Collections$UnmodifiableRandomAccessList@59e3e2c5
      suppressedExceptions = class java.util.Collections$UnmodifiableRandomAccessList@59e3e2c5
      NULL_CAUSE_MESSAGE = "Cannot suppress a null exception."
      SELF_SUPPRESSION_MESSAGE = "Self-suppression not permitted"
      CAUSE_CAPTION = "Caused by: "
      SUPPRESSED_CAPTION = "Suppressed: "
      EMPTY_THROWABLE_ARRAY = class java.lang.Throwable[0]
      $assertionsDisabled = true
    stackTrace = class java.lang.StackTraceElement[218]
      StackTraceElement[0] = class java.lang.StackTraceElement@7c585c4c
      StackTraceElement[1] = class java.lang.StackTraceElement@7887c1f9
      StackTraceElement[2] = class java.lang.StackTraceElement@19d690b9
      StackTraceElement[3] = class java.lang.StackTraceElement@5a2c2beb
      StackTraceElement[4] = class java.lang.StackTraceElement@6428a6de
      StackTraceElement[5] = class java.lang.StackTraceElement@22663bab
      StackTraceElement[6] = class java.lang.StackTraceElement@f183406
      StackTraceElement[7] = class java.lang.StackTraceElement@3450357d
      StackTraceElement[8] = class java.lang.StackTraceElement@15ef7b7f
      StackTraceElement[9] = class java.lang.StackTraceElement@647b10a
      StackTraceElement[10] = class java.lang.StackTraceElement@48311dc0
      StackTraceElement[11] = class java.lang.StackTraceElement@7d7f3266
      StackTraceElement[12] = class java.lang.StackTraceElement@13a59a35
      StackTraceElement[13] = class java.lang.StackTraceElement@28d1b6aa
      StackTraceElement[14] = class java.lang.StackTraceElement@68ce616d
      StackTraceElement[15] = class java.lang.StackTraceElement@6c268210
      StackTraceElement[16] = class java.lang.StackTraceElement@536dc993
      StackTraceElement[17] = class java.lang.StackTraceElement@762c41b2
      StackTraceElement[18] = class java.lang.StackTraceElement@6df28313
      StackTraceElement[19] = class java.lang.StackTraceElement@359cbabf
      StackTraceElement[20] = class java.lang.StackTraceElement@880ccce
      StackTraceElement[21] = class java.lang.StackTraceElement@1cb53dbd
      StackTraceElement[22] = class java.lang.StackTraceElement@65a6cf23
      StackTraceElement[23] = class java.lang.StackTraceElement@353fd86a
      StackTraceElement[24] = class java.lang.StackTraceElement@3bd784bf
      StackTraceElement[25] = class java.lang.StackTraceElement@e3a0ead
      StackTraceElement[26] = class java.lang.StackTraceElement@5d36179e
      StackTraceElement[27] = class java.lang.StackTraceElement@160168da
      StackTraceElement[28] = class java.lang.StackTraceElement@1174f4d9
      StackTraceElement[29] = class java.lang.StackTraceElement@4f65df3c
      StackTraceElement[30] = class java.lang.StackTraceElement@2202bba9
      StackTraceElement[31] = class java.lang.StackTraceElement@3fd8508b
      StackTraceElement[32] = class java.lang.StackTraceElement@9bcb995
      StackTraceElement[33] = class java.lang.StackTraceElement@68410ba1
      StackTraceElement[34] = class java.lang.StackTraceElement@5f293af3
      StackTraceElement[35] = class java.lang.StackTraceElement@22886595
      StackTraceElement[36] = class java.lang.StackTraceElement@4e941040
      StackTraceElement[37] = class java.lang.StackTraceElement@2e681630
      StackTraceElement[38] = class java.lang.StackTraceElement@38804fac
      StackTraceElement[39] = class java.lang.StackTraceElement@59c521e4
      StackTraceElement[40] = class java.lang.StackTraceElement@37bd3c8c
      StackTraceElement[41] = class java.lang.StackTraceElement@590a65dd
      StackTraceElement[42] = class java.lang.StackTraceElement@63cdac7f
      StackTraceElement[43] = class java.lang.StackTraceElement@13f77be3
      StackTraceElement[44] = class java.lang.StackTraceElement@4df07c4d
      StackTraceElement[45] = class java.lang.StackTraceElement@475edca3
      StackTraceElement[46] = class java.lang.StackTraceElement@497e3e63
      StackTraceElement[47] = class java.lang.StackTraceElement@61fe7ccc
      StackTraceElement[48] = class java.lang.StackTraceElement@2f2266aa
      StackTraceElement[49] = class java.lang.StackTraceElement@1ea81c29
      StackTraceElement[50] = class java.lang.StackTraceElement@269db4b9
      StackTraceElement[51] = class java.lang.StackTraceElement@3497a4ba
      StackTraceElement[52] = class java.lang.StackTraceElement@8bc93b4
      StackTraceElement[53] = class java.lang.StackTraceElement@56ab9fde
      StackTraceElement[54] = class java.lang.StackTraceElement@1dd8c1ce
      StackTraceElement[55] = class java.lang.StackTraceElement@146314bb
      StackTraceElement[56] = class java.lang.StackTraceElement@782e14b0
      StackTraceElement[57] = class java.lang.StackTraceElement@72f13104
      StackTraceElement[58] = class java.lang.StackTraceElement@297c5825
      StackTraceElement[59] = class java.lang.StackTraceElement@2536577d
      StackTraceElement[60] = class java.lang.StackTraceElement@2d355cff
      StackTraceElement[61] = class java.lang.StackTraceElement@56b7314c
      StackTraceElement[62] = class java.lang.StackTraceElement@1dc1e6cf
      StackTraceElement[63] = class java.lang.StackTraceElement@a5bd7b5
      StackTraceElement[64] = class java.lang.StackTraceElement@d0ea0a5
      StackTraceElement[65] = class java.lang.StackTraceElement@625cdd19
      StackTraceElement[66] = class java.lang.StackTraceElement@70b9a803
      StackTraceElement[67] = class java.lang.StackTraceElement@248b2fde
      StackTraceElement[68] = class java.lang.StackTraceElement@5c78a862
      StackTraceElement[69] = class java.lang.StackTraceElement@58c812e1
      StackTraceElement[70] = class java.lang.StackTraceElement@650c404b
      StackTraceElement[71] = class java.lang.StackTraceElement@188476eb
      StackTraceElement[72] = class java.lang.StackTraceElement@1a6e621
      StackTraceElement[73] = class java.lang.StackTraceElement@1961b3ee
      StackTraceElement[74] = class java.lang.StackTraceElement@1ee8a691
      StackTraceElement[75] = class java.lang.StackTraceElement@2560a889
      StackTraceElement[76] = class java.lang.StackTraceElement@1341d5ea
      StackTraceElement[77] = class java.lang.StackTraceElement@7abfaaf
      StackTraceElement[78] = class java.lang.StackTraceElement@5cac18e5
      StackTraceElement[79] = class java.lang.StackTraceElement@7ca8d719
      StackTraceElement[80] = class java.lang.StackTraceElement@61dbb3e3
      StackTraceElement[81] = class java.lang.StackTraceElement@397d53f5
      StackTraceElement[82] = class java.lang.StackTraceElement@52a0f0f
      StackTraceElement[83] = class java.lang.StackTraceElement@3f0000ac
      StackTraceElement[84] = class java.lang.StackTraceElement@378e804
      StackTraceElement[85] = class java.lang.StackTraceElement@5049f165
      StackTraceElement[86] = class java.lang.StackTraceElement@54ece14
      StackTraceElement[87] = class java.lang.StackTraceElement@3a74bb71
      StackTraceElement[88] = class java.lang.StackTraceElement@7e885cf3
      StackTraceElement[89] = class java.lang.StackTraceElement@61d5489e
      StackTraceElement[90] = class java.lang.StackTraceElement@121804de
      StackTraceElement[91] = class java.lang.StackTraceElement@da89adf
      StackTraceElement[92] = class java.lang.StackTraceElement@31fb305d
      StackTraceElement[93] = class java.lang.StackTraceElement@7a211f44
      StackTraceElement[94] = class java.lang.StackTraceElement@28cdda2a
      StackTraceElement[95] = class java.lang.StackTraceElement@61fad38e
      StackTraceElement[96] = class java.lang.StackTraceElement@96b6e34
      StackTraceElement[97] = class java.lang.StackTraceElement@7bc28b62
      StackTraceElement[98] = class java.lang.StackTraceElement@3d1812ba
      StackTraceElement[99] = class java.lang.StackTraceElement@a49c034
      StackTraceElement[100] = class java.lang.StackTraceElement@58010587
      StackTraceElement[101] = class java.lang.StackTraceElement@37f71c7e
      StackTraceElement[102] = class java.lang.StackTraceElement@4a0745f8
      StackTraceElement[103] = class java.lang.StackTraceElement@e8b74ec
      StackTraceElement[104] = class java.lang.StackTraceElement@5e766587
      StackTraceElement[105] = class java.lang.StackTraceElement@516d86db
      StackTraceElement[106] = class java.lang.StackTraceElement@21b5318b
      StackTraceElement[107] = class java.lang.StackTraceElement@74cc0d45
      StackTraceElement[108] = class java.lang.StackTraceElement@19fb0406
      StackTraceElement[109] = class java.lang.StackTraceElement@241d02bc
      StackTraceElement[110] = class java.lang.StackTraceElement@2cac46dd
      StackTraceElement[111] = class java.lang.StackTraceElement@381ec028
      StackTraceElement[112] = class java.lang.StackTraceElement@79042819
      StackTraceElement[113] = class java.lang.StackTraceElement@3540dd67
      StackTraceElement[114] = class java.lang.StackTraceElement@7b94ffbc
      StackTraceElement[115] = class java.lang.StackTraceElement@35457f66
      StackTraceElement[116] = class java.lang.StackTraceElement@6dd9dd37
      StackTraceElement[117] = class java.lang.StackTraceElement@5ec18e0e
      StackTraceElement[118] = class java.lang.StackTraceElement@2f4f375
      StackTraceElement[119] = class java.lang.StackTraceElement@1c540202
      StackTraceElement[120] = class java.lang.StackTraceElement@3f4754da
      StackTraceElement[121] = class java.lang.StackTraceElement@6da41cc2
      StackTraceElement[122] = class java.lang.StackTraceElement@486e2558
      StackTraceElement[123] = class java.lang.StackTraceElement@74966a45
      StackTraceElement[124] = class java.lang.StackTraceElement@71720189
      StackTraceElement[125] = class java.lang.StackTraceElement@3c7d4169
      StackTraceElement[126] = class java.lang.StackTraceElement@580e75b
      StackTraceElement[127] = class java.lang.StackTraceElement@428371ec
      StackTraceElement[128] = class java.lang.StackTraceElement@231c4e7c
      StackTraceElement[129] = class java.lang.StackTraceElement@75bc257f
      StackTraceElement[130] = class java.lang.StackTraceElement@7784aeac
      StackTraceElement[131] = class java.lang.StackTraceElement@2ed1ada1
      StackTraceElement[132] = class java.lang.StackTraceElement@6fff79a9
      StackTraceElement[133] = class java.lang.StackTraceElement@7bfc2ef4
      StackTraceElement[134] = class java.lang.StackTraceElement@29df1ee9
      StackTraceElement[135] = class java.lang.StackTraceElement@a4012d6
      StackTraceElement[136] = class java.lang.StackTraceElement@1e660006
      StackTraceElement[137] = class java.lang.StackTraceElement@47716b0
      StackTraceElement[138] = class java.lang.StackTraceElement@550e6881
      StackTraceElement[139] = class java.lang.StackTraceElement@5f521654
      StackTraceElement[140] = class java.lang.StackTraceElement@719a5b88
      StackTraceElement[141] = class java.lang.StackTraceElement@4de4019d
      StackTraceElement[142] = class java.lang.StackTraceElement@6b8832c0
      StackTraceElement[143] = class java.lang.StackTraceElement@24277953
      StackTraceElement[144] = class java.lang.StackTraceElement@7c23044
      StackTraceElement[145] = class java.lang.StackTraceElement@6ac731c8
      StackTraceElement[146] = class java.lang.StackTraceElement@40730062
      StackTraceElement[147] = class java.lang.StackTraceElement@5f0104de
      StackTraceElement[148] = class java.lang.StackTraceElement@49574f6a
      StackTraceElement[149] = class java.lang.StackTraceElement@1acd6ef9
      StackTraceElement[150] = class java.lang.StackTraceElement@42650dd2
      StackTraceElement[151] = class java.lang.StackTraceElement@1595c6b4
      StackTraceElement[152] = class java.lang.StackTraceElement@66caf773
      StackTraceElement[153] = class java.lang.StackTraceElement@1701e7f5
      StackTraceElement[154] = class java.lang.StackTraceElement@7de0735a
      StackTraceElement[155] = class java.lang.StackTraceElement@46fbaa34
      StackTraceElement[156] = class java.lang.StackTraceElement@77bbbcf7
      StackTraceElement[157] = class java.lang.StackTraceElement@6f9dc3ba
      StackTraceElement[158] = class java.lang.StackTraceElement@111917b0
      StackTraceElement[159] = class java.lang.StackTraceElement@a28a5ad
      StackTraceElement[160] = class java.lang.StackTraceElement@20defc1b
      StackTraceElement[161] = class java.lang.StackTraceElement@21df7ba9
      StackTraceElement[162] = class java.lang.StackTraceElement@78224cb5
      StackTraceElement[163] = class java.lang.StackTraceElement@37688bd1
      StackTraceElement[164] = class java.lang.StackTraceElement@60019703
      StackTraceElement[165] = class java.lang.StackTraceElement@3ad9aa99
      StackTraceElement[166] = class java.lang.StackTraceElement@50f41e93
      StackTraceElement[167] = class java.lang.StackTraceElement@23b1315f
      StackTraceElement[168] = class java.lang.StackTraceElement@4f6413a5
      StackTraceElement[169] = class java.lang.StackTraceElement@389ee5b2
      StackTraceElement[170] = class java.lang.StackTraceElement@48ee74b4
      StackTraceElement[171] = class java.lang.StackTraceElement@62ff9f3f
      StackTraceElement[172] = class java.lang.StackTraceElement@de941fe
      StackTraceElement[173] = class java.lang.StackTraceElement@42158684
      StackTraceElement[174] = class java.lang.StackTraceElement@79e511a6
      StackTraceElement[175] = class java.lang.StackTraceElement@67fd6fc2
      StackTraceElement[176] = class java.lang.StackTraceElement@205c2472
      StackTraceElement[177] = class java.lang.StackTraceElement@4e93b75b
      StackTraceElement[178] = class java.lang.StackTraceElement@1f2af70e
      StackTraceElement[179] = class java.lang.StackTraceElement@13a51856
      StackTraceElement[180] = class java.lang.StackTraceElement@529bc1e4
      StackTraceElement[181] = class java.lang.StackTraceElement@1619d83
      StackTraceElement[182] = class java.lang.StackTraceElement@493b8826
      StackTraceElement[183] = class java.lang.StackTraceElement@72e75eff
      StackTraceElement[184] = class java.lang.StackTraceElement@7e7f25a6
      StackTraceElement[185] = class java.lang.StackTraceElement@73ff226f
      StackTraceElement[186] = class java.lang.StackTraceElement@6690ee8e
      StackTraceElement[187] = class java.lang.StackTraceElement@2ec85405
      StackTraceElement[188] = class java.lang.StackTraceElement@291d166f
      StackTraceElement[189] = class java.lang.StackTraceElement@237bb579
      StackTraceElement[190] = class java.lang.StackTraceElement@427ecb06
      StackTraceElement[191] = class java.lang.StackTraceElement@2e7ac730
      StackTraceElement[192] = class java.lang.StackTraceElement@6f9512fe
      StackTraceElement[193] = class java.lang.StackTraceElement@11bba208
      StackTraceElement[194] = class java.lang.StackTraceElement@25a97dc2
      StackTraceElement[195] = class java.lang.StackTraceElement@5d927d00
      StackTraceElement[196] = class java.lang.StackTraceElement@1ad796ae
      StackTraceElement[197] = class java.lang.StackTraceElement@56b0dc1e
      StackTraceElement[198] = class java.lang.StackTraceElement@3899ec67
      StackTraceElement[199] = class java.lang.StackTraceElement@762dfc09
      StackTraceElement[200] = class java.lang.StackTraceElement@50e97684
      StackTraceElement[201] = class java.lang.StackTraceElement@e910ab
      StackTraceElement[202] = class java.lang.StackTraceElement@77642e05
      StackTraceElement[203] = class java.lang.StackTraceElement@6eb04954
      StackTraceElement[204] = class java.lang.StackTraceElement@75765f50
      StackTraceElement[205] = class java.lang.StackTraceElement@3dd2751d
      StackTraceElement[206] = class java.lang.StackTraceElement@6b1070a4
      StackTraceElement[207] = class java.lang.StackTraceElement@7866e7b
      StackTraceElement[208] = class java.lang.StackTraceElement@40cd3d04
      StackTraceElement[209] = class java.lang.StackTraceElement@6e99c29d
      StackTraceElement[210] = class java.lang.StackTraceElement@6e41aba
      StackTraceElement[211] = class java.lang.StackTraceElement@322559ab
      StackTraceElement[212] = class java.lang.StackTraceElement@1ba967f6
      StackTraceElement[213] = class java.lang.StackTraceElement@3b04d334
      StackTraceElement[214] = class java.lang.StackTraceElement@1d133f24
      StackTraceElement[215] = class java.lang.StackTraceElement@5e3c52c
      StackTraceElement[216] = class java.lang.StackTraceElement@55a594b1
      StackTraceElement[217] = class java.lang.StackTraceElement@48a57042
    SUPPRESSED_SENTINEL = class java.util.Collections$UnmodifiableRandomAccessList@59e3e2c5
      serialVersionUID = -2542308836966382001
      serialVersionUID = -283967356065247728
      list = class java.util.ArrayList@5a2665f2
      serialVersionUID = 1820017752578914078
      c = class java.util.ArrayList@5a2665f2
    suppressedExceptions = class java.util.Collections$UnmodifiableRandomAccessList@59e3e2c5
    NULL_CAUSE_MESSAGE = "Cannot suppress a null exception."
    SELF_SUPPRESSION_MESSAGE = "Self-suppression not permitted"
    CAUSE_CAPTION = "Caused by: "
    SUPPRESSED_CAPTION = "Suppressed: "
    EMPTY_THROWABLE_ARRAY = class java.lang.Throwable[0]
    $assertionsDisabled = true
  contextObject = class org.osgi.framework.FrameworkEvent@2587a50a
    serialVersionUID = 207051004521261705
    bundle = class org.eclipse.osgi.internal.framework.EquinoxBundle@60b835f8
    throwable = class java.io.IOException@3eb19973
    type = 2
    STARTED = 1
    ERROR = 2
    PACKAGES_REFRESHED = 4
    STARTLEVEL_CHANGED = 8
    WARNING = 16
    INFO = 32
    STOPPED = 64
    STOPPED_UPDATE = 128
    STOPPED_BOOTCLASSPATH_MODIFIED = 256
    WAIT_TIMEDOUT = 512
    STOPPED_SYSTEM_REFRESHED = 1024
    serialVersionUID = 5516075349620653480
    source = class org.eclipse.osgi.internal.framework.EquinoxBundle@60b835f8
  time = 1749548468586
  threadId = 27
  threadName = "Framework Event Dispatcher: Equinox Container: 56102241-e01b-4758-82fc-1aa4d027e8c3"
  sequenceNumber = 14
  stackTraceElement = null

