------Start of DE processing------ = [6/10/25 11:41:08:323 CEST]
Exception = com.ibm.ws.exception.RuntimeWarning
Source = com.ibm.ws.ejbcontainer.runtime.AbstractEJBRuntime.stop
probeid = 3059
Stack Dump = com.ibm.ws.exception.RuntimeWarning: java.lang.NoClassDefFoundError: org/omg/CosNaming/BindingListHolder
	at com.ibm.ws.ejbcontainer.runtime.AbstractEJBRuntime.uninstall(AbstractEJBRuntime.java:822)
	at com.ibm.ws.ejbcontainer.runtime.AbstractEJBRuntime.stopModule(AbstractEJBRuntime.java:668)
	at com.ibm.ws.ejbcontainer.osgi.internal.EJBRuntimeImpl.stop(EJBRuntimeImpl.java:1250)
	at com.ibm.ws.ejbcontainer.osgi.internal.EJBModuleRuntimeContainerImpl.stopModule(EJBModuleRuntimeContainerImpl.java:178)
	at com.ibm.ws.app.manager.module.internal.ModuleHandlerBase.undeployModule(ModuleHandlerBase.java:135)
	at com.ibm.ws.app.manager.module.internal.DeployedModuleInfoImpl.uninstallModule(DeployedModuleInfoImpl.java:66)
	at com.ibm.ws.app.manager.module.internal.SimpleDeployedAppInfoBase.uninstallApp(SimpleDeployedAppInfoBase.java:678)
	at com.ibm.ws.app.manager.ear.internal.EARApplicationHandlerImpl.uninstall(EARApplicationHandlerImpl.java:100)
	at com.ibm.ws.app.manager.internal.statemachine.StopAction.execute(StopAction.java:85)
	at com.ibm.ws.app.manager.internal.statemachine.ApplicationStateMachineImpl.enterState(ApplicationStateMachineImpl.java:1394)
	at com.ibm.ws.app.manager.internal.statemachine.ApplicationStateMachineImpl.performAction(ApplicationStateMachineImpl.java:1233)
	at com.ibm.ws.app.manager.internal.statemachine.ApplicationStateMachineImpl.run(ApplicationStateMachineImpl.java:920)
	at java.util.concurrent.ThreadPoolExecutor.runWorker(ThreadPoolExecutor.java:1149)
	at java.util.concurrent.ThreadPoolExecutor$Worker.run(ThreadPoolExecutor.java:624)
	at java.lang.Thread.run(Thread.java:750)
Caused by: java.lang.NoClassDefFoundError: org/omg/CosNaming/BindingListHolder
	at com.ibm.ws.ejbcontainer.remote.internal.EJBRemoteRuntimeImpl.isBindingContextEmpty(EJBRemoteRuntimeImpl.java:278)
	at com.ibm.ws.ejbcontainer.remote.internal.EJBRemoteRuntimeImpl.unbindAll(EJBRemoteRuntimeImpl.java:260)
	at com.ibm.ws.ejbcontainer.osgi.internal.NameSpaceBinderImpl.unbindBindings(NameSpaceBinderImpl.java:669)
	at com.ibm.ws.ejbcontainer.runtime.AbstractEJBRuntime.uninstall(AbstractEJBRuntime.java:767)
	... 14 more
Caused by: java.lang.ClassNotFoundException: org.omg.CosNaming.BindingListHolder cannot be found by com.ibm.ws.ejbcontainer.remote_1.0.81.cl230920230904-1158
	at org.eclipse.osgi.internal.loader.BundleLoader.generateException(BundleLoader.java:541)
	at org.eclipse.osgi.internal.loader.BundleLoader.findClass0(BundleLoader.java:487)
	at org.eclipse.osgi.internal.loader.BundleLoader.findClass(BundleLoader.java:416)
	at org.eclipse.osgi.internal.loader.ModuleClassLoader.loadClass(ModuleClassLoader.java:168)
	at java.lang.ClassLoader.loadClass(ClassLoader.java:351)
	... 18 more

Dump of callerThis
Object type = com.ibm.ws.ejbcontainer.osgi.internal.EJBRuntimeImpl
  CLASS_NAME = "com.ibm.ws.ejbcontainer.osgi.internal.EJBRuntimeImpl"
  tc = class com.ibm.websphere.ras.TraceComponent@505977a5
    strings[0] = "TraceComponent[com.ibm.ws.ejbcontainer.osgi.internal.EJBRuntimeImpl,class com.ibm.ws.ejbcontainer.osgi.internal.EJBRuntimeImpl,[EJBContainer],com.ibm.ws.ejbcontainer.osgi.internal.resources.EJBContainerMessages,null]"
  REFERENCE_INJECTION_ENGINE = "injectionEngine"
  REFERENCE_SERIALIZATION_SERVICE = "serializationService"
  REFERENCE_MDB_RUNTIME = "mdbRuntime"
  REFERENCE_JPA_CONTAINER = "jpaContainer"
  REFERENCE_JCDI_HELPER_FACTORY = "jndiHelperFactory"
  REFERENCE_EJB_ASYNC_RUNTIME = "ejbAsyncRuntime"
  REFERENCE_EJB_TIMER_RUNTIME = "ejbTimerRuntime"
  REFERENCE_EJB_PERSISTENT_TIMER_RUNTIME = "ejbPersistentTimerRuntime"
  REFERENCE_EJB_HOME_RUNTIME = "ejbHomeRuntime"
  REFERENCE_EJB_REMOTE_RUNTIME = "ejbRemoteRuntime"
  REFERENCE_EJB_MBEAN_RUNTIME = "ejbMBeanRuntime"
  REFERENCE_MANAGED_OBJECT_SERVICE = "managedObjectService"
  REFERENCE_CLASSLOADING_SERVICE = "classLoadingService"
  DEFAULT_VERSION = class org.osgi.framework.Version@165ee626
    major = 3
    minor = 1
    micro = 0
    qualifier = ""
    SEPARATOR = "."
    versionString = null
    hash = 0
    emptyVersion = class org.osgi.framework.Version@8ac840d
  REFERENCE_RUNTIME_VERSION = "ejbRuntimeVersion"
  runtimeVersion = class org.osgi.framework.Version@76f36871
    major = 3
    minor = 2
    micro = 0
    qualifier = ""
    SEPARATOR = "."
    versionString = null
    hash = 0
    emptyVersion = class org.osgi.framework.Version@8ac840d
      major = 0
      minor = 0
      micro = 0
      qualifier = ""
      SEPARATOR = "."
      versionString = "0.0.0"
      hash = 486695567
      emptyVersion = class org.osgi.framework.Version@8ac840d
  ejbMDOrchestrator = class com.ibm.ws.ejbcontainer.osgi.internal.EJBMDOrchestratorImpl@33651f04
    tc = class com.ibm.websphere.ras.TraceComponent@3a5eac0b
      strings[0] = "TraceComponent[com.ibm.ws.ejbcontainer.osgi.internal.EJBMDOrchestratorImpl,class com.ibm.ws.ejbcontainer.osgi.internal.EJBMDOrchestratorImpl,[EJBContainer],com.ibm.ws.ejbcontainer.osgi.internal.resources.EJBContainerMessages,null]"
    tcContainer = class com.ibm.websphere.ras.TraceComponent@2fa71927
      strings[0] = "TraceComponent[com.ibm.ws.ejbcontainer.osgi.internal.EJBMDOrchestratorImpl,class com.ibm.ws.ejbcontainer.osgi.internal.EJBMDOrchestratorImpl,[EJBContainer],com.ibm.ejs.container.container,null]"
    managedObjectServiceRef = class com.ibm.wsspi.kernel.service.utils.AtomicServiceReference@c6a2d0a
    EJBLOCAL_BINDING_PREFIX = "ejblocal:"
    serialVersionUID = 5915777333184165017
    CLASS_NAME = "com.ibm.ws.metadata.ejb.EJBMDOrchestrator"
    tc = class com.ibm.websphere.ras.TraceComponent@795d9639
      strings[0] = "TraceComponent[com.ibm.ws.metadata.ejb.EJBMDOrchestrator,class com.ibm.ws.metadata.ejb.EJBMDOrchestrator,[EJBContainer],com.ibm.ejs.container.container,null]"
    tcVerbose = class com.ibm.websphere.ras.TraceComponent@2dc8a11a
      strings[0] = "TraceComponent[com.ibm.ws.metadata.ejb.EJBMDOrchestrator-Verbose,class com.ibm.ws.metadata.ejb.EJBMDOrchestrator,[MetaDataVerbose],com.ibm.ejs.container.container,null]"
    tcInjection = class com.ibm.websphere.ras.TraceComponent@36b71f59
      strings[0] = "TraceComponent[com.ibm.ws.metadata.ejb.EJBMDOrchestrator-Injection,class com.ibm.ws.metadata.ejb.EJBMDOrchestrator,[Injection],com.ibm.wsspi.injectionengine.injection,null]"
    NO_PARAMS = class java.lang.Class[0]
    nameTypeFromBeanTypeMap = class java.lang.String[9]
      String[0] = null
      String[1] = "UNKNOWN"
      String[2] = "SG"
      String[3] = "SL"
      String[4] = "SF"
      String[5] = "BMP"
      String[6] = "CMP"
      String[7] = "MDB"
      String[8] = "MB"
    compressBeanTypeMap = {0,0,1,1,1,2,2,3,4} /* array length = 9 */
    Unknown_Type = 0
    Session_Type = 1
    Entity_Type = 2
    Message_Type = 3
    Managed_Type = 4
  container = class com.ibm.ejs.container.EJSContainer@e58c05d
  classDefiner = class com.ibm.ws.ejbcontainer.jitdeploy.ClassDefiner@6f567866
    svFindLoadedClassMethod = class java.lang.reflect.Method@4dbed624
      clazz = class java.lang.Class@251a69d7
      slot = 43
      name = "findLoadedClass"
      returnType = class java.lang.Class@5ffd2b27
      parameterTypes = class java.lang.Class[1]
      exceptionTypes = class java.lang.Class[0]
      modifiers = 20
      signature = "(Ljava/lang/String;)Ljava/lang/Class<*>;"
      genericInfo = null
      annotations = null
      parameterAnnotations = null
      annotationDefault = null
      methodAccessor = class sun.reflect.DelegatingMethodAccessorImpl@1689b7b
      root = class java.lang.reflect.Method@4078d53c
      hasRealParameterData = false
      parameters = null
      declaredAnnotations = null
      ACCESS_PERMISSION = class java.lang.reflect.ReflectPermission@70c3b92d
      override = true
      reflectionFactory = class sun.reflect.ReflectionFactory@37109498
      securityCheckCache = null
    svDefineClassMethod = class java.lang.reflect.Method@1a6a5de3
      clazz = class java.lang.Class@251a69d7
      slot = 26
      name = "defineClass"
      returnType = class java.lang.Class@5ffd2b27
      parameterTypes = class java.lang.Class[5]
      exceptionTypes = class java.lang.Class[1]
      modifiers = 20
      signature = "(Ljava/lang/String;[BIILjava/security/ProtectionDomain;)Ljava/lang/Class<*>;"
      genericInfo = null
      annotations = null
      parameterAnnotations = null
      annotationDefault = null
      methodAccessor = class sun.reflect.DelegatingMethodAccessorImpl@61d731e7
      root = class java.lang.reflect.Method@5a6b0c50
      hasRealParameterData = false
      parameters = null
      declaredAnnotations = null
      ACCESS_PERMISSION = class java.lang.reflect.ReflectPermission@70c3b92d
      override = true
      reflectionFactory = class sun.reflect.ReflectionFactory@37109498
      securityCheckCache = null
    svAllPermissionProtectionDomain = class java.security.ProtectionDomain@7f73b5d2
      codesource = null
      classloader = null
      principals = interface java.security.Principal[0]
      permissions = class java.security.Permissions@268f6ae2
      hasAllPerm = true
      staticPermissions = true
      key = class java.security.ProtectionDomain$Key@5b849036
      debug = null
  injectionEngineSRRef = class com.ibm.wsspi.kernel.service.utils.AtomicServiceReference@20b251d
    referenceName = "injectionEngine"
    tuple = class java.util.concurrent.atomic.AtomicReference@5b89f467
      serialVersionUID = -1848883965231344442
      unsafe = class sun.misc.Unsafe@3cfff00b
      valueOffset = 12
      value = class com.ibm.wsspi.kernel.service.utils.AtomicServiceReference$ReferenceTuple@5d0c7f98
    serialVersionUID = 2226592364007985000
    $$$tc$$$ = class com.ibm.websphere.ras.TraceComponent@20fded23
  securityCollaborator = null
  javaColonHelper = class com.ibm.ws.ejbcontainer.osgi.internal.naming.EJBJavaColonNamingHelper@190d9767
    tc = class com.ibm.websphere.ras.TraceComponent@1caeb186
      strings[0] = "TraceComponent[com.ibm.ws.ejbcontainer.osgi.internal.naming.EJBJavaColonNamingHelper,class com.ibm.ws.ejbcontainer.osgi.internal.naming.EJBJavaColonNamingHelper,[EJBContainer],com.ibm.ws.ejbcontainer.osgi.internal.resources.EJBContainerMessages,null]"
    javaColonGlobalBindings = class com.ibm.ws.container.service.naming.JavaColonNamespaceBindings@bd7d12b
      namespace = class com.ibm.ws.container.service.naming.NamingConstants$JavaColonNamespace@21d27cb4
      classNameProvider = class com.ibm.ws.ejbcontainer.osgi.internal.naming.EJBJavaColonNamingHelper@190d9767
      contextBindings = null
      contexts = null
      serialVersionUID = -4020308321774505943
      $$$tc$$$ = class com.ibm.websphere.ras.TraceComponent@122f65cd
      serialVersionUID = 362498820763181265
      DEFAULT_INITIAL_CAPACITY = 16
      MAXIMUM_CAPACITY = 1073741824
      DEFAULT_LOAD_FACTOR = 0.75
      TREEIFY_THRESHOLD = 8
      UNTREEIFY_THRESHOLD = 6
      MIN_TREEIFY_CAPACITY = 64
      table = class java.util.HashMap$Node[16]
      entrySet = null
      size = 2
      modCount = 10
      threshold = 12
      loadFactor = 0.75
      keySet = null
      values = null
    javaColonLock = class java.util.concurrent.locks.ReentrantReadWriteLock@3f4ecf2b
      serialVersionUID = -6992448646407690164
      readerLock = class java.util.concurrent.locks.ReentrantReadWriteLock$ReadLock@7b19f73e
      writerLock = class java.util.concurrent.locks.ReentrantReadWriteLock$WriteLock@7c4bf815
      sync = class java.util.concurrent.locks.ReentrantReadWriteLock$NonfairSync@a6a95ae
      UNSAFE = class sun.misc.Unsafe@3cfff00b
      TID_OFFSET = 40
    metaDataSlotService = class com.ibm.ws.container.service.metadata.internal.MetaDataSlotServiceImpl@14aab619
      metaDataService = class com.ibm.ws.container.service.metadata.internal.MetaDataServiceImpl@3848d0d2
      bundle = class org.eclipse.osgi.internal.framework.EquinoxBundle@4d57a065
      slots = class java.util.ArrayList@45203d25
      serialVersionUID = -7680974551757343059
      $$$tc$$$ = class com.ibm.websphere.ras.TraceComponent@5c4fe07
    roiFactory = class com.ibm.ws.container.service.naming.RemoteObjectInstanceFactoryImpl@68683187
      serialVersionUID = -1593201671635326830
      $$$tc$$$ = class com.ibm.websphere.ras.TraceComponent@21301722
    mmdSlot = class com.ibm.ws.runtime.metadata.MetaDataSlotImpl@6214861c
      id = 4
      destroyed = false
      metadataIntf = class java.lang.Class@6be4cc29
      manager = class com.ibm.ws.container.service.metadata.internal.ModuleMetaDataManager@209c7b61
      bundle = class org.eclipse.osgi.internal.framework.EquinoxBundle@4d57a065
    amdSlot = class com.ibm.ws.runtime.metadata.MetaDataSlotImpl@57ff5dfc
      id = 2
      destroyed = false
      metadataIntf = class java.lang.Class@c8bf837
      manager = class com.ibm.ws.container.service.metadata.internal.ApplicationMetaDataManager@37742abf
      bundle = class org.eclipse.osgi.internal.framework.EquinoxBundle@4d57a065
    serialVersionUID = -3212269771182053752
    homeRuntime = true
    remoteRuntime = true
    tc = class com.ibm.websphere.ras.TraceComponent@70a536fb
      strings[0] = "TraceComponent[com.ibm.ws.ejbcontainer.osgi.internal.naming.EJBNamingInstancer,class com.ibm.ws.ejbcontainer.osgi.internal.naming.EJBNamingInstancer,[EJBContainer],com.ibm.ws.ejbcontainer.osgi.internal.resources.EJBContainerMessages,null]"
    serialVersionUID = 3324356804805540886
  ejbLocalNamingHelper = class com.ibm.ws.ejbcontainer.osgi.internal.naming.EJBLocalNamingHelperImpl@519fe633
    tc = class com.ibm.websphere.ras.TraceComponent@5ef9659d
      strings[0] = "TraceComponent[com.ibm.ws.ejbcontainer.osgi.internal.naming.EJBLocalNamingHelperImpl,class com.ibm.ws.ejbcontainer.osgi.internal.naming.EJBLocalNamingHelperImpl,[EJBContainer],com.ibm.ejs.container.container,null]"
    EJBLocalBindings = class java.util.HashMap@374c09f1
      serialVersionUID = 362498820763181265
      DEFAULT_INITIAL_CAPACITY = 16
      MAXIMUM_CAPACITY = 1073741824
      DEFAULT_LOAD_FACTOR = 0.75
      TREEIFY_THRESHOLD = 8
      UNTREEIFY_THRESHOLD = 6
      MIN_TREEIFY_CAPACITY = 64
      table = class java.util.HashMap$Node[16]
      entrySet = null
      size = 4
      modCount = 8
      threshold = 12
      loadFactor = 0.75
      keySet = null
      values = null
    javaColonLock = class java.util.concurrent.locks.ReentrantReadWriteLock@71ae5d62
      serialVersionUID = -6992448646407690164
      readerLock = class java.util.concurrent.locks.ReentrantReadWriteLock$ReadLock@74c8243a
      writerLock = class java.util.concurrent.locks.ReentrantReadWriteLock$WriteLock@e425876
      sync = class java.util.concurrent.locks.ReentrantReadWriteLock$NonfairSync@2858320e
      UNSAFE = class sun.misc.Unsafe@3cfff00b
      TID_OFFSET = 40
    serialVersionUID = 2328192570688765915
    homeRuntime = true
    remoteRuntime = false
    tc = class com.ibm.websphere.ras.TraceComponent@70a536fb
    serialVersionUID = 3324356804805540886
  localColonNamingHelper = class com.ibm.ws.ejbcontainer.osgi.internal.naming.LocalColonEJBNamingHelperImpl@dd6212e
    tc = class com.ibm.websphere.ras.TraceComponent@4ab01801
      strings[0] = "TraceComponent[com.ibm.ws.ejbcontainer.osgi.internal.naming.LocalColonEJBNamingHelperImpl,class com.ibm.ws.ejbcontainer.osgi.internal.naming.LocalColonEJBNamingHelperImpl,[EJBContainer],com.ibm.ejs.container.container,null]"
    localColonEJBBindings = class java.util.HashMap@297556fe
      serialVersionUID = 362498820763181265
      DEFAULT_INITIAL_CAPACITY = 16
      MAXIMUM_CAPACITY = 1073741824
      DEFAULT_LOAD_FACTOR = 0.75
      TREEIFY_THRESHOLD = 8
      UNTREEIFY_THRESHOLD = 6
      MIN_TREEIFY_CAPACITY = 64
      table = null
      entrySet = null
      size = 0
      modCount = 0
      threshold = 0
      loadFactor = 0.75
      keySet = null
      values = null
    javaColonLock = class java.util.concurrent.locks.ReentrantReadWriteLock@5296051f
      serialVersionUID = -6992448646407690164
      readerLock = class java.util.concurrent.locks.ReentrantReadWriteLock$ReadLock@3fe077dc
      writerLock = class java.util.concurrent.locks.ReentrantReadWriteLock$WriteLock@67e031ce
      sync = class java.util.concurrent.locks.ReentrantReadWriteLock$NonfairSync@65eba8ee
      UNSAFE = class sun.misc.Unsafe@3cfff00b
      TID_OFFSET = 40
    serialVersionUID = 7536514625953710177
    homeRuntime = true
    remoteRuntime = false
    tc = class com.ibm.websphere.ras.TraceComponent@70a536fb
    serialVersionUID = 3324356804805540886
  scheduledExecutorService = class com.ibm.ws.threading.internal.ScheduledExecutorImpl@286c9664
    threadGroupName = "Scheduled Executor Thread Group"
    executor = class com.ibm.ws.threading.internal.ExecutorServiceImpl@6619483d
      threadPool = class java.util.concurrent.ThreadPoolExecutor@a5fa885
      threadPoolController = class com.ibm.ws.threading.internal.ThreadPoolController@405e0dbb
      poolName = "Default Executor"
      MINIMUM_POOL_SIZE = 4
      componentConfig = class org.apache.felix.scr.impl.helper.ReadOnlyDictionary@15d1bde4
      interceptorsActive = false
      interceptors = class java.util.concurrent.CopyOnWriteArraySet@6c1dbb51
      threadFactory = null
      serverStopping = true
      phaser = class java.util.concurrent.Phaser@1b712dd7
      serialVersionUID = -2043822390575305975
      $$$tc$$$ = class com.ibm.websphere.ras.TraceComponent@4c91f091
    serialVersionUID = -9110693807503469597
    $$$tc$$$ = class com.ibm.websphere.ras.TraceComponent@167fc5ce
      strings[0] = "TraceComponent[com.ibm.ws.threading.internal.ScheduledExecutorImpl,class com.ibm.ws.threading.internal.ScheduledExecutorImpl,[Threading],com.ibm.ws.threading.internal.resources.ThreadingMessages,null]"
    continueExistingPeriodicTasksAfterShutdown = false
    executeExistingDelayedTasksAfterShutdown = true
    removeOnCancel = false
    sequencer = class java.util.concurrent.atomic.AtomicLong@59d0ce06
      serialVersionUID = 1927816293512124184
      unsafe = class sun.misc.Unsafe@3cfff00b
      valueOffset = 16
      VM_SUPPORTS_LONG_CAS = true
      value = 5723784
      serialVersionUID = -8742448824652078965
    ctl = class java.util.concurrent.atomic.AtomicInteger@43afd0ad
      serialVersionUID = 6214790243416807050
      unsafe = class sun.misc.Unsafe@3cfff00b
      valueOffset = 12
      value = -536870911
      serialVersionUID = -8742448824652078965
    COUNT_BITS = 29
    CAPACITY = 536870911
    RUNNING = -536870912
    SHUTDOWN = 0
    STOP = 536870912
    TIDYING = 1073741824
    TERMINATED = 1610612736
    workQueue = class java.util.concurrent.ScheduledThreadPoolExecutor$DelayedWorkQueue@23fc4749
      INITIAL_CAPACITY = 16
      queue = interface java.util.concurrent.RunnableScheduledFuture[24]
      lock = class java.util.concurrent.locks.ReentrantLock@38ab7bb
      size = 5
      leader = class java.lang.Thread@47076bfa
      available = class java.util.concurrent.locks.AbstractQueuedSynchronizer$ConditionObject@2d331525
      MAX_ARRAY_SIZE = 2147483639
    mainLock = class java.util.concurrent.locks.ReentrantLock@3e7d58b6
      serialVersionUID = 7373984872572414699
      sync = class java.util.concurrent.locks.ReentrantLock$NonfairSync@563e8088
    workers = class java.util.HashSet@6a34291
      serialVersionUID = -5024744406713321676
      map = class java.util.HashMap@5dee829b
      PRESENT = class java.lang.Object@643e163
      MAX_ARRAY_SIZE = 2147483639
    termination = class java.util.concurrent.locks.AbstractQueuedSynchronizer$ConditionObject@3b34d050
      serialVersionUID = 1173984872572414699
      firstWaiter = null
      lastWaiter = null
      REINTERRUPT = 1
      THROW_IE = -1
      this$0 = class java.util.concurrent.locks.ReentrantLock$NonfairSync@563e8088
    largestPoolSize = 1
    completedTaskCount = 0
    threadFactory = class com.ibm.ws.threading.internal.ThreadFactoryImpl@7a330e70
      tc = class com.ibm.websphere.ras.TraceComponent@73b9db7
      TRACE_ENABLED_AT_STARTUP = false
      createdThreadCount = class java.util.concurrent.atomic.AtomicInteger@32ac7e98
      executorName = "Scheduled Executor"
      threadGroup = class java.lang.ThreadGroup@1b7fd80c
      contextClassLoader = class org.eclipse.osgi.internal.framework.ContextFinder@43ae5e43
      serialVersionUID = -3600085245630848128
    handler = class java.util.concurrent.ThreadPoolExecutor$AbortPolicy@372583c0
    keepAliveTime = 0
    allowCoreThreadTimeOut = false
    corePoolSize = 1
    maximumPoolSize = 2147483647
    defaultHandler = class java.util.concurrent.ThreadPoolExecutor$AbortPolicy@372583c0
    shutdownPerm = class java.lang.RuntimePermission@5a65e6c9
      serialVersionUID = 7399184964622342223
      serialVersionUID = 6279438298436773498
      wildcard = false
      path = "modifyThread"
      exitVM = false
      serialVersionUID = -5636570222231596674
      name = "modifyThread"
    acc = null
    ONLY_ONE = true
    $assertionsDisabled = true
  deferrableScheduledExecutorService = class com.ibm.ws.threading.internal.DeferrableScheduledExecutorImpl@b162541
    PERIOD_MILLISECONDS = 15000
    executor = class com.ibm.ws.threading.internal.ScheduledExecutorImpl@286c9664
    serialVersionUID = 4761900424000004220
    $$$tc$$$ = class com.ibm.websphere.ras.TraceComponent@6b1938c4
      strings[0] = "TraceComponent[com.ibm.ws.threading.internal.DeferrableScheduledExecutorImpl,class com.ibm.ws.threading.internal.DeferrableScheduledExecutorImpl,[Threading],com.ibm.ws.threading.internal.resources.ThreadingMessages,null]"
  j2eeNameFactory = class com.ibm.ws.container.service.metadata.internal.J2EENameFactoryImpl@562ece44
    serialVersionUID = 3486344295038028821
    $$$tc$$$ = class com.ibm.websphere.ras.TraceComponent@16cf80d1
      strings[0] = "TraceComponent[com.ibm.ws.container.service.metadata.internal.J2EENameFactoryImpl,class com.ibm.ws.container.service.metadata.internal.J2EENameFactoryImpl,[Runtime],null,null]"
  metaDataService = class com.ibm.ws.container.service.metadata.internal.MetaDataServiceImpl@3848d0d2
    applicationMetaDataManager = class com.ibm.ws.container.service.metadata.internal.ApplicationMetaDataManager@37742abf
      serialVersionUID = 1843747281024490904
      $$$tc$$$ = class com.ibm.websphere.ras.TraceComponent@6d26a321
      listeners = class com.ibm.wsspi.kernel.service.utils.ConcurrentServiceReferenceSet@167e64cd
      metaDataIDs = class com.ibm.ws.container.service.metadata.internal.IndexList@6ce2902e
      metaDatas = class java.util.ArrayList@24714907
      slotIDs = class com.ibm.ws.container.service.metadata.internal.IndexList@35506ad1
      serialVersionUID = 5464421863354792977
      $$$tc$$$ = class com.ibm.websphere.ras.TraceComponent@46d46a17
    moduleMetaDataManager = class com.ibm.ws.container.service.metadata.internal.ModuleMetaDataManager@209c7b61
      serialVersionUID = 2513574389899327209
      $$$tc$$$ = class com.ibm.websphere.ras.TraceComponent@651f486b
      listeners = class com.ibm.wsspi.kernel.service.utils.ConcurrentServiceReferenceSet@399bf77b
      metaDataIDs = class com.ibm.ws.container.service.metadata.internal.IndexList@ed691a0
      metaDatas = class java.util.ArrayList@9a2ec60
      slotIDs = class com.ibm.ws.container.service.metadata.internal.IndexList@20db24a4
      serialVersionUID = 5464421863354792977
      $$$tc$$$ = class com.ibm.websphere.ras.TraceComponent@46d46a17
    componentMetaDataManager = class com.ibm.ws.container.service.metadata.internal.ComponentMetaDataManager@282be5a6
      serialVersionUID = 8629793739641703882
      $$$tc$$$ = class com.ibm.websphere.ras.TraceComponent@19ec9bc5
      listeners = class com.ibm.wsspi.kernel.service.utils.ConcurrentServiceReferenceSet@5705f9ab
      metaDataIDs = class com.ibm.ws.container.service.metadata.internal.IndexList@1a4d406c
      metaDatas = class java.util.ArrayList@100cb9d4
      slotIDs = class com.ibm.ws.container.service.metadata.internal.IndexList@6a567f6
      serialVersionUID = 5464421863354792977
      $$$tc$$$ = class com.ibm.websphere.ras.TraceComponent@46d46a17
    methodMetaDataManager = class com.ibm.ws.container.service.metadata.internal.MethodMetaDataManager@773424b
      serialVersionUID = -8002489041502300640
      $$$tc$$$ = class com.ibm.websphere.ras.TraceComponent@dd5f326
      listeners = class com.ibm.wsspi.kernel.service.utils.ConcurrentServiceReferenceSet@675edfdf
      metaDataIDs = class com.ibm.ws.container.service.metadata.internal.IndexList@1c70aefc
      metaDatas = class java.util.ArrayList@514b9d94
      slotIDs = class com.ibm.ws.container.service.metadata.internal.IndexList@79b9aded
      serialVersionUID = 5464421863354792977
      $$$tc$$$ = class com.ibm.websphere.ras.TraceComponent@46d46a17
    appModuleNameToModuleContainer = class java.util.concurrent.ConcurrentHashMap@1144a1c8
      serialVersionUID = 7249069246763182397
      MAXIMUM_CAPACITY = 1073741824
      DEFAULT_CAPACITY = 16
      MAX_ARRAY_SIZE = 2147483639
      DEFAULT_CONCURRENCY_LEVEL = 16
      LOAD_FACTOR = 0.75
      TREEIFY_THRESHOLD = 8
      UNTREEIFY_THRESHOLD = 6
      MIN_TREEIFY_CAPACITY = 64
      MIN_TRANSFER_STRIDE = 16
      RESIZE_STAMP_BITS = 16
      MAX_RESIZERS = 65535
      RESIZE_STAMP_SHIFT = 16
      MOVED = -1
      TREEBIN = -2
      RESERVED = -3
      HASH_BITS = 2147483647
      NCPU = 16
      serialPersistentFields = class java.io.ObjectStreamField[3]
      table = class java.util.concurrent.ConcurrentHashMap$Node[16]
      nextTable = null
      baseCount = 1
      sizeCtl = 12
      transferIndex = 0
      cellsBusy = 0
      counterCells = null
      keySet = null
      values = null
      entrySet = null
      U = class sun.misc.Unsafe@3cfff00b
      SIZECTL = 20
      TRANSFERINDEX = 32
      BASECOUNT = 24
      CELLSBUSY = 36
      CELLVALUE = 144
      ABASE = 16
      ASHIFT = 2
      keySet = null
      values = null
    jeeNameToComponentMetaData = class java.util.concurrent.ConcurrentHashMap@524087f2
      serialVersionUID = 7249069246763182397
      MAXIMUM_CAPACITY = 1073741824
      DEFAULT_CAPACITY = 16
      MAX_ARRAY_SIZE = 2147483639
      DEFAULT_CONCURRENCY_LEVEL = 16
      LOAD_FACTOR = 0.75
      TREEIFY_THRESHOLD = 8
      UNTREEIFY_THRESHOLD = 6
      MIN_TREEIFY_CAPACITY = 64
      MIN_TRANSFER_STRIDE = 16
      RESIZE_STAMP_BITS = 16
      MAX_RESIZERS = 65535
      RESIZE_STAMP_SHIFT = 16
      MOVED = -1
      TREEBIN = -2
      RESERVED = -3
      HASH_BITS = 2147483647
      NCPU = 16
      serialPersistentFields = class java.io.ObjectStreamField[3]
      table = class java.util.concurrent.ConcurrentHashMap$Node[128]
      nextTable = null
      baseCount = 4
      sizeCtl = 96
      transferIndex = 0
      cellsBusy = 0
      counterCells = null
      keySet = null
      values = null
      entrySet = null
      U = class sun.misc.Unsafe@3cfff00b
      SIZECTL = 20
      TRANSFERINDEX = 32
      BASECOUNT = 24
      CELLSBUSY = 36
      CELLVALUE = 144
      ABASE = 16
      ASHIFT = 2
      keySet = null
      values = null
    deferredMetaDataFactories = class com.ibm.wsspi.kernel.service.utils.ConcurrentServiceReferenceSet@25b14ec9
      referenceName = "deferredMetaDataFactory"
      contextRef = class java.util.concurrent.atomic.AtomicReference@365d5e9c
      elementMap = class java.util.LinkedHashMap@764a788d
      elementSet = class java.util.concurrent.ConcurrentSkipListSet@690cfd4
      elementSetUnsorted = false
      serialVersionUID = 756240983881166148
      $$$tc$$$ = class com.ibm.websphere.ras.TraceComponent@50a1d37
    deferredMetaDataInitializers = class com.ibm.wsspi.kernel.service.utils.ConcurrentServiceReferenceMap@38cd312e
      referenceName = "deferredMetaDataFactory"
      context = class org.apache.felix.scr.impl.manager.ComponentContextImpl@79efef81
      elementMap = class java.util.concurrent.ConcurrentHashMap@5d9943df
      serialVersionUID = 6980924785166233786
      $$$tc$$$ = class com.ibm.websphere.ras.TraceComponent@1480b50c
    serialVersionUID = -2494605732980966097
    $$$tc$$$ = class com.ibm.websphere.ras.TraceComponent@5a9e28e4
      strings[0] = "TraceComponent[com.ibm.ws.container.service.metadata.internal.MetaDataServiceImpl,class com.ibm.ws.container.service.metadata.internal.MetaDataServiceImpl,[Runtime],null,null]"
  classLoadingService = class com.ibm.ws.classloading.internal.ClassLoadingServiceImpl@55388386
    tc = class com.ibm.websphere.ras.TraceComponent@366e2879
      strings[0] = "TraceComponent[com.ibm.ws.classloading.internal.ClassLoadingServiceImpl,class com.ibm.ws.classloading.internal.ClassLoadingServiceImpl,[ClassLoadingService],com.ibm.ws.classloading.internal.resources.ClassLoadingServiceMessages,null]"
    leakDetectionMap = class java.util.concurrent.ConcurrentHashMap@5a9ae47d
      serialVersionUID = 7249069246763182397
      MAXIMUM_CAPACITY = 1073741824
      DEFAULT_CAPACITY = 16
      MAX_ARRAY_SIZE = 2147483639
      DEFAULT_CONCURRENCY_LEVEL = 16
      LOAD_FACTOR = 0.75
      TREEIFY_THRESHOLD = 8
      UNTREEIFY_THRESHOLD = 6
      MIN_TREEIFY_CAPACITY = 64
      MIN_TRANSFER_STRIDE = 16
      RESIZE_STAMP_BITS = 16
      MAX_RESIZERS = 65535
      RESIZE_STAMP_SHIFT = 16
      MOVED = -1
      TREEBIN = -2
      RESERVED = -3
      HASH_BITS = 2147483647
      NCPU = 16
      serialPersistentFields = class java.io.ObjectStreamField[3]
      table = null
      nextTable = null
      baseCount = 0
      sizeCtl = 0
      transferIndex = 0
      cellsBusy = 0
      counterCells = null
      keySet = null
      values = null
      entrySet = null
      U = class sun.misc.Unsafe@3cfff00b
      SIZECTL = 20
      TRANSFERINDEX = 32
      BASECOUNT = 24
      CELLSBUSY = 36
      CELLVALUE = 144
      ABASE = 16
      ASHIFT = 2
      keySet = null
      values = null
    appClassLoaders = class java.util.Collections$SetFromMap@75f22ee1
      m = class java.util.WeakHashMap@2d31c2c
      s = class java.util.WeakHashMap$KeySet@7856baaf
      serialVersionUID = 2454657854757543876
      MAX_ARRAY_SIZE = 2147483639
    TCCL_LOCK_WAIT = 15000
    REFERENCE_GENERATORS = "generators"
    tcclLockStore = class com.ibm.ws.kernel.service.util.KeyBasedLockStore@24e73530
      refQueue = class java.lang.ref.ReferenceQueue@2abc8e24
      lockMap = class java.util.concurrent.ConcurrentHashMap@3cd25846
      lockCreator = class com.ibm.ws.classloading.internal.ClassLoadingServiceImpl$1@60415477
    bundleContext = class org.eclipse.osgi.internal.framework.BundleContextImpl@177ffacd
      valid = true
      bundle = class org.eclipse.osgi.internal.framework.EquinoxBundle@28c782ee
      container = class org.eclipse.osgi.internal.framework.EquinoxContainer@7d1b2721
      debug = class org.eclipse.osgi.internal.debug.Debug@11fc814e
      servicesInUse = class java.util.HashMap@69f959de
      activator = null
      contextLock = class java.lang.Object@6e85852b
    aclStore = class com.ibm.ws.classloading.internal.util.CanonicalStore@342c97df
      map = class java.util.concurrent.ConcurrentHashMap@2cfc4e5f
      q = class com.ibm.ws.classloading.internal.util.RefQueue@1b6583f3
      serialVersionUID = 6715157558227169968
      $$$tc$$$ = class com.ibm.websphere.ras.TraceComponent@48893f98
    tcclStore = class com.ibm.ws.classloading.internal.util.CanonicalStore@3918342b
      map = class java.util.concurrent.ConcurrentHashMap@1f222dc8
      q = class com.ibm.ws.classloading.internal.util.RefQueue@4b08e0cd
      serialVersionUID = 6715157558227169968
      $$$tc$$$ = class com.ibm.websphere.ras.TraceComponent@48893f98
    digraph = class org.eclipse.equinox.internal.region.StandardRegionDigraph@5df990cf
      EMPTY_EDGE_SET = class java.util.Collections$UnmodifiableSet@6004bc3c
      monitor = class java.lang.Object@1a71b07
      regions = class java.util.HashMap@43f1251d
      bundleIdToRegionMapping = class org.eclipse.equinox.internal.region.StandardBundleIdToRegionMapping@1e95fbe5
      edges = class java.util.HashMap@5b355157
      bundleContext = class org.eclipse.osgi.internal.framework.BundleContextImpl@214b199c
      threadLocal = class java.lang.ThreadLocal@62731615
      subgraphTraverser = class org.eclipse.equinox.internal.region.SubgraphTraverser@28601e8b
      bundleCollisionHook = class org.eclipse.equinox.internal.region.hook.RegionBundleCollisionHook@191b82b1
      bundleEventHook = class org.eclipse.equinox.internal.region.hook.RegionBundleEventHook@68d5d72c
      bundleFindHook = class org.eclipse.equinox.internal.region.hook.RegionBundleFindHook@126ca79d
      serviceEventHook = class org.eclipse.equinox.internal.region.hook.RegionServiceEventHook@3ad0771d
      serviceFindHook = class org.eclipse.equinox.internal.region.hook.RegionServiceFindHook@7f1b74fc
      resolverHookFactory = class org.eclipse.equinox.internal.region.hook.RegionResolverHookFactory@39b1b084
      origin = null
      originUpdateCount = -1
      updateCount = class java.util.concurrent.atomic.AtomicLong@4e96a860
      defaultRegion = null
    redefiner = class com.ibm.ws.classloading.internal.util.ClassRedefiner@402a60f5
      tc = class com.ibm.websphere.ras.TraceComponent@497378bb
      LS = "
"
      inst = class com.sun.proxy.$Proxy0@b24cf2c
      serialVersionUID = 2420101865139508526
    listener = class com.ibm.ws.classloading.internal.ClassLoadingServiceImpl$2@10688540
      this$0 = class com.ibm.ws.classloading.internal.ClassLoadingServiceImpl@55388386
      serialVersionUID = -5816835778307299777
      $$$tc$$$ = class com.ibm.websphere.ras.TraceComponent@2e24eded
    classloaders = class java.util.Collections$SynchronizedMap@6829520a
      serialVersionUID = 1978198479659022715
      m = class java.util.HashMap@66e03bf2
      mutex = class java.util.Collections$SynchronizedMap@6829520a
      keySet = null
      entrySet = null
      values = null
    resourceProviders = class com.ibm.ws.classloading.internal.CompositeResourceProvider@79c7d828
      lockFactory = class java.util.concurrent.locks.ReentrantReadWriteLock@864834
      providerMap = class com.ibm.ws.classloading.internal.util.MultiMap@6132c42
      serialVersionUID = -5576435894946156347
      $$$tc$$$ = class com.ibm.websphere.ras.TraceComponent@181bcee1
    rememberedBundles = class java.util.concurrent.ConcurrentHashMap@6a79322d
      serialVersionUID = 7249069246763182397
      MAXIMUM_CAPACITY = 1073741824
      DEFAULT_CAPACITY = 16
      MAX_ARRAY_SIZE = 2147483639
      DEFAULT_CONCURRENCY_LEVEL = 16
      LOAD_FACTOR = 0.75
      TREEIFY_THRESHOLD = 8
      UNTREEIFY_THRESHOLD = 6
      MIN_TREEIFY_CAPACITY = 64
      MIN_TRANSFER_STRIDE = 16
      RESIZE_STAMP_BITS = 16
      MAX_RESIZERS = 65535
      RESIZE_STAMP_SHIFT = 16
      MOVED = -1
      TREEBIN = -2
      RESERVED = -3
      HASH_BITS = 2147483647
      NCPU = 16
      serialPersistentFields = class java.io.ObjectStreamField[3]
      table = class java.util.concurrent.ConcurrentHashMap$Node[16]
      nextTable = null
      baseCount = 2
      sizeCtl = 12
      transferIndex = 0
      cellsBusy = 0
      counterCells = null
      keySet = null
      values = null
      entrySet = null
      U = class sun.misc.Unsafe@3cfff00b
      SIZECTL = 20
      TRANSFERINDEX = 32
      BASECOUNT = 24
      CELLSBUSY = 36
      CELLVALUE = 144
      ABASE = 16
      ASHIFT = 2
      keySet = null
      values = null
    collectedBundles = class java.lang.ref.ReferenceQueue@3e6fe8a7
      NULL = class java.lang.ref.ReferenceQueue$Null@418b3f6e
      ENQUEUED = class java.lang.ref.ReferenceQueue$Null@34d80398
      lock = class java.lang.ref.ReferenceQueue$Lock@61e370bc
      head = null
      queueLength = 0
      $assertionsDisabled = true
    generatorRefs = class com.ibm.wsspi.kernel.service.utils.ConcurrentServiceReferenceSet@1c744462
      referenceName = "generators"
      contextRef = class java.util.concurrent.atomic.AtomicReference@3a41dabc
      elementMap = class java.util.LinkedHashMap@20e983a4
      elementSet = class java.util.concurrent.ConcurrentSkipListSet@6da7c6d4
      elementSetUnsorted = false
      serialVersionUID = 756240983881166148
      $$$tc$$$ = class com.ibm.websphere.ras.TraceComponent@50a1d37
    generatorManager = class com.ibm.ws.classloading.internal.ClassGeneratorManager@5b35d95c
      tc = class com.ibm.websphere.ras.TraceComponent@27cf7f83
      generatorRefs = class com.ibm.wsspi.kernel.service.utils.ConcurrentServiceReferenceSet@1c744462
      serialVersionUID = 4152663586056483310
    appExtLibs = class java.util.concurrent.CopyOnWriteArrayList@78fe604d
      serialVersionUID = 8673264195747942595
      lock = class java.util.concurrent.locks.ReentrantLock@ed8c0dc
      array = class java.lang.Object[0]
      UNSAFE = class sun.misc.Unsafe@3cfff00b
      lockOffset = 12
    globalConfig = class com.ibm.ws.classloading.configuration.GlobalClassloadingConfiguration@39159525
      properties = class org.apache.felix.scr.impl.helper.ReadOnlyDictionary@2fd80d00
      serialVersionUID = 452562347104713756
      $$$tc$$$ = class com.ibm.websphere.ras.TraceComponent@6924b485
    systemTransformers = class java.util.concurrent.CopyOnWriteArrayList@7fc8131
      serialVersionUID = 8673264195747942595
      lock = class java.util.concurrent.locks.ReentrantLock@14a04b0e
      array = class java.lang.Object[0]
      UNSAFE = class sun.misc.Unsafe@3cfff00b
      lockOffset = 12
    metaInfServicesProviders = class java.util.concurrent.ConcurrentHashMap@72f647ab
      serialVersionUID = 7249069246763182397
      MAXIMUM_CAPACITY = 1073741824
      DEFAULT_CAPACITY = 16
      MAX_ARRAY_SIZE = 2147483639
      DEFAULT_CONCURRENCY_LEVEL = 16
      LOAD_FACTOR = 0.75
      TREEIFY_THRESHOLD = 8
      UNTREEIFY_THRESHOLD = 6
      MIN_TREEIFY_CAPACITY = 64
      MIN_TRANSFER_STRIDE = 16
      RESIZE_STAMP_BITS = 16
      MAX_RESIZERS = 65535
      RESIZE_STAMP_SHIFT = 16
      MOVED = -1
      TREEBIN = -2
      RESERVED = -3
      HASH_BITS = 2147483647
      NCPU = 16
      serialPersistentFields = class java.io.ObjectStreamField[3]
      table = null
      nextTable = null
      baseCount = 0
      sizeCtl = 0
      transferIndex = 0
      cellsBusy = 0
      counterCells = null
      keySet = null
      values = null
      entrySet = null
      U = class sun.misc.Unsafe@3cfff00b
      SIZECTL = 20
      TRANSFERINDEX = 32
      BASECOUNT = 24
      CELLSBUSY = 36
      CELLVALUE = 144
      ABASE = 16
      ASHIFT = 2
      keySet = null
      values = null
    metaInfServicesRefs = class com.ibm.wsspi.kernel.service.utils.ConcurrentServiceReferenceMap@7981adb0
      referenceName = "MetaInfServicesProvider"
      context = class org.apache.felix.scr.impl.manager.ComponentContextImpl@313ca841
      elementMap = class java.util.concurrent.ConcurrentHashMap@46457513
      serialVersionUID = 6980924785166233786
      $$$tc$$$ = class com.ibm.websphere.ras.TraceComponent@1480b50c
    protectionDomainMap = class java.util.HashMap@6c28a318
      serialVersionUID = 362498820763181265
      DEFAULT_INITIAL_CAPACITY = 16
      MAXIMUM_CAPACITY = 1073741824
      DEFAULT_LOAD_FACTOR = 0.75
      TREEIFY_THRESHOLD = 8
      UNTREEIFY_THRESHOLD = 6
      MIN_TREEIFY_CAPACITY = 64
      table = class java.util.HashMap$Node[32]
      entrySet = null
      size = 15
      modCount = 15
      threshold = 24
      loadFactor = 0.75
      keySet = class java.util.HashMap$KeySet@26773bc8
      values = null
    metadataIdentifierService = class com.ibm.ws.container.service.metadata.internal.MetaDataServiceImpl@3848d0d2
    globalSharedLibrary = class java.util.concurrent.atomic.AtomicReference@f3e52a5
      serialVersionUID = -1848883965231344442
      unsafe = class sun.misc.Unsafe@3cfff00b
      valueOffset = 12
      value = null
    serialVersionUID = 2258822036451657608
  appSlot = class com.ibm.ws.runtime.metadata.MetaDataSlotImpl@23edcd49
    id = 3
    destroyed = false
    metadataIntf = class java.lang.Class@c8bf837
      ANNOTATION = 8192
      ENUM = 16384
      SYNTHETIC = 4096
      cachedConstructor = null
      newInstanceCallerCache = null
      name = null
      allPermDomain = class java.security.ProtectionDomain@718231c9
      useCaches = true
      reflectionData = null
      classRedefinedCount = 0
      genericInfo = null
      serialVersionUID = 3206093459760846163
      serialPersistentFields = class java.io.ObjectStreamField[0]
      reflectionFactory = class sun.reflect.ReflectionFactory@37109498
      initted = true
      enumConstants = null
      enumConstantDirectory = null
      annotationData = null
      annotationType = null
      classValueMap = null
    manager = class com.ibm.ws.container.service.metadata.internal.ApplicationMetaDataManager@37742abf
    bundle = class org.eclipse.osgi.internal.framework.EquinoxBundle@4d57a065
      equinoxContainer = class org.eclipse.osgi.internal.framework.EquinoxContainer@7d1b2721
      module = class org.eclipse.osgi.internal.framework.EquinoxBundle$EquinoxModule@56e73ed5
      monitor = class java.lang.Object@117e19e3
      context = class org.eclipse.osgi.internal.framework.BundleContextImpl@4de2d98a
      signedContent = null
      $SWITCH_TABLE$org$eclipse$osgi$container$Module$State = {1,2,3,4,5,6,7} /* array length = 7 */
  userTransaction = class com.ibm.ws.transaction.services.UserTransactionService@d6d0979
    ut = class com.ibm.tx.jta.embeddable.impl.EmbeddableUserTransactionImpl@12d09e32
      tc = class com.ibm.ejs.ras.TraceComponent@52535640
      _instance = class com.ibm.tx.jta.embeddable.impl.EmbeddableUserTransactionImpl@12d09e32
      isEnabled = class com.ibm.tx.jta.embeddable.impl.EmbeddableUserTransactionImpl$1@157a04dc
      tc = class com.ibm.websphere.ras.TraceComponent@10c1a72c
      _callbackManager = class com.ibm.ws.uow.UOWScopeCallbackManager@40c80c8e
      _tm = null
      _instance = class com.ibm.tx.jta.impl.UserTransactionImpl@603b0ed5
    serialVersionUID = -1625627843543890907
    $$$tc$$$ = class com.ibm.websphere.ras.TraceComponent@39f259db
      strings[0] = "TraceComponent[com.ibm.ws.transaction.services.UserTransactionService,class com.ibm.ws.transaction.services.UserTransactionService,[transaction],com.ibm.ws.transaction.services.TransactionMessages,null]"
  resourceRefConfigFactory = class com.ibm.ws.resource.internal.ResourceRefConfigFactoryImpl@310e96ab
    serialVersionUID = -2177844205625513625
    $$$tc$$$ = class com.ibm.websphere.ras.TraceComponent@755e1272
      strings[0] = "TraceComponent[com.ibm.ws.resource.internal.ResourceRefConfigFactoryImpl,class com.ibm.ws.resource.internal.ResourceRefConfigFactoryImpl,[resource],com.ibm.ws.resource.internal.resources.Runtime,null]"
  runtimeVersionRef = class com.ibm.wsspi.kernel.service.utils.AtomicServiceReference@11f22220
    referenceName = "ejbRuntimeVersion"
    tuple = class java.util.concurrent.atomic.AtomicReference@694cde61
      serialVersionUID = -1848883965231344442
      unsafe = class sun.misc.Unsafe@3cfff00b
      valueOffset = 12
      value = class com.ibm.wsspi.kernel.service.utils.AtomicServiceReference$ReferenceTuple@658eae95
    serialVersionUID = 2226592364007985000
    $$$tc$$$ = class com.ibm.websphere.ras.TraceComponent@20fded23
  serializationServiceRef = class com.ibm.wsspi.kernel.service.utils.AtomicServiceReference@5cb832d2
    referenceName = "serializationService"
    tuple = class java.util.concurrent.atomic.AtomicReference@1e01e7bf
      serialVersionUID = -1848883965231344442
      unsafe = class sun.misc.Unsafe@3cfff00b
      valueOffset = 12
      value = class com.ibm.wsspi.kernel.service.utils.AtomicServiceReference$ReferenceTuple@41678b0e
    serialVersionUID = 2226592364007985000
    $$$tc$$$ = class com.ibm.websphere.ras.TraceComponent@20fded23
  mdbRuntimeServiceRef = class com.ibm.wsspi.kernel.service.utils.AtomicServiceReference@397bdefd
    referenceName = "mdbRuntime"
    tuple = class java.util.concurrent.atomic.AtomicReference@7d0cf9b5
      serialVersionUID = -1848883965231344442
      unsafe = class sun.misc.Unsafe@3cfff00b
      valueOffset = 12
      value = class com.ibm.wsspi.kernel.service.utils.AtomicServiceReference$ReferenceTuple@6b223a57
    serialVersionUID = 2226592364007985000
    $$$tc$$$ = class com.ibm.websphere.ras.TraceComponent@20fded23
  jpaContainerServiceRef = class com.ibm.wsspi.kernel.service.utils.AtomicServiceReference@7c85bcb7
    referenceName = "jpaContainer"
    tuple = class java.util.concurrent.atomic.AtomicReference@192c4681
      serialVersionUID = -1848883965231344442
      unsafe = class sun.misc.Unsafe@3cfff00b
      valueOffset = 12
      value = class com.ibm.wsspi.kernel.service.utils.AtomicServiceReference$ReferenceTuple@18a59ca9
    serialVersionUID = 2226592364007985000
    $$$tc$$$ = class com.ibm.websphere.ras.TraceComponent@20fded23
  jcdiHelperFactoryServiceRef = class com.ibm.wsspi.kernel.service.utils.AtomicServiceReference@7c666225
    referenceName = "jndiHelperFactory"
    tuple = class java.util.concurrent.atomic.AtomicReference@2033599e
      serialVersionUID = -1848883965231344442
      unsafe = class sun.misc.Unsafe@3cfff00b
      valueOffset = 12
      value = class com.ibm.wsspi.kernel.service.utils.AtomicServiceReference$ReferenceTuple@1ef26b7e
    serialVersionUID = 2226592364007985000
    $$$tc$$$ = class com.ibm.websphere.ras.TraceComponent@20fded23
      strings[0] = "TraceComponent[com.ibm.wsspi.kernel.service.utils.AtomicServiceReference,class com.ibm.wsspi.kernel.service.utils.AtomicServiceReference,[kernelUtils],com.ibm.ws.kernel.service.utils.resources.ServiceMessages,null]"
  ejbAsyncRuntimeServiceRef = class com.ibm.wsspi.kernel.service.utils.AtomicServiceReference@61d5f1d9
    referenceName = "ejbAsyncRuntime"
    tuple = class java.util.concurrent.atomic.AtomicReference@6d612923
      serialVersionUID = -1848883965231344442
      unsafe = class sun.misc.Unsafe@3cfff00b
      valueOffset = 12
      value = class com.ibm.wsspi.kernel.service.utils.AtomicServiceReference$ReferenceTuple@2ed5b0ee
    serialVersionUID = 2226592364007985000
    $$$tc$$$ = class com.ibm.websphere.ras.TraceComponent@20fded23
  ejbTimerRuntimeServiceRef = class com.ibm.wsspi.kernel.service.utils.AtomicServiceReference@63e4728
    referenceName = "ejbTimerRuntime"
    tuple = class java.util.concurrent.atomic.AtomicReference@543986a1
      serialVersionUID = -1848883965231344442
      unsafe = class sun.misc.Unsafe@3cfff00b
      valueOffset = 12
      value = class com.ibm.wsspi.kernel.service.utils.AtomicServiceReference$ReferenceTuple@52669ef7
    serialVersionUID = 2226592364007985000
    $$$tc$$$ = class com.ibm.websphere.ras.TraceComponent@20fded23
  ejbPersistentTimerRuntimeServiceRef = class com.ibm.wsspi.kernel.service.utils.AtomicServiceReference@578f235c
    referenceName = "ejbPersistentTimerRuntime"
    tuple = class java.util.concurrent.atomic.AtomicReference@761c99e3
      serialVersionUID = -1848883965231344442
      unsafe = class sun.misc.Unsafe@3cfff00b
      valueOffset = 12
      value = class com.ibm.wsspi.kernel.service.utils.AtomicServiceReference$ReferenceTuple@3db5c44f
    serialVersionUID = 2226592364007985000
    $$$tc$$$ = class com.ibm.websphere.ras.TraceComponent@20fded23
  ejbHomeRuntimeServiceRef = class com.ibm.wsspi.kernel.service.utils.AtomicServiceReference@183704c2
    referenceName = "ejbHomeRuntime"
    tuple = class java.util.concurrent.atomic.AtomicReference@5a8c78fc
      serialVersionUID = -1848883965231344442
      unsafe = class sun.misc.Unsafe@3cfff00b
      valueOffset = 12
      value = class com.ibm.wsspi.kernel.service.utils.AtomicServiceReference$ReferenceTuple@28f27eab
    serialVersionUID = 2226592364007985000
    $$$tc$$$ = class com.ibm.websphere.ras.TraceComponent@20fded23
  ejbRemoteRuntimeServiceRef = class com.ibm.wsspi.kernel.service.utils.AtomicServiceReference@56a26524
    referenceName = "ejbRemoteRuntime"
    tuple = class java.util.concurrent.atomic.AtomicReference@2866f52e
      serialVersionUID = -1848883965231344442
      unsafe = class sun.misc.Unsafe@3cfff00b
      valueOffset = 12
      value = class com.ibm.wsspi.kernel.service.utils.AtomicServiceReference$ReferenceTuple@182e494d
    serialVersionUID = 2226592364007985000
    $$$tc$$$ = class com.ibm.websphere.ras.TraceComponent@20fded23
  ejbMBeanRuntimeServiceRef = class com.ibm.wsspi.kernel.service.utils.AtomicServiceReference@22517fdf
    referenceName = "ejbMBeanRuntime"
    tuple = class java.util.concurrent.atomic.AtomicReference@739740f7
      serialVersionUID = -1848883965231344442
      unsafe = class sun.misc.Unsafe@3cfff00b
      valueOffset = 12
      value = class com.ibm.wsspi.kernel.service.utils.AtomicServiceReference$ReferenceTuple@4e393d9d
    serialVersionUID = 2226592364007985000
    $$$tc$$$ = class com.ibm.websphere.ras.TraceComponent@20fded23
  managedObjectServiceRef = class com.ibm.wsspi.kernel.service.utils.AtomicServiceReference@c6a2d0a
    referenceName = "managedObjectService"
    tuple = class java.util.concurrent.atomic.AtomicReference@504ff9a7
      serialVersionUID = -1848883965231344442
      unsafe = class sun.misc.Unsafe@3cfff00b
      valueOffset = 12
      value = class com.ibm.wsspi.kernel.service.utils.AtomicServiceReference$ReferenceTuple@5da0a4de
    serialVersionUID = 2226592364007985000
    $$$tc$$$ = class com.ibm.websphere.ras.TraceComponent@20fded23
  remoteFeatureLatch = null
  ejbRuntimeActive = true
  serverStopping = true
  webServicesHandlerResolver = null
  ejbPMICollaboratorFactory = null
  persistentTimerMsgLogged = false
  CACHE_SIZE = "cacheSize"
  CACHE_CLEANUP_INTERVAL = "cacheCleanupInterval"
  POOL_CLEANUP_INTERVAL = "poolCleanupInterval"
  START_EJBS_AT_APP_START = "startEJBsAtAppStart"
  BIND_TO_SERVER_ROOT = "bindToServerRoot"
  BIND_TO_JAVA_GLOBAL = "bindToJavaGlobal"
  DISABLE_SHORT_DEFAULT_BINDINGS = "disableShortDefaultBindings"
  CUSTOM_BINDINGS_ON_ERROR = "customBindingsOnError"
  checkpointPhase = class io.openliberty.checkpoint.spi.CheckpointPhase@3b5cec92
    AFTER_APP_START = class io.openliberty.checkpoint.spi.CheckpointPhase@65e8093f
      AFTER_APP_START = class io.openliberty.checkpoint.spi.CheckpointPhase@65e8093f
      BEFORE_APP_START = class io.openliberty.checkpoint.spi.CheckpointPhase@50f2a27d
      INACTIVE = class io.openliberty.checkpoint.spi.CheckpointPhase@3b5cec92
      CHECKPOINT_PROPERTY = "io.openliberty.checkpoint"
      CHECKPOINT_ACTIVE_FILTER = "(!(io.openliberty.checkpoint=INACTIVE))"
      CHECKPOINT_RESTORED_PROPERTY = "io.openliberty.checkpoint.restored"
      CONDITION_PROCESS_RUNNING_ID = "io.openliberty.process.running"
      restored = false
      noMoreAddHooks = false
      singleThreadedHooks = class java.util.ArrayList@551af3f0
      multiThreadedHooks = class java.util.ArrayList@60c6e49d
      THE_PHASE = class io.openliberty.checkpoint.spi.CheckpointPhase@3b5cec92
      DEBUG = false
      $VALUES = class io.openliberty.checkpoint.spi.CheckpointPhase[3]
      name = "AFTER_APP_START"
      ordinal = 0
    BEFORE_APP_START = class io.openliberty.checkpoint.spi.CheckpointPhase@50f2a27d
      AFTER_APP_START = class io.openliberty.checkpoint.spi.CheckpointPhase@65e8093f
      BEFORE_APP_START = class io.openliberty.checkpoint.spi.CheckpointPhase@50f2a27d
      INACTIVE = class io.openliberty.checkpoint.spi.CheckpointPhase@3b5cec92
      CHECKPOINT_PROPERTY = "io.openliberty.checkpoint"
      CHECKPOINT_ACTIVE_FILTER = "(!(io.openliberty.checkpoint=INACTIVE))"
      CHECKPOINT_RESTORED_PROPERTY = "io.openliberty.checkpoint.restored"
      CONDITION_PROCESS_RUNNING_ID = "io.openliberty.process.running"
      restored = false
      noMoreAddHooks = false
      singleThreadedHooks = class java.util.ArrayList@80c6faf
      multiThreadedHooks = class java.util.ArrayList@34eea7e5
      THE_PHASE = class io.openliberty.checkpoint.spi.CheckpointPhase@3b5cec92
      DEBUG = false
      $VALUES = class io.openliberty.checkpoint.spi.CheckpointPhase[3]
      name = "BEFORE_APP_START"
      ordinal = 1
    INACTIVE = class io.openliberty.checkpoint.spi.CheckpointPhase@3b5cec92
    CHECKPOINT_PROPERTY = "io.openliberty.checkpoint"
    CHECKPOINT_ACTIVE_FILTER = "(!(io.openliberty.checkpoint=INACTIVE))"
    CHECKPOINT_RESTORED_PROPERTY = "io.openliberty.checkpoint.restored"
    CONDITION_PROCESS_RUNNING_ID = "io.openliberty.process.running"
    restored = true
    noMoreAddHooks = true
    singleThreadedHooks = class java.util.ArrayList@144a7c13
      serialVersionUID = 8683452581122892189
      DEFAULT_CAPACITY = 10
      EMPTY_ELEMENTDATA = class java.lang.Object[0]
      DEFAULTCAPACITY_EMPTY_ELEMENTDATA = class java.lang.Object[0]
      elementData = class java.lang.Object[0]
      size = 0
      MAX_ARRAY_SIZE = 2147483639
      modCount = 0
      MAX_ARRAY_SIZE = 2147483639
    multiThreadedHooks = class java.util.ArrayList@4c23f14c
      serialVersionUID = 8683452581122892189
      DEFAULT_CAPACITY = 10
      EMPTY_ELEMENTDATA = class java.lang.Object[0]
      DEFAULTCAPACITY_EMPTY_ELEMENTDATA = class java.lang.Object[0]
      elementData = class java.lang.Object[0]
      size = 0
      MAX_ARRAY_SIZE = 2147483639
      modCount = 0
      MAX_ARRAY_SIZE = 2147483639
    THE_PHASE = class io.openliberty.checkpoint.spi.CheckpointPhase@3b5cec92
    DEBUG = false
    $VALUES = class io.openliberty.checkpoint.spi.CheckpointPhase[3]
      CheckpointPhase[0] = class io.openliberty.checkpoint.spi.CheckpointPhase@65e8093f
      CheckpointPhase[1] = class io.openliberty.checkpoint.spi.CheckpointPhase@50f2a27d
      CheckpointPhase[2] = class io.openliberty.checkpoint.spi.CheckpointPhase@3b5cec92
    name = "INACTIVE"
    ordinal = 2
  serialVersionUID = 1518657002421139722
  CLASS_NAME = "com.ibm.ws.ejbcontainer.runtime.AbstractEJBRuntime"
  tc = class com.ibm.websphere.ras.TraceComponent@74a6161
    strings[0] = "TraceComponent[com.ibm.ws.ejbcontainer.runtime.AbstractEJBRuntime,class com.ibm.ws.ejbcontainer.runtime.AbstractEJBRuntime,[EJBContainer],com.ibm.ejs.container.container,null]"
  svThreadContextAccessor = class com.ibm.ws.util.ThreadContextAccessor$ReflectionThreadContextAccessorImpl@1d4cb0a4
    field = class java.lang.reflect.Field@4fbf7248
      clazz = class java.lang.Class@20ad9418
      slot = 9
      name = "contextClassLoader"
      type = class java.lang.Class@251a69d7
      modifiers = 2
      signature = null
      genericInfo = null
      annotations = null
      fieldAccessor = null
      overrideFieldAccessor = null
      root = class java.lang.reflect.Field@33ac8a43
      declaredAnnotations = null
      ACCESS_PERMISSION = class java.lang.reflect.ReflectPermission@70c3b92d
      override = true
      reflectionFactory = class sun.reflect.ReflectionFactory@37109498
      securityCheckCache = null
    tc = class com.ibm.ejs.ras.TraceComponent@29ad4212
      strings[0] = "TraceComponent[com.ibm.ws.util.ThreadContextAccessor,class com.ibm.ws.util.ThreadContextAccessor,[Runtime],null,null]"
    PRINT_STACK_ON_SET_CTX_CLASSLOADER = false
    PRIVILEGED_ACTION = class com.ibm.ws.util.ThreadContextAccessor$1@6cf770dd
    UNCHANGED = class com.ibm.ws.util.ThreadContextAccessor$Unchanged@a900cca
    threadContextAccessor = class com.ibm.ws.util.ThreadContextAccessor$ReflectionThreadContextAccessorImpl@1d4cb0a4
  ivContainer = class com.ibm.ejs.container.EJSContainer@e58c05d
  ivInitAtStartup = false
  ivInitAtStartupSet = false
  ivDefaultDataSourceJNDIName = null
  ivUOWControl = class com.ibm.ejs.csi.TransactionControlImpl@68a803ed
    tc = class com.ibm.websphere.ras.TraceComponent@6b90d942
      strings[0] = "TraceComponent[com.ibm.ejs.csi.TransactionControlImpl,class com.ibm.ejs.csi.TransactionControlImpl,[EJBContainer],com.ibm.ejs.container.container,null]"
    CLASS_NAME = "com.ibm.ejs.csi.TransactionControlImpl"
    txService = class com.ibm.tx.jta.embeddable.impl.EmbeddableTranManagerSet@653be0c0
      tc = class com.ibm.ejs.ras.TraceComponent@82b4141
      _callbackManager = class com.ibm.ws.uow.UOWScopeCallbackManager@2fe83ca2
      tc = class com.ibm.websphere.ras.TraceComponent@674ea953
      _instance = class com.ibm.tx.jta.embeddable.impl.EmbeddableTranManagerSet@653be0c0
      _replayComplete = true
      _quiesced = true
      _thread = class com.ibm.tx.jta.embeddable.impl.EmbeddableTranManagerSet$1@639e1344
    uowCurrent = class com.ibm.tx.jta.embeddable.impl.EmbeddableTranManagerSet@653be0c0
    ltcCurrent = class com.ibm.tx.ltc.embeddable.impl.EmbeddableLocalTranCurrentSet@9db8c86
      _callbackManager = class com.ibm.ws.uow.UOWScopeCallbackManager@3a9fdba6
      _context = class com.ibm.tx.ltc.embeddable.impl.EmbeddableLocalTranCurrentSet$1@3f324706
      _instance = class com.ibm.tx.ltc.embeddable.impl.EmbeddableLocalTranCurrentSet@9db8c86
    txStrategies = class com.ibm.ejs.csi.TranStrategy[7]
      TranStrategy[0] = class com.ibm.ejs.csi.NotSupported@4eaac858
      TranStrategy[1] = class com.ibm.ejs.csi.BeanManaged@4debb5d5
      TranStrategy[2] = class com.ibm.ejs.csi.Required@2f37ff8a
      TranStrategy[3] = class com.ibm.ejs.csi.Supports@627ffbc1
      TranStrategy[4] = class com.ibm.ejs.csi.RequiresNew@7a0f07de
      TranStrategy[5] = class com.ibm.ejs.csi.Mandatory@6a5a5057
      TranStrategy[6] = class com.ibm.ejs.csi.Never@7a013939
    userTransactionImpl = class com.ibm.ws.transaction.services.UserTransactionService@d6d0979
    stickyLocalTxTable = class com.ibm.ejs.util.FastHashtable@478b3c64
      buckets = class com.ibm.ejs.util.Bucket[251]
      size = 0
    TIMEOUT_CLOCK_START = 0
    TIMEOUT_CLOCK_STOP = 2
  ivSfFailoverCache = null
  ivEJBMDOrchestrator = class com.ibm.ws.ejbcontainer.osgi.internal.EJBMDOrchestratorImpl@33651f04
  ivWebServicesHandlerResolver = null
  ivCMStatelessBeanOFactory = class com.ibm.ejs.container.CMStatelessBeanOFactory@2eeea4f9
    tc = class com.ibm.websphere.ras.TraceComponent@c61a41f
      strings[0] = "TraceComponent[com.ibm.ejs.container.BeanOFactory,class com.ibm.ejs.container.BeanOFactory,[EJBContainer],com.ibm.ejs.container.container,null]"
  ivBMStatelessBeanOFactory = null
  ivCMStatefulBeanOFactory = null
  ivBMStatefulBeanOFactory = null
  ivSingletonBeanOFactory = class com.ibm.ejs.container.SingletonBeanOFactory@709dc32a
    tc = class com.ibm.websphere.ras.TraceComponent@c61a41f
  ivManagedBeanOFactory = null

