------Start of DE processing------ = [6/10/25 11:41:08:810 CEST]
Exception = java.lang.NoClassDefFoundError
Source = com.ibm.ws.org.apache.yoko.core.1.5-1.0.81.cl230920230904-1158
probeid = log
Stack Dump = java.lang.NoClassDefFoundError: com/ibm/ws/logging/internal/osgi/TrOSGiLogForwarder$1
	at com.ibm.ws.logging.internal.osgi.TrOSGiLogForwarder.logged(TrOSGiLogForwarder.java:124)
	at org.eclipse.osgi.internal.log.ExtendedLogReaderServiceFactory.safeLogged(ExtendedLogReaderServiceFactory.java:107)
	at org.eclipse.osgi.internal.log.ExtendedLogReaderServiceFactory.logPrivileged(ExtendedLogReaderServiceFactory.java:250)
	at org.eclipse.osgi.internal.log.ExtendedLogReaderServiceFactory.log(ExtendedLogReaderServiceFactory.java:222)
	at org.eclipse.osgi.internal.log.ExtendedLogServiceFactory.log(ExtendedLogServiceFactory.java:102)
	at org.eclipse.osgi.internal.log.LoggerImpl.log(LoggerImpl.java:88)
	at org.eclipse.osgi.internal.log.LogServiceManager.frameworkEvent(LogServiceManager.java:185)
	at org.eclipse.osgi.internal.framework.BundleContextImpl.dispatchEvent(BundleContextImpl.java:973)
	at org.eclipse.osgi.framework.eventmgr.EventManager.dispatchEvent(EventManager.java:234)
	at org.eclipse.osgi.framework.eventmgr.EventManager$EventThread.run(EventManager.java:345)

Dump of callerThis
Object type = org.eclipse.osgi.internal.log.ExtendedLogEntryImpl
  nextSequenceNumber = 17
  nextThreadId = 1
  threadIds = null
  loggerName = "Events.Framework.com.ibm.ws.org.apache.yoko.core.1.5"
  bundle = class org.eclipse.osgi.internal.framework.EquinoxBundle@3a4c80e
    equinoxContainer = class org.eclipse.osgi.internal.framework.EquinoxContainer@7d1b2721
      NAME = "org.eclipse.osgi"
      secureAction = class org.eclipse.osgi.framework.util.SecureAction@7fe974fb
      connectModules = class org.eclipse.osgi.internal.framework.EquinoxContainer$ConnectModules@1fc94885
      equinoxConfig = class org.eclipse.osgi.internal.framework.EquinoxConfiguration@25f9ce49
      logServices = class org.eclipse.osgi.internal.log.EquinoxLogServices@7c5a8ad5
      storage = class org.eclipse.osgi.storage.Storage@48a06709
      bootDelegation = class java.util.HashSet@1df893f8
      bootDelegationStems = class java.lang.String[12]
      bootDelegateAll = false
      isProcessClassRecursionSupportedByAll = false
      eventPublisher = class org.eclipse.osgi.internal.framework.EquinoxEventPublisher@5ebcbdbc
      monitor = class java.lang.Object@15ef114d
      bootLoader = class org.eclipse.osgi.internal.framework.EquinoxContainer$1@4c51275b
      serviceRegistry = class org.eclipse.osgi.internal.serviceregistry.ServiceRegistry@7e171784
      contextFinder = class org.eclipse.osgi.internal.framework.ContextFinder@43ae5e43
      signedContentFactory = class org.osgi.util.tracker.ServiceTracker@457d14a7
      executor = class java.util.concurrent.ScheduledThreadPoolExecutor@2875003c
      storageSaver = class org.eclipse.osgi.internal.framework.StorageSaver@6d5b9196
    module = class org.eclipse.osgi.internal.framework.EquinoxBundle$EquinoxModule@6242135
      this$0 = class org.eclipse.osgi.internal.framework.EquinoxBundle@3a4c80e
      ACTIVE_SET = class java.util.RegularEnumSet@403f0fee
      RESOLVED_SET = class java.util.RegularEnumSet@216fa70b
      id = 158
      location = "feature@reference:file:/energy_consumption/sample.daytrader7/daytrader-ee7/target/liberty/wlp/lib/com.ibm.ws.org.apache.yoko.core.1.5_1.0.81.jar"
      revisions = class org.eclipse.osgi.container.ModuleRevisions@73b0ee30
      stateChangeLock = class org.eclipse.osgi.internal.container.EquinoxReentrantLock@21bb0a2
      stateTransitionEvents = class java.util.RegularEnumSet@db69835
      settings = class java.util.RegularEnumSet@6b585eb1
      inStart = class java.util.concurrent.atomic.AtomicInteger@1fedfc84
      state = class org.eclipse.osgi.container.Module$State@326719c8
      startlevel = 12
      lastModified = 1749548261015
      VALID_RESOLVED_TRANSITION = class java.util.RegularEnumSet@932c0a9
      VALID_STOPPED_TRANSITION = class java.util.RegularEnumSet@33a7b683
      $SWITCH_TABLE$org$eclipse$osgi$container$ModuleContainerAdaptor$ModuleEvent = {1,2,3,4,5,6,7,8,9,10} /* array length = 10 */
    monitor = class java.lang.Object@1ad646be
    context = class org.eclipse.osgi.internal.framework.BundleContextImpl@61f1ae48
      valid = true
      bundle = class org.eclipse.osgi.internal.framework.EquinoxBundle@3a4c80e
      container = class org.eclipse.osgi.internal.framework.EquinoxContainer@7d1b2721
      debug = class org.eclipse.osgi.internal.debug.Debug@11fc814e
      servicesInUse = class java.util.HashMap@402cc17b
      activator = class org.apache.yoko.orb.activator.Activator@79e28e7b
      contextLock = class java.lang.Object@50e6ea20
    signedContent = null
    $SWITCH_TABLE$org$eclipse$osgi$container$Module$State = {1,2,3,4,5,6,7} /* array length = 7 */
  level = 1
  logLevelEnum = class org.osgi.service.log.LogLevel@65bbfaa9
    AUDIT = class org.osgi.service.log.LogLevel@45a07595
      AUDIT = class org.osgi.service.log.LogLevel@45a07595
      ERROR = class org.osgi.service.log.LogLevel@65bbfaa9
      WARN = class org.osgi.service.log.LogLevel@76063b19
      INFO = class org.osgi.service.log.LogLevel@7ff4a13a
      DEBUG = class org.osgi.service.log.LogLevel@abaf773
      TRACE = class org.osgi.service.log.LogLevel@34904b27
      ENUM$VALUES = class org.osgi.service.log.LogLevel[6]
      name = "AUDIT"
      ordinal = 0
    ERROR = class org.osgi.service.log.LogLevel@65bbfaa9
    WARN = class org.osgi.service.log.LogLevel@76063b19
      AUDIT = class org.osgi.service.log.LogLevel@45a07595
      ERROR = class org.osgi.service.log.LogLevel@65bbfaa9
      WARN = class org.osgi.service.log.LogLevel@76063b19
      INFO = class org.osgi.service.log.LogLevel@7ff4a13a
      DEBUG = class org.osgi.service.log.LogLevel@abaf773
      TRACE = class org.osgi.service.log.LogLevel@34904b27
      ENUM$VALUES = class org.osgi.service.log.LogLevel[6]
      name = "WARN"
      ordinal = 2
    INFO = class org.osgi.service.log.LogLevel@7ff4a13a
      AUDIT = class org.osgi.service.log.LogLevel@45a07595
      ERROR = class org.osgi.service.log.LogLevel@65bbfaa9
      WARN = class org.osgi.service.log.LogLevel@76063b19
      INFO = class org.osgi.service.log.LogLevel@7ff4a13a
      DEBUG = class org.osgi.service.log.LogLevel@abaf773
      TRACE = class org.osgi.service.log.LogLevel@34904b27
      ENUM$VALUES = class org.osgi.service.log.LogLevel[6]
      name = "INFO"
      ordinal = 3
    DEBUG = class org.osgi.service.log.LogLevel@abaf773
      AUDIT = class org.osgi.service.log.LogLevel@45a07595
      ERROR = class org.osgi.service.log.LogLevel@65bbfaa9
      WARN = class org.osgi.service.log.LogLevel@76063b19
      INFO = class org.osgi.service.log.LogLevel@7ff4a13a
      DEBUG = class org.osgi.service.log.LogLevel@abaf773
      TRACE = class org.osgi.service.log.LogLevel@34904b27
      ENUM$VALUES = class org.osgi.service.log.LogLevel[6]
      name = "DEBUG"
      ordinal = 4
    TRACE = class org.osgi.service.log.LogLevel@34904b27
      AUDIT = class org.osgi.service.log.LogLevel@45a07595
      ERROR = class org.osgi.service.log.LogLevel@65bbfaa9
      WARN = class org.osgi.service.log.LogLevel@76063b19
      INFO = class org.osgi.service.log.LogLevel@7ff4a13a
      DEBUG = class org.osgi.service.log.LogLevel@abaf773
      TRACE = class org.osgi.service.log.LogLevel@34904b27
      ENUM$VALUES = class org.osgi.service.log.LogLevel[6]
      name = "TRACE"
      ordinal = 5
    ENUM$VALUES = class org.osgi.service.log.LogLevel[6]
      LogLevel[0] = class org.osgi.service.log.LogLevel@45a07595
      LogLevel[1] = class org.osgi.service.log.LogLevel@65bbfaa9
      LogLevel[2] = class org.osgi.service.log.LogLevel@76063b19
      LogLevel[3] = class org.osgi.service.log.LogLevel@7ff4a13a
      LogLevel[4] = class org.osgi.service.log.LogLevel@abaf773
      LogLevel[5] = class org.osgi.service.log.LogLevel@34904b27
    name = "ERROR"
    ordinal = 1
  message = "FrameworkEvent ERROR"
  ref = null
  throwable = class java.io.IOException@feb9833
    serialVersionUID = 7818375828146090155
    serialVersionUID = -3387516993124229948
    serialVersionUID = -3042686055658047285
    detailMessage = "Exception in opening zip file: /energy_consumption/sample.daytrader7/daytrader-ee7/target/liberty/wlp/lib/com.ibm.ws.org.apache.yoko.core.1.5_1.0.81.jar"
    UNASSIGNED_STACK = class java.lang.StackTraceElement[0]
    cause = class java.io.FileNotFoundException@4cec84ea
      serialVersionUID = -897856973823710492
      serialVersionUID = 7818375828146090155
      serialVersionUID = -3387516993124229948
      serialVersionUID = -3042686055658047285
      detailMessage = "/energy_consumption/sample.daytrader7/daytrader-ee7/target/liberty/wlp/lib/com.ibm.ws.org.apache.yoko.core.1.5_1.0.81.jar (No such file or directory)"
      UNASSIGNED_STACK = class java.lang.StackTraceElement[0]
      cause = class java.io.FileNotFoundException@4cec84ea
      stackTrace = class java.lang.StackTraceElement[190]
      SUPPRESSED_SENTINEL = class java.util.Collections$UnmodifiableRandomAccessList@59e3e2c5
      suppressedExceptions = class java.util.Collections$UnmodifiableRandomAccessList@59e3e2c5
      NULL_CAUSE_MESSAGE = "Cannot suppress a null exception."
      SELF_SUPPRESSION_MESSAGE = "Self-suppression not permitted"
      CAUSE_CAPTION = "Caused by: "
      SUPPRESSED_CAPTION = "Suppressed: "
      EMPTY_THROWABLE_ARRAY = class java.lang.Throwable[0]
      $assertionsDisabled = true
    stackTrace = class java.lang.StackTraceElement[186]
      StackTraceElement[0] = class java.lang.StackTraceElement@417665f1
      StackTraceElement[1] = class java.lang.StackTraceElement@2a8ee471
      StackTraceElement[2] = class java.lang.StackTraceElement@5dcd5793
      StackTraceElement[3] = class java.lang.StackTraceElement@75061922
      StackTraceElement[4] = class java.lang.StackTraceElement@72db39e
      StackTraceElement[5] = class java.lang.StackTraceElement@5a5d6266
      StackTraceElement[6] = class java.lang.StackTraceElement@6d9bd771
      StackTraceElement[7] = class java.lang.StackTraceElement@28910ce9
      StackTraceElement[8] = class java.lang.StackTraceElement@42cafb26
      StackTraceElement[9] = class java.lang.StackTraceElement@7335ff4b
      StackTraceElement[10] = class java.lang.StackTraceElement@40268e03
      StackTraceElement[11] = class java.lang.StackTraceElement@607034aa
      StackTraceElement[12] = class java.lang.StackTraceElement@75f6f049
      StackTraceElement[13] = class java.lang.StackTraceElement@29e5961b
      StackTraceElement[14] = class java.lang.StackTraceElement@5dc743b2
      StackTraceElement[15] = class java.lang.StackTraceElement@3c73e9c4
      StackTraceElement[16] = class java.lang.StackTraceElement@7ec532bb
      StackTraceElement[17] = class java.lang.StackTraceElement@7b152636
      StackTraceElement[18] = class java.lang.StackTraceElement@1c283035
      StackTraceElement[19] = class java.lang.StackTraceElement@3f36c7bd
      StackTraceElement[20] = class java.lang.StackTraceElement@68317a0a
      StackTraceElement[21] = class java.lang.StackTraceElement@3a47c5ac
      StackTraceElement[22] = class java.lang.StackTraceElement@67b3f349
      StackTraceElement[23] = class java.lang.StackTraceElement@6e31db2d
      StackTraceElement[24] = class java.lang.StackTraceElement@d330dcb
      StackTraceElement[25] = class java.lang.StackTraceElement@95dc364
      StackTraceElement[26] = class java.lang.StackTraceElement@718c50bd
      StackTraceElement[27] = class java.lang.StackTraceElement@11041512
      StackTraceElement[28] = class java.lang.StackTraceElement@4cc0fac
      StackTraceElement[29] = class java.lang.StackTraceElement@636daab2
      StackTraceElement[30] = class java.lang.StackTraceElement@70f707da
      StackTraceElement[31] = class java.lang.StackTraceElement@41ea2053
      StackTraceElement[32] = class java.lang.StackTraceElement@253fe6ad
      StackTraceElement[33] = class java.lang.StackTraceElement@2b89f082
      StackTraceElement[34] = class java.lang.StackTraceElement@6388ebfe
      StackTraceElement[35] = class java.lang.StackTraceElement@73f0a764
      StackTraceElement[36] = class java.lang.StackTraceElement@29a02d39
      StackTraceElement[37] = class java.lang.StackTraceElement@4dc9c56f
      StackTraceElement[38] = class java.lang.StackTraceElement@69ba0033
      StackTraceElement[39] = class java.lang.StackTraceElement@1f8751e7
      StackTraceElement[40] = class java.lang.StackTraceElement@37667ecb
      StackTraceElement[41] = class java.lang.StackTraceElement@348727f5
      StackTraceElement[42] = class java.lang.StackTraceElement@d0502ce
      StackTraceElement[43] = class java.lang.StackTraceElement@282862e0
      StackTraceElement[44] = class java.lang.StackTraceElement@2cbcd108
      StackTraceElement[45] = class java.lang.StackTraceElement@2109e3e5
      StackTraceElement[46] = class java.lang.StackTraceElement@43f8678
      StackTraceElement[47] = class java.lang.StackTraceElement@6f6bdb7d
      StackTraceElement[48] = class java.lang.StackTraceElement@25957309
      StackTraceElement[49] = class java.lang.StackTraceElement@4bedba95
      StackTraceElement[50] = class java.lang.StackTraceElement@3319e9d6
      StackTraceElement[51] = class java.lang.StackTraceElement@2986cfb
      StackTraceElement[52] = class java.lang.StackTraceElement@c9b5a9a
      StackTraceElement[53] = class java.lang.StackTraceElement@2a04708e
      StackTraceElement[54] = class java.lang.StackTraceElement@56af6b41
      StackTraceElement[55] = class java.lang.StackTraceElement@17912adb
      StackTraceElement[56] = class java.lang.StackTraceElement@4108fd39
      StackTraceElement[57] = class java.lang.StackTraceElement@48017596
      StackTraceElement[58] = class java.lang.StackTraceElement@65d9fab4
      StackTraceElement[59] = class java.lang.StackTraceElement@7b00d326
      StackTraceElement[60] = class java.lang.StackTraceElement@7de7184a
      StackTraceElement[61] = class java.lang.StackTraceElement@3e896fa5
      StackTraceElement[62] = class java.lang.StackTraceElement@14af3e9a
      StackTraceElement[63] = class java.lang.StackTraceElement@69cb46ca
      StackTraceElement[64] = class java.lang.StackTraceElement@2c2b36f1
      StackTraceElement[65] = class java.lang.StackTraceElement@59aa8096
      StackTraceElement[66] = class java.lang.StackTraceElement@349c3ed7
      StackTraceElement[67] = class java.lang.StackTraceElement@7d2d398
      StackTraceElement[68] = class java.lang.StackTraceElement@723be12d
      StackTraceElement[69] = class java.lang.StackTraceElement@7f9861cc
      StackTraceElement[70] = class java.lang.StackTraceElement@2a27926e
      StackTraceElement[71] = class java.lang.StackTraceElement@3b78caa1
      StackTraceElement[72] = class java.lang.StackTraceElement@1667766a
      StackTraceElement[73] = class java.lang.StackTraceElement@2acde36b
      StackTraceElement[74] = class java.lang.StackTraceElement@3c6fb0be
      StackTraceElement[75] = class java.lang.StackTraceElement@41bf5850
      StackTraceElement[76] = class java.lang.StackTraceElement@6c46b22b
      StackTraceElement[77] = class java.lang.StackTraceElement@29d5c273
      StackTraceElement[78] = class java.lang.StackTraceElement@687e7db7
      StackTraceElement[79] = class java.lang.StackTraceElement@5338c530
      StackTraceElement[80] = class java.lang.StackTraceElement@a36e296
      StackTraceElement[81] = class java.lang.StackTraceElement@df77ff9
      StackTraceElement[82] = class java.lang.StackTraceElement@167f2835
      StackTraceElement[83] = class java.lang.StackTraceElement@37b7e8f
      StackTraceElement[84] = class java.lang.StackTraceElement@3ee40e24
      StackTraceElement[85] = class java.lang.StackTraceElement@85aa6b6
      StackTraceElement[86] = class java.lang.StackTraceElement@678b1908
      StackTraceElement[87] = class java.lang.StackTraceElement@3fdc8c70
      StackTraceElement[88] = class java.lang.StackTraceElement@21d73081
      StackTraceElement[89] = class java.lang.StackTraceElement@7c655d1b
      StackTraceElement[90] = class java.lang.StackTraceElement@439948c6
      StackTraceElement[91] = class java.lang.StackTraceElement@18fde3c9
      StackTraceElement[92] = class java.lang.StackTraceElement@b68b6f
      StackTraceElement[93] = class java.lang.StackTraceElement@566d83e7
      StackTraceElement[94] = class java.lang.StackTraceElement@5fbb2e94
      StackTraceElement[95] = class java.lang.StackTraceElement@28af6d01
      StackTraceElement[96] = class java.lang.StackTraceElement@1cf66688
      StackTraceElement[97] = class java.lang.StackTraceElement@26beac4a
      StackTraceElement[98] = class java.lang.StackTraceElement@20f7e987
      StackTraceElement[99] = class java.lang.StackTraceElement@73e35ffd
      StackTraceElement[100] = class java.lang.StackTraceElement@5c8eb52f
      StackTraceElement[101] = class java.lang.StackTraceElement@f818e08
      StackTraceElement[102] = class java.lang.StackTraceElement@1025e5ae
      StackTraceElement[103] = class java.lang.StackTraceElement@79504ce0
      StackTraceElement[104] = class java.lang.StackTraceElement@50dea928
      StackTraceElement[105] = class java.lang.StackTraceElement@532c8cf5
      StackTraceElement[106] = class java.lang.StackTraceElement@6c1b0bab
      StackTraceElement[107] = class java.lang.StackTraceElement@17d76d84
      StackTraceElement[108] = class java.lang.StackTraceElement@326511bf
      StackTraceElement[109] = class java.lang.StackTraceElement@5997822
      StackTraceElement[110] = class java.lang.StackTraceElement@31eb7d69
      StackTraceElement[111] = class java.lang.StackTraceElement@1dfc9d9d
      StackTraceElement[112] = class java.lang.StackTraceElement@70e9f74
      StackTraceElement[113] = class java.lang.StackTraceElement@4918afdf
      StackTraceElement[114] = class java.lang.StackTraceElement@23f293a0
      StackTraceElement[115] = class java.lang.StackTraceElement@5a1be236
      StackTraceElement[116] = class java.lang.StackTraceElement@299d233e
      StackTraceElement[117] = class java.lang.StackTraceElement@25771785
      StackTraceElement[118] = class java.lang.StackTraceElement@122fff18
      StackTraceElement[119] = class java.lang.StackTraceElement@17a0b539
      StackTraceElement[120] = class java.lang.StackTraceElement@57e4e020
      StackTraceElement[121] = class java.lang.StackTraceElement@4a320e66
      StackTraceElement[122] = class java.lang.StackTraceElement@2708ff07
      StackTraceElement[123] = class java.lang.StackTraceElement@35138fa2
      StackTraceElement[124] = class java.lang.StackTraceElement@45068cc0
      StackTraceElement[125] = class java.lang.StackTraceElement@1f1deb38
      StackTraceElement[126] = class java.lang.StackTraceElement@7f8dcf1b
      StackTraceElement[127] = class java.lang.StackTraceElement@564a21d7
      StackTraceElement[128] = class java.lang.StackTraceElement@27dbc752
      StackTraceElement[129] = class java.lang.StackTraceElement@57efbcba
      StackTraceElement[130] = class java.lang.StackTraceElement@468b444b
      StackTraceElement[131] = class java.lang.StackTraceElement@41c891d4
      StackTraceElement[132] = class java.lang.StackTraceElement@38502fe8
      StackTraceElement[133] = class java.lang.StackTraceElement@12f04e34
      StackTraceElement[134] = class java.lang.StackTraceElement@e45e93d
      StackTraceElement[135] = class java.lang.StackTraceElement@b068f10
      StackTraceElement[136] = class java.lang.StackTraceElement@3290def7
      StackTraceElement[137] = class java.lang.StackTraceElement@2201b77f
      StackTraceElement[138] = class java.lang.StackTraceElement@3acbe03
      StackTraceElement[139] = class java.lang.StackTraceElement@3c6ddf69
      StackTraceElement[140] = class java.lang.StackTraceElement@8bed975
      StackTraceElement[141] = class java.lang.StackTraceElement@272b3d52
      StackTraceElement[142] = class java.lang.StackTraceElement@4191d312
      StackTraceElement[143] = class java.lang.StackTraceElement@1355dade
      StackTraceElement[144] = class java.lang.StackTraceElement@6d5edcb0
      StackTraceElement[145] = class java.lang.StackTraceElement@1361bde4
      StackTraceElement[146] = class java.lang.StackTraceElement@5ca7e5d9
      StackTraceElement[147] = class java.lang.StackTraceElement@619947b9
      StackTraceElement[148] = class java.lang.StackTraceElement@7ab9bc66
      StackTraceElement[149] = class java.lang.StackTraceElement@64a9a048
      StackTraceElement[150] = class java.lang.StackTraceElement@7431829
      StackTraceElement[151] = class java.lang.StackTraceElement@2ccc23f7
      StackTraceElement[152] = class java.lang.StackTraceElement@1b21e084
      StackTraceElement[153] = class java.lang.StackTraceElement@3223a848
      StackTraceElement[154] = class java.lang.StackTraceElement@2d3e6c75
      StackTraceElement[155] = class java.lang.StackTraceElement@602021be
      StackTraceElement[156] = class java.lang.StackTraceElement@7411d8fe
      StackTraceElement[157] = class java.lang.StackTraceElement@5bdf4fdc
      StackTraceElement[158] = class java.lang.StackTraceElement@55cdd16
      StackTraceElement[159] = class java.lang.StackTraceElement@649031d2
      StackTraceElement[160] = class java.lang.StackTraceElement@1e3cc396
      StackTraceElement[161] = class java.lang.StackTraceElement@3f3cce22
      StackTraceElement[162] = class java.lang.StackTraceElement@5ceb00be
      StackTraceElement[163] = class java.lang.StackTraceElement@3910a450
      StackTraceElement[164] = class java.lang.StackTraceElement@41c8f097
      StackTraceElement[165] = class java.lang.StackTraceElement@18dc7b52
      StackTraceElement[166] = class java.lang.StackTraceElement@1cb67607
      StackTraceElement[167] = class java.lang.StackTraceElement@203863e5
      StackTraceElement[168] = class java.lang.StackTraceElement@26f2733d
      StackTraceElement[169] = class java.lang.StackTraceElement@5d8f9a5a
      StackTraceElement[170] = class java.lang.StackTraceElement@7226d9a2
      StackTraceElement[171] = class java.lang.StackTraceElement@1162ab48
      StackTraceElement[172] = class java.lang.StackTraceElement@24bc49c2
      StackTraceElement[173] = class java.lang.StackTraceElement@5c05a45
      StackTraceElement[174] = class java.lang.StackTraceElement@41ef7896
      StackTraceElement[175] = class java.lang.StackTraceElement@4553b308
      StackTraceElement[176] = class java.lang.StackTraceElement@3671039
      StackTraceElement[177] = class java.lang.StackTraceElement@4726062
      StackTraceElement[178] = class java.lang.StackTraceElement@3ee393b2
      StackTraceElement[179] = class java.lang.StackTraceElement@66f0ac95
      StackTraceElement[180] = class java.lang.StackTraceElement@5dad8eaa
      StackTraceElement[181] = class java.lang.StackTraceElement@4acb840d
      StackTraceElement[182] = class java.lang.StackTraceElement@6897f0e5
      StackTraceElement[183] = class java.lang.StackTraceElement@b606d66
      StackTraceElement[184] = class java.lang.StackTraceElement@3a896a7e
      StackTraceElement[185] = class java.lang.StackTraceElement@2c746ace
    SUPPRESSED_SENTINEL = class java.util.Collections$UnmodifiableRandomAccessList@59e3e2c5
      serialVersionUID = -2542308836966382001
      serialVersionUID = -283967356065247728
      list = class java.util.ArrayList@5a2665f2
      serialVersionUID = 1820017752578914078
      c = class java.util.ArrayList@5a2665f2
    suppressedExceptions = class java.util.Collections$UnmodifiableRandomAccessList@59e3e2c5
    NULL_CAUSE_MESSAGE = "Cannot suppress a null exception."
    SELF_SUPPRESSION_MESSAGE = "Self-suppression not permitted"
    CAUSE_CAPTION = "Caused by: "
    SUPPRESSED_CAPTION = "Suppressed: "
    EMPTY_THROWABLE_ARRAY = class java.lang.Throwable[0]
    $assertionsDisabled = true
  contextObject = class org.osgi.framework.FrameworkEvent@5ac62aa4
    serialVersionUID = 207051004521261705
    bundle = class org.eclipse.osgi.internal.framework.EquinoxBundle@3a4c80e
    throwable = class java.io.IOException@feb9833
    type = 2
    STARTED = 1
    ERROR = 2
    PACKAGES_REFRESHED = 4
    STARTLEVEL_CHANGED = 8
    WARNING = 16
    INFO = 32
    STOPPED = 64
    STOPPED_UPDATE = 128
    STOPPED_BOOTCLASSPATH_MODIFIED = 256
    WAIT_TIMEDOUT = 512
    STOPPED_SYSTEM_REFRESHED = 1024
    serialVersionUID = 5516075349620653480
    source = class org.eclipse.osgi.internal.framework.EquinoxBundle@3a4c80e
  time = 1749548468805
  threadId = 27
  threadName = "Framework Event Dispatcher: Equinox Container: 56102241-e01b-4758-82fc-1aa4d027e8c3"
  sequenceNumber = 15
  stackTraceElement = null

