------Start of DE processing------ = [6/10/25 11:41:08:966 CEST]
Exception = java.lang.NoClassDefFoundError
Source = com.ibm.websphere.javaee.jstl.1.2-1.0.81.cl230920230904-1158
probeid = log
Stack Dump = java.lang.NoClassDefFoundError: com/ibm/ws/logging/internal/osgi/TrOSGiLogForwarder$1
	at com.ibm.ws.logging.internal.osgi.TrOSGiLogForwarder.logged(TrOSGiLogForwarder.java:124)
	at org.eclipse.osgi.internal.log.ExtendedLogReaderServiceFactory.safeLogged(ExtendedLogReaderServiceFactory.java:107)
	at org.eclipse.osgi.internal.log.ExtendedLogReaderServiceFactory.logPrivileged(ExtendedLogReaderServiceFactory.java:250)
	at org.eclipse.osgi.internal.log.ExtendedLogReaderServiceFactory.log(ExtendedLogReaderServiceFactory.java:222)
	at org.eclipse.osgi.internal.log.ExtendedLogServiceFactory.log(ExtendedLogServiceFactory.java:102)
	at org.eclipse.osgi.internal.log.LoggerImpl.log(LoggerImpl.java:88)
	at org.eclipse.osgi.internal.log.LogServiceManager.frameworkEvent(LogServiceManager.java:185)
	at org.eclipse.osgi.internal.framework.BundleContextImpl.dispatchEvent(BundleContextImpl.java:973)
	at org.eclipse.osgi.framework.eventmgr.EventManager.dispatchEvent(EventManager.java:234)
	at org.eclipse.osgi.framework.eventmgr.EventManager$EventThread.run(EventManager.java:345)

Dump of callerThis
Object type = org.eclipse.osgi.internal.log.ExtendedLogEntryImpl
  nextSequenceNumber = 28
  nextThreadId = 1
  threadIds = null
  loggerName = "Events.Framework.com.ibm.websphere.javaee.jstl.1.2"
  bundle = class org.eclipse.osgi.internal.framework.EquinoxBundle@279f9450
    equinoxContainer = class org.eclipse.osgi.internal.framework.EquinoxContainer@7d1b2721
      NAME = "org.eclipse.osgi"
      secureAction = class org.eclipse.osgi.framework.util.SecureAction@7fe974fb
      connectModules = class org.eclipse.osgi.internal.framework.EquinoxContainer$ConnectModules@1fc94885
      equinoxConfig = class org.eclipse.osgi.internal.framework.EquinoxConfiguration@25f9ce49
      logServices = class org.eclipse.osgi.internal.log.EquinoxLogServices@7c5a8ad5
      storage = class org.eclipse.osgi.storage.Storage@48a06709
      bootDelegation = class java.util.HashSet@1df893f8
      bootDelegationStems = class java.lang.String[12]
      bootDelegateAll = false
      isProcessClassRecursionSupportedByAll = false
      eventPublisher = class org.eclipse.osgi.internal.framework.EquinoxEventPublisher@5ebcbdbc
      monitor = class java.lang.Object@15ef114d
      bootLoader = class org.eclipse.osgi.internal.framework.EquinoxContainer$1@4c51275b
      serviceRegistry = class org.eclipse.osgi.internal.serviceregistry.ServiceRegistry@7e171784
      contextFinder = class org.eclipse.osgi.internal.framework.ContextFinder@43ae5e43
      signedContentFactory = class org.osgi.util.tracker.ServiceTracker@457d14a7
      executor = class java.util.concurrent.ScheduledThreadPoolExecutor@2875003c
      storageSaver = class org.eclipse.osgi.internal.framework.StorageSaver@6d5b9196
    module = class org.eclipse.osgi.internal.framework.EquinoxBundle$EquinoxModule@5c8bd252
      this$0 = class org.eclipse.osgi.internal.framework.EquinoxBundle@279f9450
      ACTIVE_SET = class java.util.RegularEnumSet@403f0fee
      RESOLVED_SET = class java.util.RegularEnumSet@216fa70b
      id = 80
      location = "feature@reference:file:/energy_consumption/sample.daytrader7/daytrader-ee7/target/liberty/wlp/dev/api/spec/com.ibm.websphere.javaee.jstl.1.2_1.0.81.jar"
      revisions = class org.eclipse.osgi.container.ModuleRevisions@7dd5b777
      stateChangeLock = class org.eclipse.osgi.internal.container.EquinoxReentrantLock@6110eb0
      stateTransitionEvents = class java.util.RegularEnumSet@30b6ebb0
      settings = class java.util.RegularEnumSet@7ed837ec
      inStart = class java.util.concurrent.atomic.AtomicInteger@2e66594f
      state = class org.eclipse.osgi.container.Module$State@9b231b0
      startlevel = 12
      lastModified = 1749548260930
      VALID_RESOLVED_TRANSITION = class java.util.RegularEnumSet@932c0a9
      VALID_STOPPED_TRANSITION = class java.util.RegularEnumSet@33a7b683
      $SWITCH_TABLE$org$eclipse$osgi$container$ModuleContainerAdaptor$ModuleEvent = {1,2,3,4,5,6,7,8,9,10} /* array length = 10 */
    monitor = class java.lang.Object@2de84ee9
    context = null
    signedContent = null
    $SWITCH_TABLE$org$eclipse$osgi$container$Module$State = {1,2,3,4,5,6,7} /* array length = 7 */
  level = 1
  logLevelEnum = class org.osgi.service.log.LogLevel@65bbfaa9
    AUDIT = class org.osgi.service.log.LogLevel@45a07595
      AUDIT = class org.osgi.service.log.LogLevel@45a07595
      ERROR = class org.osgi.service.log.LogLevel@65bbfaa9
      WARN = class org.osgi.service.log.LogLevel@76063b19
      INFO = class org.osgi.service.log.LogLevel@7ff4a13a
      DEBUG = class org.osgi.service.log.LogLevel@abaf773
      TRACE = class org.osgi.service.log.LogLevel@34904b27
      ENUM$VALUES = class org.osgi.service.log.LogLevel[6]
      name = "AUDIT"
      ordinal = 0
    ERROR = class org.osgi.service.log.LogLevel@65bbfaa9
    WARN = class org.osgi.service.log.LogLevel@76063b19
      AUDIT = class org.osgi.service.log.LogLevel@45a07595
      ERROR = class org.osgi.service.log.LogLevel@65bbfaa9
      WARN = class org.osgi.service.log.LogLevel@76063b19
      INFO = class org.osgi.service.log.LogLevel@7ff4a13a
      DEBUG = class org.osgi.service.log.LogLevel@abaf773
      TRACE = class org.osgi.service.log.LogLevel@34904b27
      ENUM$VALUES = class org.osgi.service.log.LogLevel[6]
      name = "WARN"
      ordinal = 2
    INFO = class org.osgi.service.log.LogLevel@7ff4a13a
      AUDIT = class org.osgi.service.log.LogLevel@45a07595
      ERROR = class org.osgi.service.log.LogLevel@65bbfaa9
      WARN = class org.osgi.service.log.LogLevel@76063b19
      INFO = class org.osgi.service.log.LogLevel@7ff4a13a
      DEBUG = class org.osgi.service.log.LogLevel@abaf773
      TRACE = class org.osgi.service.log.LogLevel@34904b27
      ENUM$VALUES = class org.osgi.service.log.LogLevel[6]
      name = "INFO"
      ordinal = 3
    DEBUG = class org.osgi.service.log.LogLevel@abaf773
      AUDIT = class org.osgi.service.log.LogLevel@45a07595
      ERROR = class org.osgi.service.log.LogLevel@65bbfaa9
      WARN = class org.osgi.service.log.LogLevel@76063b19
      INFO = class org.osgi.service.log.LogLevel@7ff4a13a
      DEBUG = class org.osgi.service.log.LogLevel@abaf773
      TRACE = class org.osgi.service.log.LogLevel@34904b27
      ENUM$VALUES = class org.osgi.service.log.LogLevel[6]
      name = "DEBUG"
      ordinal = 4
    TRACE = class org.osgi.service.log.LogLevel@34904b27
      AUDIT = class org.osgi.service.log.LogLevel@45a07595
      ERROR = class org.osgi.service.log.LogLevel@65bbfaa9
      WARN = class org.osgi.service.log.LogLevel@76063b19
      INFO = class org.osgi.service.log.LogLevel@7ff4a13a
      DEBUG = class org.osgi.service.log.LogLevel@abaf773
      TRACE = class org.osgi.service.log.LogLevel@34904b27
      ENUM$VALUES = class org.osgi.service.log.LogLevel[6]
      name = "TRACE"
      ordinal = 5
    ENUM$VALUES = class org.osgi.service.log.LogLevel[6]
      LogLevel[0] = class org.osgi.service.log.LogLevel@45a07595
      LogLevel[1] = class org.osgi.service.log.LogLevel@65bbfaa9
      LogLevel[2] = class org.osgi.service.log.LogLevel@76063b19
      LogLevel[3] = class org.osgi.service.log.LogLevel@7ff4a13a
      LogLevel[4] = class org.osgi.service.log.LogLevel@abaf773
      LogLevel[5] = class org.osgi.service.log.LogLevel@34904b27
    name = "ERROR"
    ordinal = 1
  message = "FrameworkEvent ERROR"
  ref = null
  throwable = class java.io.IOException@47b3ba14
    serialVersionUID = 7818375828146090155
    serialVersionUID = -3387516993124229948
    serialVersionUID = -3042686055658047285
    detailMessage = "Exception in opening zip file: /energy_consumption/sample.daytrader7/daytrader-ee7/target/liberty/wlp/dev/api/spec/com.ibm.websphere.javaee.jstl.1.2_1.0.81.jar"
    UNASSIGNED_STACK = class java.lang.StackTraceElement[0]
    cause = class java.io.FileNotFoundException@11042207
      serialVersionUID = -897856973823710492
      serialVersionUID = 7818375828146090155
      serialVersionUID = -3387516993124229948
      serialVersionUID = -3042686055658047285
      detailMessage = "/energy_consumption/sample.daytrader7/daytrader-ee7/target/liberty/wlp/dev/api/spec/com.ibm.websphere.javaee.jstl.1.2_1.0.81.jar (No such file or directory)"
      UNASSIGNED_STACK = class java.lang.StackTraceElement[0]
      cause = class java.io.FileNotFoundException@11042207
      stackTrace = class java.lang.StackTraceElement[39]
      SUPPRESSED_SENTINEL = class java.util.Collections$UnmodifiableRandomAccessList@59e3e2c5
      suppressedExceptions = class java.util.Collections$UnmodifiableRandomAccessList@59e3e2c5
      NULL_CAUSE_MESSAGE = "Cannot suppress a null exception."
      SELF_SUPPRESSION_MESSAGE = "Self-suppression not permitted"
      CAUSE_CAPTION = "Caused by: "
      SUPPRESSED_CAPTION = "Suppressed: "
      EMPTY_THROWABLE_ARRAY = class java.lang.Throwable[0]
      $assertionsDisabled = true
    stackTrace = class java.lang.StackTraceElement[35]
      StackTraceElement[0] = class java.lang.StackTraceElement@3d74e7b7
      StackTraceElement[1] = class java.lang.StackTraceElement@dfdc09e
      StackTraceElement[2] = class java.lang.StackTraceElement@628d58ce
      StackTraceElement[3] = class java.lang.StackTraceElement@53a009ba
      StackTraceElement[4] = class java.lang.StackTraceElement@49731526
      StackTraceElement[5] = class java.lang.StackTraceElement@2a69c5a6
      StackTraceElement[6] = class java.lang.StackTraceElement@22aaa30d
      StackTraceElement[7] = class java.lang.StackTraceElement@7114833b
      StackTraceElement[8] = class java.lang.StackTraceElement@209f621a
      StackTraceElement[9] = class java.lang.StackTraceElement@44bfc75a
      StackTraceElement[10] = class java.lang.StackTraceElement@33faa60b
      StackTraceElement[11] = class java.lang.StackTraceElement@66a2f614
      StackTraceElement[12] = class java.lang.StackTraceElement@3d76c768
      StackTraceElement[13] = class java.lang.StackTraceElement@7c9528b
      StackTraceElement[14] = class java.lang.StackTraceElement@61e56687
      StackTraceElement[15] = class java.lang.StackTraceElement@10863ef9
      StackTraceElement[16] = class java.lang.StackTraceElement@1b40e606
      StackTraceElement[17] = class java.lang.StackTraceElement@5650b2ef
      StackTraceElement[18] = class java.lang.StackTraceElement@1c4b37fc
      StackTraceElement[19] = class java.lang.StackTraceElement@3d9ba37a
      StackTraceElement[20] = class java.lang.StackTraceElement@21f70219
      StackTraceElement[21] = class java.lang.StackTraceElement@72e30b02
      StackTraceElement[22] = class java.lang.StackTraceElement@37d23675
      StackTraceElement[23] = class java.lang.StackTraceElement@57b2c386
      StackTraceElement[24] = class java.lang.StackTraceElement@4eccf4a3
      StackTraceElement[25] = class java.lang.StackTraceElement@249d5d63
      StackTraceElement[26] = class java.lang.StackTraceElement@25ab61b
      StackTraceElement[27] = class java.lang.StackTraceElement@43b5eb25
      StackTraceElement[28] = class java.lang.StackTraceElement@6af5661c
      StackTraceElement[29] = class java.lang.StackTraceElement@24cd5864
      StackTraceElement[30] = class java.lang.StackTraceElement@73f0d888
      StackTraceElement[31] = class java.lang.StackTraceElement@1ff0e910
      StackTraceElement[32] = class java.lang.StackTraceElement@5ef4a974
      StackTraceElement[33] = class java.lang.StackTraceElement@10b4c4b6
      StackTraceElement[34] = class java.lang.StackTraceElement@65f57ab0
    SUPPRESSED_SENTINEL = class java.util.Collections$UnmodifiableRandomAccessList@59e3e2c5
      serialVersionUID = -2542308836966382001
      serialVersionUID = -283967356065247728
      list = class java.util.ArrayList@5a2665f2
      serialVersionUID = 1820017752578914078
      c = class java.util.ArrayList@5a2665f2
    suppressedExceptions = class java.util.Collections$UnmodifiableRandomAccessList@59e3e2c5
    NULL_CAUSE_MESSAGE = "Cannot suppress a null exception."
    SELF_SUPPRESSION_MESSAGE = "Self-suppression not permitted"
    CAUSE_CAPTION = "Caused by: "
    SUPPRESSED_CAPTION = "Suppressed: "
    EMPTY_THROWABLE_ARRAY = class java.lang.Throwable[0]
    $assertionsDisabled = true
  contextObject = class org.osgi.framework.FrameworkEvent@68eff3e2
    serialVersionUID = 207051004521261705
    bundle = class org.eclipse.osgi.internal.framework.EquinoxBundle@279f9450
    throwable = class java.io.IOException@47b3ba14
    type = 2
    STARTED = 1
    ERROR = 2
    PACKAGES_REFRESHED = 4
    STARTLEVEL_CHANGED = 8
    WARNING = 16
    INFO = 32
    STOPPED = 64
    STOPPED_UPDATE = 128
    STOPPED_BOOTCLASSPATH_MODIFIED = 256
    WAIT_TIMEDOUT = 512
    STOPPED_SYSTEM_REFRESHED = 1024
    serialVersionUID = 5516075349620653480
    source = class org.eclipse.osgi.internal.framework.EquinoxBundle@279f9450
  time = 1749548468965
  threadId = 27
  threadName = "Framework Event Dispatcher: Equinox Container: 56102241-e01b-4758-82fc-1aa4d027e8c3"
  sequenceNumber = 27
  stackTraceElement = null

