------Start of DE processing------ = [6/10/25 11:41:08:986 CEST]
Exception = java.lang.NoClassDefFoundError
Source = com.ibm.ws.messaging.comms.client-1.0.81.cl230920230904-1158
probeid = log
Stack Dump = java.lang.NoClassDefFoundError: com/ibm/ws/logging/internal/osgi/TrOSGiLogForwarder$1
	at com.ibm.ws.logging.internal.osgi.TrOSGiLogForwarder.logged(TrOSGiLogForwarder.java:124)
	at org.eclipse.osgi.internal.log.ExtendedLogReaderServiceFactory.safeLogged(ExtendedLogReaderServiceFactory.java:107)
	at org.eclipse.osgi.internal.log.ExtendedLogReaderServiceFactory.logPrivileged(ExtendedLogReaderServiceFactory.java:250)
	at org.eclipse.osgi.internal.log.ExtendedLogReaderServiceFactory.log(ExtendedLogReaderServiceFactory.java:222)
	at org.eclipse.osgi.internal.log.ExtendedLogServiceFactory.log(ExtendedLogServiceFactory.java:102)
	at org.eclipse.osgi.internal.log.LoggerImpl.log(LoggerImpl.java:297)
	at org.eclipse.osgi.internal.log.LoggerImpl.error(LoggerImpl.java:230)
	at org.eclipse.osgi.internal.log.LoggerImpl.error(LoggerImpl.java:220)
	at org.apache.felix.scr.impl.logger.ScrLogManager$ScrLoggerFacade.log0(ScrLogManager.java:206)
	at org.apache.felix.scr.impl.logger.ScrLogManager$ScrLoggerFacade.log(ScrLogManager.java:154)
	at org.apache.felix.scr.impl.inject.methods.BaseMethod.invoke(BaseMethod.java:535)
	at org.apache.felix.scr.impl.inject.methods.ActivateMethod.invoke(ActivateMethod.java:317)
	at org.apache.felix.scr.impl.inject.methods.ActivateMethod.invoke(ActivateMethod.java:307)
	at org.apache.felix.scr.impl.manager.SingleComponentManager.disposeImplementationObject(SingleComponentManager.java:421)
	at org.apache.felix.scr.impl.manager.SingleComponentManager.deleteComponent(SingleComponentManager.java:165)
	at org.apache.felix.scr.impl.manager.SingleComponentManager.ungetService(SingleComponentManager.java:1043)
	at org.eclipse.osgi.internal.serviceregistry.ServiceFactoryUse$2.run(ServiceFactoryUse.java:271)
	at org.eclipse.osgi.internal.serviceregistry.ServiceFactoryUse$2.run(ServiceFactoryUse.java:1)
	at java.security.AccessController.doPrivileged(Native Method)
	at org.eclipse.osgi.internal.serviceregistry.ServiceFactoryUse.factoryUngetService(ServiceFactoryUse.java:268)
	at org.eclipse.osgi.internal.serviceregistry.ServiceFactoryUse.ungetService(ServiceFactoryUse.java:164)
	at org.eclipse.osgi.internal.serviceregistry.ServiceConsumer$2.ungetService(ServiceConsumer.java:53)
	at org.eclipse.osgi.internal.serviceregistry.ServiceRegistrationImpl.ungetService(ServiceRegistrationImpl.java:663)
	at org.eclipse.osgi.internal.serviceregistry.ServiceRegistry.ungetService(ServiceRegistry.java:621)
	at org.eclipse.osgi.internal.framework.BundleContextImpl.ungetService(BundleContextImpl.java:703)
	at org.apache.felix.scr.impl.manager.SingleRefPair.safeUngetService(SingleRefPair.java:109)
	at org.apache.felix.scr.impl.manager.SingleRefPair.ungetServiceObjects(SingleRefPair.java:74)
	at org.apache.felix.scr.impl.manager.DependencyManager$AbstractCustomizer.ungetService(DependencyManager.java:231)
	at org.apache.felix.scr.impl.manager.DependencyManager$MultipleDynamicCustomizer.close(DependencyManager.java:466)
	at org.apache.felix.scr.impl.manager.DependencyManager.deactivate(DependencyManager.java:1579)
	at org.apache.felix.scr.impl.manager.AbstractComponentManager.deactivateDependencyManagers(AbstractComponentManager.java:1280)
	at org.apache.felix.scr.impl.manager.AbstractComponentManager.doDeactivate(AbstractComponentManager.java:854)
	at org.apache.felix.scr.impl.manager.AbstractComponentManager.deactivateInternal(AbstractComponentManager.java:825)
	at org.apache.felix.scr.impl.manager.AbstractComponentManager.dispose(AbstractComponentManager.java:589)
	at org.apache.felix.scr.impl.manager.ConfigurableComponentHolder.disposeComponents(ConfigurableComponentHolder.java:722)
	at org.apache.felix.scr.impl.BundleComponentActivator.dispose(BundleComponentActivator.java:492)
	at org.apache.felix.scr.impl.Activator.disposeComponents(Activator.java:652)
	at org.apache.felix.scr.impl.Activator.access$300(Activator.java:74)
	at org.apache.felix.scr.impl.Activator$ScrExtension.destroy(Activator.java:490)
	at org.apache.felix.scr.impl.AbstractExtender$1.run(AbstractExtender.java:216)
	at java.util.concurrent.Executors$RunnableAdapter.call(Executors.java:511)
	at java.util.concurrent.FutureTask.run(FutureTask.java:266)
	at org.apache.felix.scr.impl.AbstractExtender.destroyExtension(AbstractExtender.java:238)
	at org.apache.felix.scr.impl.AbstractExtender.bundleChanged(AbstractExtender.java:132)
	at org.apache.felix.scr.impl.Activator.bundleChanged(Activator.java:255)
	at org.eclipse.osgi.internal.framework.BundleContextImpl.dispatchEvent(BundleContextImpl.java:949)
	at org.eclipse.osgi.framework.eventmgr.EventManager.dispatchEvent(EventManager.java:234)
	at org.eclipse.osgi.framework.eventmgr.ListenerQueue.dispatchEventSynchronous(ListenerQueue.java:151)
	at org.eclipse.osgi.internal.framework.EquinoxEventPublisher.publishBundleEventPrivileged(EquinoxEventPublisher.java:229)
	at org.eclipse.osgi.internal.framework.EquinoxEventPublisher.publishBundleEvent(EquinoxEventPublisher.java:138)
	at org.eclipse.osgi.internal.framework.EquinoxEventPublisher.publishBundleEvent(EquinoxEventPublisher.java:130)
	at org.eclipse.osgi.internal.framework.EquinoxContainerAdaptor.publishModuleEvent(EquinoxContainerAdaptor.java:217)
	at org.eclipse.osgi.container.Module.publishEvent(Module.java:499)
	at org.eclipse.osgi.container.Module.doStop(Module.java:658)
	at org.eclipse.osgi.container.Module.stop(Module.java:521)
	at org.eclipse.osgi.container.ModuleContainer$ContainerStartLevel.decStartLevel(ModuleContainer.java:1893)
	at org.eclipse.osgi.container.ModuleContainer$ContainerStartLevel.doContainerStartLevel(ModuleContainer.java:1768)
	at org.eclipse.osgi.container.SystemModule.stopWorker(SystemModule.java:275)
	at org.eclipse.osgi.internal.framework.EquinoxBundle$SystemBundle$EquinoxSystemModule.stopWorker(EquinoxBundle.java:208)
	at org.eclipse.osgi.container.Module.doStop(Module.java:660)
	at org.eclipse.osgi.container.Module.stop(Module.java:521)
	at org.eclipse.osgi.container.SystemModule.stop(SystemModule.java:207)
	at org.eclipse.osgi.internal.framework.EquinoxBundle$SystemBundle$EquinoxSystemModule$1.run(EquinoxBundle.java:226)
	at java.lang.Thread.run(Thread.java:750)

Dump of callerThis
Object type = org.eclipse.osgi.internal.log.ExtendedLogEntryImpl
  nextSequenceNumber = 32
  nextThreadId = 1
  threadIds = null
  loggerName = "com.ibm.ws.sib.jfapchannel.impl.CommsOutboundChain"
  bundle = class org.eclipse.osgi.internal.framework.EquinoxBundle@ff7a10b
    equinoxContainer = class org.eclipse.osgi.internal.framework.EquinoxContainer@7d1b2721
      NAME = "org.eclipse.osgi"
      secureAction = class org.eclipse.osgi.framework.util.SecureAction@7fe974fb
      connectModules = class org.eclipse.osgi.internal.framework.EquinoxContainer$ConnectModules@1fc94885
      equinoxConfig = class org.eclipse.osgi.internal.framework.EquinoxConfiguration@25f9ce49
      logServices = class org.eclipse.osgi.internal.log.EquinoxLogServices@7c5a8ad5
      storage = class org.eclipse.osgi.storage.Storage@48a06709
      bootDelegation = class java.util.HashSet@1df893f8
      bootDelegationStems = class java.lang.String[12]
      bootDelegateAll = false
      isProcessClassRecursionSupportedByAll = false
      eventPublisher = class org.eclipse.osgi.internal.framework.EquinoxEventPublisher@5ebcbdbc
      monitor = class java.lang.Object@15ef114d
      bootLoader = class org.eclipse.osgi.internal.framework.EquinoxContainer$1@4c51275b
      serviceRegistry = class org.eclipse.osgi.internal.serviceregistry.ServiceRegistry@7e171784
      contextFinder = class org.eclipse.osgi.internal.framework.ContextFinder@43ae5e43
      signedContentFactory = class org.osgi.util.tracker.ServiceTracker@457d14a7
      executor = class java.util.concurrent.ScheduledThreadPoolExecutor@2875003c
      storageSaver = class org.eclipse.osgi.internal.framework.StorageSaver@6d5b9196
    module = class org.eclipse.osgi.internal.framework.EquinoxBundle$EquinoxModule@504e7935
      this$0 = class org.eclipse.osgi.internal.framework.EquinoxBundle@ff7a10b
      ACTIVE_SET = class java.util.RegularEnumSet@403f0fee
      RESOLVED_SET = class java.util.RegularEnumSet@216fa70b
      id = 129
      location = "feature@reference:file:/energy_consumption/sample.daytrader7/daytrader-ee7/target/liberty/wlp/lib/com.ibm.ws.messaging.comms.client_1.0.81.jar"
      revisions = class org.eclipse.osgi.container.ModuleRevisions@69899a82
      stateChangeLock = class org.eclipse.osgi.internal.container.EquinoxReentrantLock@60dec5c3
      stateTransitionEvents = class java.util.RegularEnumSet@6a8891fa
      settings = class java.util.RegularEnumSet@329b275d
      inStart = class java.util.concurrent.atomic.AtomicInteger@1763e606
      state = class org.eclipse.osgi.container.Module$State@326719c8
      startlevel = 12
      lastModified = 1749548260981
      VALID_RESOLVED_TRANSITION = class java.util.RegularEnumSet@932c0a9
      VALID_STOPPED_TRANSITION = class java.util.RegularEnumSet@33a7b683
      $SWITCH_TABLE$org$eclipse$osgi$container$ModuleContainerAdaptor$ModuleEvent = {1,2,3,4,5,6,7,8,9,10} /* array length = 10 */
    monitor = class java.lang.Object@7b9daacf
    context = class org.eclipse.osgi.internal.framework.BundleContextImpl@3e2edc0f
      valid = true
      bundle = class org.eclipse.osgi.internal.framework.EquinoxBundle@ff7a10b
      container = class org.eclipse.osgi.internal.framework.EquinoxContainer@7d1b2721
      debug = class org.eclipse.osgi.internal.debug.Debug@11fc814e
      servicesInUse = class java.util.HashMap@46ffa374
      activator = null
      contextLock = class java.lang.Object@30ace858
    signedContent = null
    $SWITCH_TABLE$org$eclipse$osgi$container$Module$State = {1,2,3,4,5,6,7} /* array length = 7 */
  level = 1
  logLevelEnum = class org.osgi.service.log.LogLevel@65bbfaa9
    AUDIT = class org.osgi.service.log.LogLevel@45a07595
      AUDIT = class org.osgi.service.log.LogLevel@45a07595
      ERROR = class org.osgi.service.log.LogLevel@65bbfaa9
      WARN = class org.osgi.service.log.LogLevel@76063b19
      INFO = class org.osgi.service.log.LogLevel@7ff4a13a
      DEBUG = class org.osgi.service.log.LogLevel@abaf773
      TRACE = class org.osgi.service.log.LogLevel@34904b27
      ENUM$VALUES = class org.osgi.service.log.LogLevel[6]
      name = "AUDIT"
      ordinal = 0
    ERROR = class org.osgi.service.log.LogLevel@65bbfaa9
    WARN = class org.osgi.service.log.LogLevel@76063b19
      AUDIT = class org.osgi.service.log.LogLevel@45a07595
      ERROR = class org.osgi.service.log.LogLevel@65bbfaa9
      WARN = class org.osgi.service.log.LogLevel@76063b19
      INFO = class org.osgi.service.log.LogLevel@7ff4a13a
      DEBUG = class org.osgi.service.log.LogLevel@abaf773
      TRACE = class org.osgi.service.log.LogLevel@34904b27
      ENUM$VALUES = class org.osgi.service.log.LogLevel[6]
      name = "WARN"
      ordinal = 2
    INFO = class org.osgi.service.log.LogLevel@7ff4a13a
      AUDIT = class org.osgi.service.log.LogLevel@45a07595
      ERROR = class org.osgi.service.log.LogLevel@65bbfaa9
      WARN = class org.osgi.service.log.LogLevel@76063b19
      INFO = class org.osgi.service.log.LogLevel@7ff4a13a
      DEBUG = class org.osgi.service.log.LogLevel@abaf773
      TRACE = class org.osgi.service.log.LogLevel@34904b27
      ENUM$VALUES = class org.osgi.service.log.LogLevel[6]
      name = "INFO"
      ordinal = 3
    DEBUG = class org.osgi.service.log.LogLevel@abaf773
      AUDIT = class org.osgi.service.log.LogLevel@45a07595
      ERROR = class org.osgi.service.log.LogLevel@65bbfaa9
      WARN = class org.osgi.service.log.LogLevel@76063b19
      INFO = class org.osgi.service.log.LogLevel@7ff4a13a
      DEBUG = class org.osgi.service.log.LogLevel@abaf773
      TRACE = class org.osgi.service.log.LogLevel@34904b27
      ENUM$VALUES = class org.osgi.service.log.LogLevel[6]
      name = "DEBUG"
      ordinal = 4
    TRACE = class org.osgi.service.log.LogLevel@34904b27
      AUDIT = class org.osgi.service.log.LogLevel@45a07595
      ERROR = class org.osgi.service.log.LogLevel@65bbfaa9
      WARN = class org.osgi.service.log.LogLevel@76063b19
      INFO = class org.osgi.service.log.LogLevel@7ff4a13a
      DEBUG = class org.osgi.service.log.LogLevel@abaf773
      TRACE = class org.osgi.service.log.LogLevel@34904b27
      ENUM$VALUES = class org.osgi.service.log.LogLevel[6]
      name = "TRACE"
      ordinal = 5
    ENUM$VALUES = class org.osgi.service.log.LogLevel[6]
      LogLevel[0] = class org.osgi.service.log.LogLevel@45a07595
      LogLevel[1] = class org.osgi.service.log.LogLevel@65bbfaa9
      LogLevel[2] = class org.osgi.service.log.LogLevel@76063b19
      LogLevel[3] = class org.osgi.service.log.LogLevel@7ff4a13a
      LogLevel[4] = class org.osgi.service.log.LogLevel@abaf773
      LogLevel[5] = class org.osgi.service.log.LogLevel@34904b27
    name = "ERROR"
    ordinal = 1
  message = "bundle com.ibm.ws.messaging.comms.client:1.0.81.cl230920230904-1158 (129)[com.ibm.ws.sib.jfapchannel.impl.CommsOutboundChain(421)] : The deactivate method has thrown an exception"
  ref = null
  throwable = class java.lang.NoClassDefFoundError@31d89016
    serialVersionUID = 9095859863287012458
    serialVersionUID = 3579600108157160122
    serialVersionUID = 4980196508277280342
    serialVersionUID = -3042686055658047285
    detailMessage = "com/ibm/ws/sib/jfapchannel/ClientConnectionManager"
    UNASSIGNED_STACK = class java.lang.StackTraceElement[0]
    cause = class java.lang.ClassNotFoundException@63ec1464
      serialVersionUID = 9176873029745254542
      ex = null
      serialVersionUID = 123456789
      serialVersionUID = -3387516993124229948
      serialVersionUID = -3042686055658047285
      detailMessage = "com.ibm.ws.sib.jfapchannel.ClientConnectionManager cannot be found by com.ibm.ws.messaging.comms.client_1.0.81.cl230920230904-1158"
      UNASSIGNED_STACK = class java.lang.StackTraceElement[0]
      cause = null
      stackTrace = class java.lang.StackTraceElement[68]
      SUPPRESSED_SENTINEL = class java.util.Collections$UnmodifiableRandomAccessList@59e3e2c5
      suppressedExceptions = class java.util.Collections$UnmodifiableRandomAccessList@59e3e2c5
      NULL_CAUSE_MESSAGE = "Cannot suppress a null exception."
      SELF_SUPPRESSION_MESSAGE = "Self-suppression not permitted"
      CAUSE_CAPTION = "Caused by: "
      SUPPRESSED_CAPTION = "Suppressed: "
      EMPTY_THROWABLE_ARRAY = class java.lang.Throwable[0]
      $assertionsDisabled = true
    stackTrace = class java.lang.StackTraceElement[63]
      StackTraceElement[0] = class java.lang.StackTraceElement@26f1f750
      StackTraceElement[1] = class java.lang.StackTraceElement@15be9276
      StackTraceElement[2] = class java.lang.StackTraceElement@2ee167b6
      StackTraceElement[3] = class java.lang.StackTraceElement@7958a41a
      StackTraceElement[4] = class java.lang.StackTraceElement@503a9716
      StackTraceElement[5] = class java.lang.StackTraceElement@31769245
      StackTraceElement[6] = class java.lang.StackTraceElement@148f9f0a
      StackTraceElement[7] = class java.lang.StackTraceElement@284b91f5
      StackTraceElement[8] = class java.lang.StackTraceElement@2c4d21cd
      StackTraceElement[9] = class java.lang.StackTraceElement@292c7abb
      StackTraceElement[10] = class java.lang.StackTraceElement@4133d75b
      StackTraceElement[11] = class java.lang.StackTraceElement@350332b1
      StackTraceElement[12] = class java.lang.StackTraceElement@70053e95
      StackTraceElement[13] = class java.lang.StackTraceElement@3a366b8c
      StackTraceElement[14] = class java.lang.StackTraceElement@65e0fa9e
      StackTraceElement[15] = class java.lang.StackTraceElement@495aca29
      StackTraceElement[16] = class java.lang.StackTraceElement@10f2b401
      StackTraceElement[17] = class java.lang.StackTraceElement@1991c798
      StackTraceElement[18] = class java.lang.StackTraceElement@7b47ea3e
      StackTraceElement[19] = class java.lang.StackTraceElement@64536cfd
      StackTraceElement[20] = class java.lang.StackTraceElement@61048eca
      StackTraceElement[21] = class java.lang.StackTraceElement@76be2875
      StackTraceElement[22] = class java.lang.StackTraceElement@32ec2a86
      StackTraceElement[23] = class java.lang.StackTraceElement@4d279ca2
      StackTraceElement[24] = class java.lang.StackTraceElement@8102912
      StackTraceElement[25] = class java.lang.StackTraceElement@f6a45e5
      StackTraceElement[26] = class java.lang.StackTraceElement@5c81e694
      StackTraceElement[27] = class java.lang.StackTraceElement@2db2a32a
      StackTraceElement[28] = class java.lang.StackTraceElement@24e35737
      StackTraceElement[29] = class java.lang.StackTraceElement@79fb6b23
      StackTraceElement[30] = class java.lang.StackTraceElement@2a1d87ce
      StackTraceElement[31] = class java.lang.StackTraceElement@128eca54
      StackTraceElement[32] = class java.lang.StackTraceElement@2c6a6ddd
      StackTraceElement[33] = class java.lang.StackTraceElement@eeab900
      StackTraceElement[34] = class java.lang.StackTraceElement@488f6ce4
      StackTraceElement[35] = class java.lang.StackTraceElement@2cb7d3cb
      StackTraceElement[36] = class java.lang.StackTraceElement@53cc4705
      StackTraceElement[37] = class java.lang.StackTraceElement@8b5c6c5
      StackTraceElement[38] = class java.lang.StackTraceElement@3b6e737b
      StackTraceElement[39] = class java.lang.StackTraceElement@2955c656
      StackTraceElement[40] = class java.lang.StackTraceElement@18104816
      StackTraceElement[41] = class java.lang.StackTraceElement@3eb5263f
      StackTraceElement[42] = class java.lang.StackTraceElement@76887f39
      StackTraceElement[43] = class java.lang.StackTraceElement@71e870c8
      StackTraceElement[44] = class java.lang.StackTraceElement@6b22c61b
      StackTraceElement[45] = class java.lang.StackTraceElement@7c31919e
      StackTraceElement[46] = class java.lang.StackTraceElement@49f54896
      StackTraceElement[47] = class java.lang.StackTraceElement@7b291f50
      StackTraceElement[48] = class java.lang.StackTraceElement@6460c30
      StackTraceElement[49] = class java.lang.StackTraceElement@768bc007
      StackTraceElement[50] = class java.lang.StackTraceElement@15d997b8
      StackTraceElement[51] = class java.lang.StackTraceElement@26b9d9cc
      StackTraceElement[52] = class java.lang.StackTraceElement@102866a7
      StackTraceElement[53] = class java.lang.StackTraceElement@380b175d
      StackTraceElement[54] = class java.lang.StackTraceElement@61b633b3
      StackTraceElement[55] = class java.lang.StackTraceElement@9a9f1f0
      StackTraceElement[56] = class java.lang.StackTraceElement@5ae7b33c
      StackTraceElement[57] = class java.lang.StackTraceElement@3ab6f6c2
      StackTraceElement[58] = class java.lang.StackTraceElement@6a4d618c
      StackTraceElement[59] = class java.lang.StackTraceElement@2c2d3b44
      StackTraceElement[60] = class java.lang.StackTraceElement@4b3413ae
      StackTraceElement[61] = class java.lang.StackTraceElement@4639fcec
      StackTraceElement[62] = class java.lang.StackTraceElement@4779b4a6
    SUPPRESSED_SENTINEL = class java.util.Collections$UnmodifiableRandomAccessList@59e3e2c5
      serialVersionUID = -2542308836966382001
      serialVersionUID = -283967356065247728
      list = class java.util.ArrayList@5a2665f2
      serialVersionUID = 1820017752578914078
      c = class java.util.ArrayList@5a2665f2
    suppressedExceptions = class java.util.Collections$UnmodifiableRandomAccessList@59e3e2c5
    NULL_CAUSE_MESSAGE = "Cannot suppress a null exception."
    SELF_SUPPRESSION_MESSAGE = "Self-suppression not permitted"
    CAUSE_CAPTION = "Caused by: "
    SUPPRESSED_CAPTION = "Suppressed: "
    EMPTY_THROWABLE_ARRAY = class java.lang.Throwable[0]
    $assertionsDisabled = true
  contextObject = null
  time = 1749548468985
  threadId = 571
  threadName = "Framework stop - Equinox Container: 56102241-e01b-4758-82fc-1aa4d027e8c3"
  sequenceNumber = 30
  stackTraceElement = null

