------Start of DE processing------ = [6/10/25 11:41:09:141 CEST]
Exception = java.lang.NoClassDefFoundError
Source = com.ibm.ws.ejbcontainer.remote-1.0.81.cl230920230904-1158
probeid = log
Stack Dump = java.lang.NoClassDefFoundError: com/ibm/ws/logging/internal/osgi/TrOSGiLogForwarder$1
	at com.ibm.ws.logging.internal.osgi.TrOSGiLogForwarder.logged(TrOSGiLogForwarder.java:124)
	at org.eclipse.osgi.internal.log.ExtendedLogReaderServiceFactory.safeLogged(ExtendedLogReaderServiceFactory.java:107)
	at org.eclipse.osgi.internal.log.ExtendedLogReaderServiceFactory.logPrivileged(ExtendedLogReaderServiceFactory.java:250)
	at org.eclipse.osgi.internal.log.ExtendedLogReaderServiceFactory.log(ExtendedLogReaderServiceFactory.java:222)
	at org.eclipse.osgi.internal.log.ExtendedLogServiceFactory.log(ExtendedLogServiceFactory.java:102)
	at org.eclipse.osgi.internal.log.LoggerImpl.log(LoggerImpl.java:88)
	at org.eclipse.osgi.internal.log.LogServiceManager.frameworkEvent(LogServiceManager.java:185)
	at org.eclipse.osgi.internal.framework.BundleContextImpl.dispatchEvent(BundleContextImpl.java:973)
	at org.eclipse.osgi.framework.eventmgr.EventManager.dispatchEvent(EventManager.java:234)
	at org.eclipse.osgi.framework.eventmgr.EventManager$EventThread.run(EventManager.java:345)

Dump of callerThis
Object type = org.eclipse.osgi.internal.log.ExtendedLogEntryImpl
  nextSequenceNumber = 62
  nextThreadId = 1
  threadIds = null
  loggerName = "Events.Framework.com.ibm.ws.ejbcontainer.remote"
  bundle = class org.eclipse.osgi.internal.framework.EquinoxBundle@7c3a5969
    equinoxContainer = class org.eclipse.osgi.internal.framework.EquinoxContainer@7d1b2721
      NAME = "org.eclipse.osgi"
      secureAction = class org.eclipse.osgi.framework.util.SecureAction@7fe974fb
      connectModules = class org.eclipse.osgi.internal.framework.EquinoxContainer$ConnectModules@1fc94885
      equinoxConfig = class org.eclipse.osgi.internal.framework.EquinoxConfiguration@25f9ce49
      logServices = class org.eclipse.osgi.internal.log.EquinoxLogServices@7c5a8ad5
      storage = class org.eclipse.osgi.storage.Storage@48a06709
      bootDelegation = class java.util.HashSet@1df893f8
      bootDelegationStems = class java.lang.String[12]
      bootDelegateAll = false
      isProcessClassRecursionSupportedByAll = false
      eventPublisher = class org.eclipse.osgi.internal.framework.EquinoxEventPublisher@5ebcbdbc
      monitor = class java.lang.Object@15ef114d
      bootLoader = class org.eclipse.osgi.internal.framework.EquinoxContainer$1@4c51275b
      serviceRegistry = class org.eclipse.osgi.internal.serviceregistry.ServiceRegistry@7e171784
      contextFinder = class org.eclipse.osgi.internal.framework.ContextFinder@43ae5e43
      signedContentFactory = class org.osgi.util.tracker.ServiceTracker@457d14a7
      executor = class java.util.concurrent.ScheduledThreadPoolExecutor@2875003c
      storageSaver = class org.eclipse.osgi.internal.framework.StorageSaver@6d5b9196
    module = class org.eclipse.osgi.internal.framework.EquinoxBundle$EquinoxModule@7dd76df9
      this$0 = class org.eclipse.osgi.internal.framework.EquinoxBundle@7c3a5969
      ACTIVE_SET = class java.util.RegularEnumSet@403f0fee
      RESOLVED_SET = class java.util.RegularEnumSet@216fa70b
      id = 166
      location = "feature@reference:file:/energy_consumption/sample.daytrader7/daytrader-ee7/target/liberty/wlp/lib/com.ibm.ws.ejbcontainer.remote_1.0.81.jar"
      revisions = class org.eclipse.osgi.container.ModuleRevisions@3f8555a1
      stateChangeLock = class org.eclipse.osgi.internal.container.EquinoxReentrantLock@17511995
      stateTransitionEvents = class java.util.RegularEnumSet@200b9883
      settings = class java.util.RegularEnumSet@49f79aff
      inStart = class java.util.concurrent.atomic.AtomicInteger@5c4af63d
      state = class org.eclipse.osgi.container.Module$State@9b231b0
      startlevel = 12
      lastModified = 1749548261023
      VALID_RESOLVED_TRANSITION = class java.util.RegularEnumSet@932c0a9
      VALID_STOPPED_TRANSITION = class java.util.RegularEnumSet@33a7b683
      $SWITCH_TABLE$org$eclipse$osgi$container$ModuleContainerAdaptor$ModuleEvent = {1,2,3,4,5,6,7,8,9,10} /* array length = 10 */
    monitor = class java.lang.Object@7819fe92
    context = null
    signedContent = null
    $SWITCH_TABLE$org$eclipse$osgi$container$Module$State = {1,2,3,4,5,6,7} /* array length = 7 */
  level = 1
  logLevelEnum = class org.osgi.service.log.LogLevel@65bbfaa9
    AUDIT = class org.osgi.service.log.LogLevel@45a07595
      AUDIT = class org.osgi.service.log.LogLevel@45a07595
      ERROR = class org.osgi.service.log.LogLevel@65bbfaa9
      WARN = class org.osgi.service.log.LogLevel@76063b19
      INFO = class org.osgi.service.log.LogLevel@7ff4a13a
      DEBUG = class org.osgi.service.log.LogLevel@abaf773
      TRACE = class org.osgi.service.log.LogLevel@34904b27
      ENUM$VALUES = class org.osgi.service.log.LogLevel[6]
      name = "AUDIT"
      ordinal = 0
    ERROR = class org.osgi.service.log.LogLevel@65bbfaa9
    WARN = class org.osgi.service.log.LogLevel@76063b19
      AUDIT = class org.osgi.service.log.LogLevel@45a07595
      ERROR = class org.osgi.service.log.LogLevel@65bbfaa9
      WARN = class org.osgi.service.log.LogLevel@76063b19
      INFO = class org.osgi.service.log.LogLevel@7ff4a13a
      DEBUG = class org.osgi.service.log.LogLevel@abaf773
      TRACE = class org.osgi.service.log.LogLevel@34904b27
      ENUM$VALUES = class org.osgi.service.log.LogLevel[6]
      name = "WARN"
      ordinal = 2
    INFO = class org.osgi.service.log.LogLevel@7ff4a13a
      AUDIT = class org.osgi.service.log.LogLevel@45a07595
      ERROR = class org.osgi.service.log.LogLevel@65bbfaa9
      WARN = class org.osgi.service.log.LogLevel@76063b19
      INFO = class org.osgi.service.log.LogLevel@7ff4a13a
      DEBUG = class org.osgi.service.log.LogLevel@abaf773
      TRACE = class org.osgi.service.log.LogLevel@34904b27
      ENUM$VALUES = class org.osgi.service.log.LogLevel[6]
      name = "INFO"
      ordinal = 3
    DEBUG = class org.osgi.service.log.LogLevel@abaf773
      AUDIT = class org.osgi.service.log.LogLevel@45a07595
      ERROR = class org.osgi.service.log.LogLevel@65bbfaa9
      WARN = class org.osgi.service.log.LogLevel@76063b19
      INFO = class org.osgi.service.log.LogLevel@7ff4a13a
      DEBUG = class org.osgi.service.log.LogLevel@abaf773
      TRACE = class org.osgi.service.log.LogLevel@34904b27
      ENUM$VALUES = class org.osgi.service.log.LogLevel[6]
      name = "DEBUG"
      ordinal = 4
    TRACE = class org.osgi.service.log.LogLevel@34904b27
      AUDIT = class org.osgi.service.log.LogLevel@45a07595
      ERROR = class org.osgi.service.log.LogLevel@65bbfaa9
      WARN = class org.osgi.service.log.LogLevel@76063b19
      INFO = class org.osgi.service.log.LogLevel@7ff4a13a
      DEBUG = class org.osgi.service.log.LogLevel@abaf773
      TRACE = class org.osgi.service.log.LogLevel@34904b27
      ENUM$VALUES = class org.osgi.service.log.LogLevel[6]
      name = "TRACE"
      ordinal = 5
    ENUM$VALUES = class org.osgi.service.log.LogLevel[6]
      LogLevel[0] = class org.osgi.service.log.LogLevel@45a07595
      LogLevel[1] = class org.osgi.service.log.LogLevel@65bbfaa9
      LogLevel[2] = class org.osgi.service.log.LogLevel@76063b19
      LogLevel[3] = class org.osgi.service.log.LogLevel@7ff4a13a
      LogLevel[4] = class org.osgi.service.log.LogLevel@abaf773
      LogLevel[5] = class org.osgi.service.log.LogLevel@34904b27
    name = "ERROR"
    ordinal = 1
  message = "FrameworkEvent ERROR"
  ref = null
  throwable = class java.io.IOException@782859a1
    serialVersionUID = 7818375828146090155
    serialVersionUID = -3387516993124229948
    serialVersionUID = -3042686055658047285
    detailMessage = "Exception in opening zip file: /energy_consumption/sample.daytrader7/daytrader-ee7/target/liberty/wlp/lib/com.ibm.ws.ejbcontainer.remote_1.0.81.jar"
    UNASSIGNED_STACK = class java.lang.StackTraceElement[0]
    cause = class java.io.FileNotFoundException@30c31f73
      serialVersionUID = -897856973823710492
      serialVersionUID = 7818375828146090155
      serialVersionUID = -3387516993124229948
      serialVersionUID = -3042686055658047285
      detailMessage = "/energy_consumption/sample.daytrader7/daytrader-ee7/target/liberty/wlp/lib/com.ibm.ws.ejbcontainer.remote_1.0.81.jar (No such file or directory)"
      UNASSIGNED_STACK = class java.lang.StackTraceElement[0]
      cause = class java.io.FileNotFoundException@30c31f73
      stackTrace = class java.lang.StackTraceElement[39]
      SUPPRESSED_SENTINEL = class java.util.Collections$UnmodifiableRandomAccessList@59e3e2c5
      suppressedExceptions = class java.util.Collections$UnmodifiableRandomAccessList@59e3e2c5
      NULL_CAUSE_MESSAGE = "Cannot suppress a null exception."
      SELF_SUPPRESSION_MESSAGE = "Self-suppression not permitted"
      CAUSE_CAPTION = "Caused by: "
      SUPPRESSED_CAPTION = "Suppressed: "
      EMPTY_THROWABLE_ARRAY = class java.lang.Throwable[0]
      $assertionsDisabled = true
    stackTrace = class java.lang.StackTraceElement[35]
      StackTraceElement[0] = class java.lang.StackTraceElement@3f7b86fa
      StackTraceElement[1] = class java.lang.StackTraceElement@4a2ec388
      StackTraceElement[2] = class java.lang.StackTraceElement@41de2fee
      StackTraceElement[3] = class java.lang.StackTraceElement@449fb214
      StackTraceElement[4] = class java.lang.StackTraceElement@2730b02b
      StackTraceElement[5] = class java.lang.StackTraceElement@1b3e05c6
      StackTraceElement[6] = class java.lang.StackTraceElement@2b2ff810
      StackTraceElement[7] = class java.lang.StackTraceElement@1219f073
      StackTraceElement[8] = class java.lang.StackTraceElement@300abbf3
      StackTraceElement[9] = class java.lang.StackTraceElement@5bf19801
      StackTraceElement[10] = class java.lang.StackTraceElement@fca1417
      StackTraceElement[11] = class java.lang.StackTraceElement@520de7f5
      StackTraceElement[12] = class java.lang.StackTraceElement@37bd1b64
      StackTraceElement[13] = class java.lang.StackTraceElement@60dbbc02
      StackTraceElement[14] = class java.lang.StackTraceElement@3fee76a2
      StackTraceElement[15] = class java.lang.StackTraceElement@2e10ce5
      StackTraceElement[16] = class java.lang.StackTraceElement@5d5851e6
      StackTraceElement[17] = class java.lang.StackTraceElement@60dedde3
      StackTraceElement[18] = class java.lang.StackTraceElement@2cc9ec3c
      StackTraceElement[19] = class java.lang.StackTraceElement@26454b64
      StackTraceElement[20] = class java.lang.StackTraceElement@398df92b
      StackTraceElement[21] = class java.lang.StackTraceElement@2f2a0a3c
      StackTraceElement[22] = class java.lang.StackTraceElement@4ce1bbe9
      StackTraceElement[23] = class java.lang.StackTraceElement@40f3d77a
      StackTraceElement[24] = class java.lang.StackTraceElement@16e12aee
      StackTraceElement[25] = class java.lang.StackTraceElement@6965a9e4
      StackTraceElement[26] = class java.lang.StackTraceElement@289a69d2
      StackTraceElement[27] = class java.lang.StackTraceElement@768c33bc
      StackTraceElement[28] = class java.lang.StackTraceElement@69a5c1d9
      StackTraceElement[29] = class java.lang.StackTraceElement@2dcb6f80
      StackTraceElement[30] = class java.lang.StackTraceElement@56644712
      StackTraceElement[31] = class java.lang.StackTraceElement@41e28fb1
      StackTraceElement[32] = class java.lang.StackTraceElement@60e355d
      StackTraceElement[33] = class java.lang.StackTraceElement@70cffd73
      StackTraceElement[34] = class java.lang.StackTraceElement@4e768af
    SUPPRESSED_SENTINEL = class java.util.Collections$UnmodifiableRandomAccessList@59e3e2c5
      serialVersionUID = -2542308836966382001
      serialVersionUID = -283967356065247728
      list = class java.util.ArrayList@5a2665f2
      serialVersionUID = 1820017752578914078
      c = class java.util.ArrayList@5a2665f2
    suppressedExceptions = class java.util.Collections$UnmodifiableRandomAccessList@59e3e2c5
    NULL_CAUSE_MESSAGE = "Cannot suppress a null exception."
    SELF_SUPPRESSION_MESSAGE = "Self-suppression not permitted"
    CAUSE_CAPTION = "Caused by: "
    SUPPRESSED_CAPTION = "Suppressed: "
    EMPTY_THROWABLE_ARRAY = class java.lang.Throwable[0]
    $assertionsDisabled = true
  contextObject = class org.osgi.framework.FrameworkEvent@31833fe3
    serialVersionUID = 207051004521261705
    bundle = class org.eclipse.osgi.internal.framework.EquinoxBundle@7c3a5969
    throwable = class java.io.IOException@782859a1
    type = 2
    STARTED = 1
    ERROR = 2
    PACKAGES_REFRESHED = 4
    STARTLEVEL_CHANGED = 8
    WARNING = 16
    INFO = 32
    STOPPED = 64
    STOPPED_UPDATE = 128
    STOPPED_BOOTCLASSPATH_MODIFIED = 256
    WAIT_TIMEDOUT = 512
    STOPPED_SYSTEM_REFRESHED = 1024
    serialVersionUID = 5516075349620653480
    source = class org.eclipse.osgi.internal.framework.EquinoxBundle@7c3a5969
  time = 1749548469140
  threadId = 27
  threadName = "Framework Event Dispatcher: Equinox Container: 56102241-e01b-4758-82fc-1aa4d027e8c3"
  sequenceNumber = 61
  stackTraceElement = null

