------Start of DE processing------ = [6/10/25 11:41:08:198 CEST]
Exception = java.lang.NoClassDefFoundError
Source = com.ibm.ws.app.manager.war-1.0.81.cl230920230904-1158
probeid = log
Stack Dump = java.lang.NoClassDefFoundError: com/ibm/ws/logging/internal/osgi/TrOSGiLogForwarder$1
	at com.ibm.ws.logging.internal.osgi.TrOSGiLogForwarder.logged(TrOSGiLogForwarder.java:124)
	at org.eclipse.osgi.internal.log.ExtendedLogReaderServiceFactory.safeLogged(ExtendedLogReaderServiceFactory.java:107)
	at org.eclipse.osgi.internal.log.ExtendedLogReaderServiceFactory.logPrivileged(ExtendedLogReaderServiceFactory.java:250)
	at org.eclipse.osgi.internal.log.ExtendedLogReaderServiceFactory.log(ExtendedLogReaderServiceFactory.java:222)
	at org.eclipse.osgi.internal.log.ExtendedLogServiceFactory.log(ExtendedLogServiceFactory.java:102)
	at org.eclipse.osgi.internal.log.LoggerImpl.log(LoggerImpl.java:88)
	at org.eclipse.osgi.internal.log.LogServiceManager.frameworkEvent(LogServiceManager.java:185)
	at org.eclipse.osgi.internal.framework.BundleContextImpl.dispatchEvent(BundleContextImpl.java:973)
	at org.eclipse.osgi.framework.eventmgr.EventManager.dispatchEvent(EventManager.java:234)
	at org.eclipse.osgi.framework.eventmgr.EventManager$EventThread.run(EventManager.java:345)

Dump of callerThis
Object type = org.eclipse.osgi.internal.log.ExtendedLogEntryImpl
  nextSequenceNumber = 11
  nextThreadId = 1
  threadIds = null
  loggerName = "Events.Framework.com.ibm.ws.app.manager.war"
  bundle = class org.eclipse.osgi.internal.framework.EquinoxBundle@7608d6fb
    equinoxContainer = class org.eclipse.osgi.internal.framework.EquinoxContainer@7d1b2721
      NAME = "org.eclipse.osgi"
      secureAction = class org.eclipse.osgi.framework.util.SecureAction@7fe974fb
      connectModules = class org.eclipse.osgi.internal.framework.EquinoxContainer$ConnectModules@1fc94885
      equinoxConfig = class org.eclipse.osgi.internal.framework.EquinoxConfiguration@25f9ce49
      logServices = class org.eclipse.osgi.internal.log.EquinoxLogServices@7c5a8ad5
      storage = class org.eclipse.osgi.storage.Storage@48a06709
      bootDelegation = class java.util.HashSet@1df893f8
      bootDelegationStems = class java.lang.String[12]
      bootDelegateAll = false
      isProcessClassRecursionSupportedByAll = false
      eventPublisher = class org.eclipse.osgi.internal.framework.EquinoxEventPublisher@5ebcbdbc
      monitor = class java.lang.Object@15ef114d
      bootLoader = class org.eclipse.osgi.internal.framework.EquinoxContainer$1@4c51275b
      serviceRegistry = class org.eclipse.osgi.internal.serviceregistry.ServiceRegistry@7e171784
      contextFinder = class org.eclipse.osgi.internal.framework.ContextFinder@43ae5e43
      signedContentFactory = class org.osgi.util.tracker.ServiceTracker@457d14a7
      executor = class java.util.concurrent.ScheduledThreadPoolExecutor@2875003c
      storageSaver = class org.eclipse.osgi.internal.framework.StorageSaver@6d5b9196
    module = class org.eclipse.osgi.internal.framework.EquinoxBundle$EquinoxModule@bab36f9
      this$0 = class org.eclipse.osgi.internal.framework.EquinoxBundle@7608d6fb
      ACTIVE_SET = class java.util.RegularEnumSet@403f0fee
      RESOLVED_SET = class java.util.RegularEnumSet@216fa70b
      id = 63
      location = "feature@reference:file:/energy_consumption/sample.daytrader7/daytrader-ee7/target/liberty/wlp/lib/com.ibm.ws.app.manager.war_1.0.81.jar"
      revisions = class org.eclipse.osgi.container.ModuleRevisions@28b536e7
      stateChangeLock = class org.eclipse.osgi.internal.container.EquinoxReentrantLock@393ccdd4
      stateTransitionEvents = class java.util.RegularEnumSet@37ae55d6
      settings = class java.util.RegularEnumSet@7edfd029
      inStart = class java.util.concurrent.atomic.AtomicInteger@7fdcd31b
      state = class org.eclipse.osgi.container.Module$State@326719c8
      startlevel = 12
      lastModified = 1749548260912
      VALID_RESOLVED_TRANSITION = class java.util.RegularEnumSet@932c0a9
      VALID_STOPPED_TRANSITION = class java.util.RegularEnumSet@33a7b683
      $SWITCH_TABLE$org$eclipse$osgi$container$ModuleContainerAdaptor$ModuleEvent = {1,2,3,4,5,6,7,8,9,10} /* array length = 10 */
    monitor = class java.lang.Object@7cf940e9
    context = class org.eclipse.osgi.internal.framework.BundleContextImpl@1f05fb48
      valid = true
      bundle = class org.eclipse.osgi.internal.framework.EquinoxBundle@7608d6fb
      container = class org.eclipse.osgi.internal.framework.EquinoxContainer@7d1b2721
      debug = class org.eclipse.osgi.internal.debug.Debug@11fc814e
      servicesInUse = class java.util.HashMap@49a2f306
      activator = null
      contextLock = class java.lang.Object@62d18a82
    signedContent = null
    $SWITCH_TABLE$org$eclipse$osgi$container$Module$State = {1,2,3,4,5,6,7} /* array length = 7 */
  level = 1
  logLevelEnum = class org.osgi.service.log.LogLevel@65bbfaa9
    AUDIT = class org.osgi.service.log.LogLevel@45a07595
      AUDIT = class org.osgi.service.log.LogLevel@45a07595
      ERROR = class org.osgi.service.log.LogLevel@65bbfaa9
      WARN = class org.osgi.service.log.LogLevel@76063b19
      INFO = class org.osgi.service.log.LogLevel@7ff4a13a
      DEBUG = class org.osgi.service.log.LogLevel@abaf773
      TRACE = class org.osgi.service.log.LogLevel@34904b27
      ENUM$VALUES = class org.osgi.service.log.LogLevel[6]
      name = "AUDIT"
      ordinal = 0
    ERROR = class org.osgi.service.log.LogLevel@65bbfaa9
    WARN = class org.osgi.service.log.LogLevel@76063b19
      AUDIT = class org.osgi.service.log.LogLevel@45a07595
      ERROR = class org.osgi.service.log.LogLevel@65bbfaa9
      WARN = class org.osgi.service.log.LogLevel@76063b19
      INFO = class org.osgi.service.log.LogLevel@7ff4a13a
      DEBUG = class org.osgi.service.log.LogLevel@abaf773
      TRACE = class org.osgi.service.log.LogLevel@34904b27
      ENUM$VALUES = class org.osgi.service.log.LogLevel[6]
      name = "WARN"
      ordinal = 2
    INFO = class org.osgi.service.log.LogLevel@7ff4a13a
      AUDIT = class org.osgi.service.log.LogLevel@45a07595
      ERROR = class org.osgi.service.log.LogLevel@65bbfaa9
      WARN = class org.osgi.service.log.LogLevel@76063b19
      INFO = class org.osgi.service.log.LogLevel@7ff4a13a
      DEBUG = class org.osgi.service.log.LogLevel@abaf773
      TRACE = class org.osgi.service.log.LogLevel@34904b27
      ENUM$VALUES = class org.osgi.service.log.LogLevel[6]
      name = "INFO"
      ordinal = 3
    DEBUG = class org.osgi.service.log.LogLevel@abaf773
      AUDIT = class org.osgi.service.log.LogLevel@45a07595
      ERROR = class org.osgi.service.log.LogLevel@65bbfaa9
      WARN = class org.osgi.service.log.LogLevel@76063b19
      INFO = class org.osgi.service.log.LogLevel@7ff4a13a
      DEBUG = class org.osgi.service.log.LogLevel@abaf773
      TRACE = class org.osgi.service.log.LogLevel@34904b27
      ENUM$VALUES = class org.osgi.service.log.LogLevel[6]
      name = "DEBUG"
      ordinal = 4
    TRACE = class org.osgi.service.log.LogLevel@34904b27
      AUDIT = class org.osgi.service.log.LogLevel@45a07595
      ERROR = class org.osgi.service.log.LogLevel@65bbfaa9
      WARN = class org.osgi.service.log.LogLevel@76063b19
      INFO = class org.osgi.service.log.LogLevel@7ff4a13a
      DEBUG = class org.osgi.service.log.LogLevel@abaf773
      TRACE = class org.osgi.service.log.LogLevel@34904b27
      ENUM$VALUES = class org.osgi.service.log.LogLevel[6]
      name = "TRACE"
      ordinal = 5
    ENUM$VALUES = class org.osgi.service.log.LogLevel[6]
      LogLevel[0] = class org.osgi.service.log.LogLevel@45a07595
      LogLevel[1] = class org.osgi.service.log.LogLevel@65bbfaa9
      LogLevel[2] = class org.osgi.service.log.LogLevel@76063b19
      LogLevel[3] = class org.osgi.service.log.LogLevel@7ff4a13a
      LogLevel[4] = class org.osgi.service.log.LogLevel@abaf773
      LogLevel[5] = class org.osgi.service.log.LogLevel@34904b27
    name = "ERROR"
    ordinal = 1
  message = "FrameworkEvent ERROR"
  ref = null
  throwable = class java.io.IOException@1c1d2602
    serialVersionUID = 7818375828146090155
    serialVersionUID = -3387516993124229948
    serialVersionUID = -3042686055658047285
    detailMessage = "Exception in opening zip file: /energy_consumption/sample.daytrader7/daytrader-ee7/target/liberty/wlp/lib/com.ibm.ws.app.manager.war_1.0.81.jar"
    UNASSIGNED_STACK = class java.lang.StackTraceElement[0]
    cause = class java.io.FileNotFoundException@6312bb43
      serialVersionUID = -897856973823710492
      serialVersionUID = 7818375828146090155
      serialVersionUID = -3387516993124229948
      serialVersionUID = -3042686055658047285
      detailMessage = "/energy_consumption/sample.daytrader7/daytrader-ee7/target/liberty/wlp/lib/com.ibm.ws.app.manager.war_1.0.81.jar (No such file or directory)"
      UNASSIGNED_STACK = class java.lang.StackTraceElement[0]
      cause = class java.io.FileNotFoundException@6312bb43
      stackTrace = class java.lang.StackTraceElement[48]
      SUPPRESSED_SENTINEL = class java.util.Collections$UnmodifiableRandomAccessList@59e3e2c5
      suppressedExceptions = class java.util.Collections$UnmodifiableRandomAccessList@59e3e2c5
      NULL_CAUSE_MESSAGE = "Cannot suppress a null exception."
      SELF_SUPPRESSION_MESSAGE = "Self-suppression not permitted"
      CAUSE_CAPTION = "Caused by: "
      SUPPRESSED_CAPTION = "Suppressed: "
      EMPTY_THROWABLE_ARRAY = class java.lang.Throwable[0]
      $assertionsDisabled = true
    stackTrace = class java.lang.StackTraceElement[44]
      StackTraceElement[0] = class java.lang.StackTraceElement@54997039
      StackTraceElement[1] = class java.lang.StackTraceElement@4e4d60d1
      StackTraceElement[2] = class java.lang.StackTraceElement@10a990dd
      StackTraceElement[3] = class java.lang.StackTraceElement@7ec29dd0
      StackTraceElement[4] = class java.lang.StackTraceElement@61c53289
      StackTraceElement[5] = class java.lang.StackTraceElement@44ab9d88
      StackTraceElement[6] = class java.lang.StackTraceElement@1858c2b8
      StackTraceElement[7] = class java.lang.StackTraceElement@721ee07e
      StackTraceElement[8] = class java.lang.StackTraceElement@3a07d5ce
      StackTraceElement[9] = class java.lang.StackTraceElement@225858db
      StackTraceElement[10] = class java.lang.StackTraceElement@7c4b032a
      StackTraceElement[11] = class java.lang.StackTraceElement@795311cd
      StackTraceElement[12] = class java.lang.StackTraceElement@7d7e028c
      StackTraceElement[13] = class java.lang.StackTraceElement@1d801378
      StackTraceElement[14] = class java.lang.StackTraceElement@397611b1
      StackTraceElement[15] = class java.lang.StackTraceElement@58caa22b
      StackTraceElement[16] = class java.lang.StackTraceElement@552db1dc
      StackTraceElement[17] = class java.lang.StackTraceElement@482b73d2
      StackTraceElement[18] = class java.lang.StackTraceElement@41d918ff
      StackTraceElement[19] = class java.lang.StackTraceElement@4c8f3115
      StackTraceElement[20] = class java.lang.StackTraceElement@7414da09
      StackTraceElement[21] = class java.lang.StackTraceElement@67b292ba
      StackTraceElement[22] = class java.lang.StackTraceElement@6e257053
      StackTraceElement[23] = class java.lang.StackTraceElement@5b97e31b
      StackTraceElement[24] = class java.lang.StackTraceElement@901aef2
      StackTraceElement[25] = class java.lang.StackTraceElement@7a55da2a
      StackTraceElement[26] = class java.lang.StackTraceElement@3fb78adb
      StackTraceElement[27] = class java.lang.StackTraceElement@5b5c290d
      StackTraceElement[28] = class java.lang.StackTraceElement@5fae7aaa
      StackTraceElement[29] = class java.lang.StackTraceElement@b7e7fff
      StackTraceElement[30] = class java.lang.StackTraceElement@89ccd19
      StackTraceElement[31] = class java.lang.StackTraceElement@32b29946
      StackTraceElement[32] = class java.lang.StackTraceElement@1ee5ce90
      StackTraceElement[33] = class java.lang.StackTraceElement@669ccb34
      StackTraceElement[34] = class java.lang.StackTraceElement@88626fb
      StackTraceElement[35] = class java.lang.StackTraceElement@2e58f604
      StackTraceElement[36] = class java.lang.StackTraceElement@1ef93c11
      StackTraceElement[37] = class java.lang.StackTraceElement@1e3c8191
      StackTraceElement[38] = class java.lang.StackTraceElement@27b4dd53
      StackTraceElement[39] = class java.lang.StackTraceElement@4e35f777
      StackTraceElement[40] = class java.lang.StackTraceElement@197b4314
      StackTraceElement[41] = class java.lang.StackTraceElement@633169a3
      StackTraceElement[42] = class java.lang.StackTraceElement@626e6ed3
      StackTraceElement[43] = class java.lang.StackTraceElement@381b3a6
    SUPPRESSED_SENTINEL = class java.util.Collections$UnmodifiableRandomAccessList@59e3e2c5
      serialVersionUID = -2542308836966382001
      serialVersionUID = -283967356065247728
      list = class java.util.ArrayList@5a2665f2
      serialVersionUID = 1820017752578914078
      c = class java.util.ArrayList@5a2665f2
    suppressedExceptions = class java.util.Collections$UnmodifiableRandomAccessList@59e3e2c5
    NULL_CAUSE_MESSAGE = "Cannot suppress a null exception."
    SELF_SUPPRESSION_MESSAGE = "Self-suppression not permitted"
    CAUSE_CAPTION = "Caused by: "
    SUPPRESSED_CAPTION = "Suppressed: "
    EMPTY_THROWABLE_ARRAY = class java.lang.Throwable[0]
    $assertionsDisabled = true
  contextObject = class org.osgi.framework.FrameworkEvent@6c18f808
    serialVersionUID = 207051004521261705
    bundle = class org.eclipse.osgi.internal.framework.EquinoxBundle@7608d6fb
    throwable = class java.io.IOException@1c1d2602
    type = 2
    STARTED = 1
    ERROR = 2
    PACKAGES_REFRESHED = 4
    STARTLEVEL_CHANGED = 8
    WARNING = 16
    INFO = 32
    STOPPED = 64
    STOPPED_UPDATE = 128
    STOPPED_BOOTCLASSPATH_MODIFIED = 256
    WAIT_TIMEDOUT = 512
    STOPPED_SYSTEM_REFRESHED = 1024
    serialVersionUID = 5516075349620653480
    source = class org.eclipse.osgi.internal.framework.EquinoxBundle@7608d6fb
  time = 1749548468195
  threadId = 27
  threadName = "Framework Event Dispatcher: Equinox Container: 56102241-e01b-4758-82fc-1aa4d027e8c3"
  sequenceNumber = 10
  stackTraceElement = null

